info: ::ffff:127.0.0.1 - - [09/Apr/2022:05:19:53 +0000] "POST /api/v1/emps/ HTTP/1.1" 201 101 "-" "Thunder Client (https://www.thunderclient.com)"

info: ::ffff:127.0.0.1 - - [09/Apr/2022:05:25:16 +0000] "POST /api/v1/emps/ HTTP/1.1" 201 101 "-" "Thunder Client (https://www.thunderclient.com)"

info: ::ffff:127.0.0.1 - - [09/Apr/2022:05:51:52 +0000] "POST /api/v1/emps/ HTTP/1.1" 201 101 "-" "Thunder Client (https://www.thunderclient.com)"

info: ::ffff:127.0.0.1 - - [09/Apr/2022:05:52:57 +0000] "PUT /api/v1/emps/62511ef885396436d66b8bc7 HTTP/1.1" 202 380 "-" "Thunder Client (https://www.thunderclient.com)"

info: ::ffff:127.0.0.1 - - [09/Apr/2022:07:58:39 +0000] "POST /api/v1/emps/ HTTP/1.1" 201 101 "-" "Thunder Client (https://www.thunderclient.com)"

info: ::ffff:127.0.0.1 - - [09/Apr/2022:08:00:28 +0000] "PUT /api/v1/emps/62513caf489a96382300b3db HTTP/1.1" 202 413 "-" "Thunder Client (https://www.thunderclient.com)"

info: ::ffff:127.0.0.1 - - [09/Apr/2022:08:01:17 +0000] "PUT /api/v1/emps/delete/62513caf489a96382300b3db HTTP/1.1" 200 382 "-" "Thunder Client (https://www.thunderclient.com)"

info: ::1 - - [09/Apr/2022:08:03:51 +0000] "GET /api/v1/emps/ HTTP/1.1" 200 924 "http://localhost:4200/" "Mozilla/5.0 (Windows NT 10.0; Win64; x64) AppleWebKit/537.36 (KHTML, like Gecko) Chrome/100.0.4896.60 Safari/537.36 Edg/100.0.1185.29"

info: ::ffff:127.0.0.1 - - [09/Apr/2022:08:06:01 +0000] "PUT /api/v1/emps/62513caf489a96382300b3db HTTP/1.1" 202 381 "-" "Thunder Client (https://www.thunderclient.com)"

info: ::ffff:127.0.0.1 - - [09/Apr/2022:08:06:28 +0000] "PUT /api/v1/emps/delete/62513caf489a96382300b3db HTTP/1.1" 500 54 "-" "Thunder Client (https://www.thunderclient.com)"

info: ::ffff:127.0.0.1 - - [09/Apr/2022:08:09:35 +0000] "PUT /api/v1/emps/delete/62513caf489a96382300b3db HTTP/1.1" 200 153 "-" "Thunder Client (https://www.thunderclient.com)"

info: ::ffff:127.0.0.1 - - [09/Apr/2022:08:11:23 +0000] "POST /api/v1/emps/ HTTP/1.1" 201 101 "-" "Thunder Client (https://www.thunderclient.com)"

info: ::ffff:127.0.0.1 - - [09/Apr/2022:08:11:55 +0000] "PUT /api/v1/emps/delete/62513fab312505445d56f5da HTTP/1.1" 200 153 "-" "Thunder Client (https://www.thunderclient.com)"

info: ::1 - - [09/Apr/2022:08:12:21 +0000] "GET /api/v1/emps/ HTTP/1.1" 200 1224 "http://localhost:4200/" "Mozilla/5.0 (Windows NT 10.0; Win64; x64) AppleWebKit/537.36 (KHTML, like Gecko) Chrome/100.0.4896.60 Safari/537.36 Edg/100.0.1185.29"

info: ::1 - - [09/Apr/2022:08:12:39 +0000] "DELETE /api/v1/emps/62513fab312505445d56f5da HTTP/1.1" 404 47 "http://localhost:4200/" "Mozilla/5.0 (Windows NT 10.0; Win64; x64) AppleWebKit/537.36 (KHTML, like Gecko) Chrome/100.0.4896.60 Safari/537.36 Edg/100.0.1185.29"

info: ::1 - - [09/Apr/2022:08:14:46 +0000] "GET /api/v1/emps/ HTTP/1.1" 304 - "http://localhost:4200/" "Mozilla/5.0 (Windows NT 10.0; Win64; x64) AppleWebKit/537.36 (KHTML, like Gecko) Chrome/100.0.4896.60 Safari/537.36 Edg/100.0.1185.29"

info: ::1 - - [09/Apr/2022:08:14:53 +0000] "GET /api/v1/dept/ HTTP/1.1" 304 - "http://localhost:4200/" "Mozilla/5.0 (Windows NT 10.0; Win64; x64) AppleWebKit/537.36 (KHTML, like Gecko) Chrome/100.0.4896.60 Safari/537.36 Edg/100.0.1185.29"

info: ::1 - - [09/Apr/2022:08:14:54 +0000] "GET /api/v1/role/ HTTP/1.1" 304 - "http://localhost:4200/" "Mozilla/5.0 (Windows NT 10.0; Win64; x64) AppleWebKit/537.36 (KHTML, like Gecko) Chrome/100.0.4896.60 Safari/537.36 Edg/100.0.1185.29"

info: ::1 - - [09/Apr/2022:08:14:55 +0000] "GET /api/v1/emps/ HTTP/1.1" 304 - "http://localhost:4200/" "Mozilla/5.0 (Windows NT 10.0; Win64; x64) AppleWebKit/537.36 (KHTML, like Gecko) Chrome/100.0.4896.60 Safari/537.36 Edg/100.0.1185.29"

info: ::1 - - [09/Apr/2022:08:15:44 +0000] "GET /api/v1/emps/ HTTP/1.1" 304 - "http://localhost:4200/" "Mozilla/5.0 (Windows NT 10.0; Win64; x64) AppleWebKit/537.36 (KHTML, like Gecko) Chrome/100.0.4896.60 Safari/537.36 Edg/100.0.1185.29"

info: ::1 - - [09/Apr/2022:08:18:02 +0000] "GET /api/v1/emps/ HTTP/1.1" 304 - "http://localhost:4200/" "Mozilla/5.0 (Windows NT 10.0; Win64; x64) AppleWebKit/537.36 (KHTML, like Gecko) Chrome/100.0.4896.60 Safari/537.36 Edg/100.0.1185.29"

info: ::1 - - [09/Apr/2022:08:18:55 +0000] "GET /api/v1/emps/ HTTP/1.1" 304 - "http://localhost:4200/" "Mozilla/5.0 (Windows NT 10.0; Win64; x64) AppleWebKit/537.36 (KHTML, like Gecko) Chrome/100.0.4896.60 Safari/537.36 Edg/100.0.1185.29"

info: ::1 - - [09/Apr/2022:08:19:16 +0000] "GET /api/v1/emps/ HTTP/1.1" 304 - "http://localhost:4200/" "Mozilla/5.0 (Windows NT 10.0; Win64; x64) AppleWebKit/537.36 (KHTML, like Gecko) Chrome/100.0.4896.60 Safari/537.36 Edg/100.0.1185.29"

info: ::1 - - [09/Apr/2022:08:19:46 +0000] "POST /api/v1/emps/ HTTP/1.1" 201 101 "http://localhost:4200/" "Mozilla/5.0 (Windows NT 10.0; Win64; x64) AppleWebKit/537.36 (KHTML, like Gecko) Chrome/100.0.4896.60 Safari/537.36 Edg/100.0.1185.29"

info: ::1 - - [09/Apr/2022:08:19:48 +0000] "GET /api/v1/emps/ HTTP/1.1" 200 1509 "http://localhost:4200/" "Mozilla/5.0 (Windows NT 10.0; Win64; x64) AppleWebKit/537.36 (KHTML, like Gecko) Chrome/100.0.4896.60 Safari/537.36 Edg/100.0.1185.29"

info: ::1 - - [09/Apr/2022:08:20:22 +0000] "GET /api/v1/emps/ HTTP/1.1" 304 - "http://localhost:4200/" "Mozilla/5.0 (Windows NT 10.0; Win64; x64) AppleWebKit/537.36 (KHTML, like Gecko) Chrome/100.0.4896.60 Safari/537.36 Edg/100.0.1185.29"

info: ::1 - - [09/Apr/2022:08:20:43 +0000] "POST /api/v1/emps/ HTTP/1.1" 422 312 "http://localhost:4200/" "Mozilla/5.0 (Windows NT 10.0; Win64; x64) AppleWebKit/537.36 (KHTML, like Gecko) Chrome/100.0.4896.60 Safari/537.36 Edg/100.0.1185.29"

info: ::1 - - [09/Apr/2022:08:20:54 +0000] "POST /api/v1/emps/ HTTP/1.1" 201 101 "http://localhost:4200/" "Mozilla/5.0 (Windows NT 10.0; Win64; x64) AppleWebKit/537.36 (KHTML, like Gecko) Chrome/100.0.4896.60 Safari/537.36 Edg/100.0.1185.29"

info: ::1 - - [09/Apr/2022:08:20:59 +0000] "GET /api/v1/emps/ HTTP/1.1" 200 1794 "http://localhost:4200/" "Mozilla/5.0 (Windows NT 10.0; Win64; x64) AppleWebKit/537.36 (KHTML, like Gecko) Chrome/100.0.4896.60 Safari/537.36 Edg/100.0.1185.29"

info: ::1 - - [09/Apr/2022:08:21:04 +0000] "DELETE /api/v1/emps/625141e6312505445d56f5dc HTTP/1.1" 404 47 "http://localhost:4200/" "Mozilla/5.0 (Windows NT 10.0; Win64; x64) AppleWebKit/537.36 (KHTML, like Gecko) Chrome/100.0.4896.60 Safari/537.36 Edg/100.0.1185.29"

info: ::1 - - [09/Apr/2022:08:21:58 +0000] "GET /api/v1/emps/ HTTP/1.1" 304 - "http://localhost:4200/" "Mozilla/5.0 (Windows NT 10.0; Win64; x64) AppleWebKit/537.36 (KHTML, like Gecko) Chrome/100.0.4896.60 Safari/537.36 Edg/100.0.1185.29"

info: ::1 - - [09/Apr/2022:08:22:36 +0000] "GET /api/v1/emps/ HTTP/1.1" 304 - "http://localhost:4200/" "Mozilla/5.0 (Windows NT 10.0; Win64; x64) AppleWebKit/537.36 (KHTML, like Gecko) Chrome/100.0.4896.60 Safari/537.36 Edg/100.0.1185.29"

info: ::1 - - [09/Apr/2022:08:23:11 +0000] "GET /api/v1/emps/ HTTP/1.1" 304 - "http://localhost:4200/" "Mozilla/5.0 (Windows NT 10.0; Win64; x64) AppleWebKit/537.36 (KHTML, like Gecko) Chrome/100.0.4896.60 Safari/537.36 Edg/100.0.1185.29"

info: ::1 - - [09/Apr/2022:08:23:47 +0000] "GET /api/v1/emps/ HTTP/1.1" 304 - "http://localhost:4200/" "Mozilla/5.0 (Windows NT 10.0; Win64; x64) AppleWebKit/537.36 (KHTML, like Gecko) Chrome/100.0.4896.60 Safari/537.36 Edg/100.0.1185.29"

info: ::1 - - [09/Apr/2022:08:24:21 +0000] "GET /api/v1/emps/ HTTP/1.1" 304 - "http://localhost:4200/" "Mozilla/5.0 (Windows NT 10.0; Win64; x64) AppleWebKit/537.36 (KHTML, like Gecko) Chrome/100.0.4896.60 Safari/537.36 Edg/100.0.1185.29"

info: ::1 - - [09/Apr/2022:08:26:00 +0000] "GET /api/v1/emps/ HTTP/1.1" 304 - "http://localhost:4200/" "Mozilla/5.0 (Windows NT 10.0; Win64; x64) AppleWebKit/537.36 (KHTML, like Gecko) Chrome/100.0.4896.60 Safari/537.36 Edg/100.0.1185.29"

info: ::1 - - [09/Apr/2022:08:26:36 +0000] "GET /api/v1/emps/ HTTP/1.1" 304 - "http://localhost:4200/" "Mozilla/5.0 (Windows NT 10.0; Win64; x64) AppleWebKit/537.36 (KHTML, like Gecko) Chrome/100.0.4896.60 Safari/537.36 Edg/100.0.1185.29"

info: ::1 - - [09/Apr/2022:08:26:56 +0000] "PUT /api/v1/emps/62513caf489a96382300b3db HTTP/1.1" 202 395 "http://localhost:4200/" "Mozilla/5.0 (Windows NT 10.0; Win64; x64) AppleWebKit/537.36 (KHTML, like Gecko) Chrome/100.0.4896.60 Safari/537.36 Edg/100.0.1185.29"

info: ::1 - - [09/Apr/2022:08:27:01 +0000] "GET /api/v1/emps/ HTTP/1.1" 200 1796 "http://localhost:4200/" "Mozilla/5.0 (Windows NT 10.0; Win64; x64) AppleWebKit/537.36 (KHTML, like Gecko) Chrome/100.0.4896.60 Safari/537.36 Edg/100.0.1185.29"

info: ::1 - - [09/Apr/2022:08:27:33 +0000] "GET /api/v1/emps/ HTTP/1.1" 304 - "http://localhost:4200/" "Mozilla/5.0 (Windows NT 10.0; Win64; x64) AppleWebKit/537.36 (KHTML, like Gecko) Chrome/100.0.4896.60 Safari/537.36 Edg/100.0.1185.29"

info: ::1 - - [09/Apr/2022:08:31:40 +0000] "GET /api/v1/role/ HTTP/1.1" 304 - "http://localhost:4200/" "Mozilla/5.0 (Windows NT 10.0; Win64; x64) AppleWebKit/537.36 (KHTML, like Gecko) Chrome/100.0.4896.60 Safari/537.36 Edg/100.0.1185.29"

info: ::1 - - [09/Apr/2022:08:31:42 +0000] "GET /api/v1/dept/ HTTP/1.1" 304 - "http://localhost:4200/" "Mozilla/5.0 (Windows NT 10.0; Win64; x64) AppleWebKit/537.36 (KHTML, like Gecko) Chrome/100.0.4896.60 Safari/537.36 Edg/100.0.1185.29"

info: ::1 - - [09/Apr/2022:08:31:44 +0000] "GET /api/v1/role/ HTTP/1.1" 304 - "http://localhost:4200/" "Mozilla/5.0 (Windows NT 10.0; Win64; x64) AppleWebKit/537.36 (KHTML, like Gecko) Chrome/100.0.4896.60 Safari/537.36 Edg/100.0.1185.29"

info: ::1 - - [09/Apr/2022:08:31:44 +0000] "GET /api/v1/emps/ HTTP/1.1" 304 - "http://localhost:4200/" "Mozilla/5.0 (Windows NT 10.0; Win64; x64) AppleWebKit/537.36 (KHTML, like Gecko) Chrome/100.0.4896.60 Safari/537.36 Edg/100.0.1185.29"

info: ::1 - - [09/Apr/2022:08:31:59 +0000] "PUT /api/v1/emps/62511ef885396436d66b8bc7 HTTP/1.1" 202 363 "http://localhost:4200/" "Mozilla/5.0 (Windows NT 10.0; Win64; x64) AppleWebKit/537.36 (KHTML, like Gecko) Chrome/100.0.4896.60 Safari/537.36 Edg/100.0.1185.29"

info: ::1 - - [09/Apr/2022:08:36:24 +0000] "POST /api/v1/emps/login HTTP/1.1" 500 67 "http://localhost:4200/" "Mozilla/5.0 (Windows NT 10.0; Win64; x64) AppleWebKit/537.36 (KHTML, like Gecko) Chrome/100.0.4896.60 Safari/537.36 Edg/100.0.1185.29"

info: ::1 - - [09/Apr/2022:08:36:37 +0000] "POST /api/v1/emps/login HTTP/1.1" 200 358 "http://localhost:4200/" "Mozilla/5.0 (Windows NT 10.0; Win64; x64) AppleWebKit/537.36 (KHTML, like Gecko) Chrome/100.0.4896.60 Safari/537.36 Edg/100.0.1185.29"

info: ::ffff:127.0.0.1 - - [09/Apr/2022:08:40:31 +0000] "POST /api/v1/emps/ HTTP/1.1" 201 101 "-" "Thunder Client (https://www.thunderclient.com)"

info: ::ffff:127.0.0.1 - - [09/Apr/2022:08:42:20 +0000] "POST /api/v1/emps/ HTTP/1.1" 201 101 "-" "Thunder Client (https://www.thunderclient.com)"

info: ::1 - - [09/Apr/2022:08:43:14 +0000] "POST /api/v1/emps/login HTTP/1.1" 500 22 "http://localhost:4200/" "Mozilla/5.0 (Windows NT 10.0; Win64; x64) AppleWebKit/537.36 (KHTML, like Gecko) Chrome/100.0.4896.60 Safari/537.36 Edg/100.0.1185.29"

info: ::1 - - [09/Apr/2022:08:43:15 +0000] "POST /api/v1/emps/login HTTP/1.1" 500 22 "http://localhost:4200/" "Mozilla/5.0 (Windows NT 10.0; Win64; x64) AppleWebKit/537.36 (KHTML, like Gecko) Chrome/100.0.4896.60 Safari/537.36 Edg/100.0.1185.29"

info: ::ffff:127.0.0.1 - - [09/Apr/2022:08:46:31 +0000] "POST /api/v1/emps/ HTTP/1.1" 201 101 "-" "Thunder Client (https://www.thunderclient.com)"

info: ::1 - - [09/Apr/2022:08:46:37 +0000] "POST /api/v1/emps/login HTTP/1.1" 500 22 "http://localhost:4200/" "Mozilla/5.0 (Windows NT 10.0; Win64; x64) AppleWebKit/537.36 (KHTML, like Gecko) Chrome/100.0.4896.60 Safari/537.36 Edg/100.0.1185.29"

info: ::1 - - [09/Apr/2022:08:52:01 +0000] "POST /api/v1/emps/login HTTP/1.1" 500 22 "http://localhost:4200/" "Mozilla/5.0 (Windows NT 10.0; Win64; x64) AppleWebKit/537.36 (KHTML, like Gecko) Chrome/100.0.4896.60 Safari/537.36 Edg/100.0.1185.29"

info: ::1 - - [09/Apr/2022:08:52:40 +0000] "POST /api/v1/emps/login HTTP/1.1" 500 22 "http://localhost:4200/" "Mozilla/5.0 (Windows NT 10.0; Win64; x64) AppleWebKit/537.36 (KHTML, like Gecko) Chrome/100.0.4896.60 Safari/537.36 Edg/100.0.1185.29"

info: ::1 - - [09/Apr/2022:08:53:29 +0000] "POST /api/v1/emps/login HTTP/1.1" 200 358 "http://localhost:4200/" "Mozilla/5.0 (Windows NT 10.0; Win64; x64) AppleWebKit/537.36 (KHTML, like Gecko) Chrome/100.0.4896.60 Safari/537.36 Edg/100.0.1185.29"

info: ::1 - - [09/Apr/2022:08:54:54 +0000] "POST /api/v1/emps/login HTTP/1.1" 200 358 "http://localhost:4200/" "Mozilla/5.0 (Windows NT 10.0; Win64; x64) AppleWebKit/537.36 (KHTML, like Gecko) Chrome/100.0.4896.60 Safari/537.36 Edg/100.0.1185.29"

info: ::ffff:127.0.0.1 - - [09/Apr/2022:08:55:31 +0000] "POST /api/v1/emps/login HTTP/1.1" 200 358 "-" "Thunder Client (https://www.thunderclient.com)"

info: ::ffff:127.0.0.1 - - [09/Apr/2022:08:55:48 +0000] "POST /api/v1/emps/login HTTP/1.1" 500 22 "-" "Thunder Client (https://www.thunderclient.com)"

info: ::ffff:127.0.0.1 - - [09/Apr/2022:08:56:16 +0000] "POST /api/v1/emps/login HTTP/1.1" 200 425 "-" "Thunder Client (https://www.thunderclient.com)"

info: ::1 - - [09/Apr/2022:08:56:33 +0000] "POST /api/v1/emps/login HTTP/1.1" 200 425 "http://localhost:4200/" "Mozilla/5.0 (Windows NT 10.0; Win64; x64) AppleWebKit/537.36 (KHTML, like Gecko) Chrome/100.0.4896.60 Safari/537.36 Edg/100.0.1185.29"

info: ::1 - - [09/Apr/2022:09:28:39 +0000] "GET /api/v1/emps/ HTTP/1.1" 200 898 "http://localhost:4200/" "Mozilla/5.0 (Windows NT 10.0; Win64; x64) AppleWebKit/537.36 (KHTML, like Gecko) Chrome/100.0.4896.60 Safari/537.36 Edg/100.0.1185.29"

info: ::1 - - [09/Apr/2022:09:36:51 +0000] "GET /api/v1/emps/ HTTP/1.1" 304 - "http://localhost:4200/" "Mozilla/5.0 (Windows NT 10.0; Win64; x64) AppleWebKit/537.36 (KHTML, like Gecko) Chrome/100.0.4896.60 Safari/537.36 Edg/100.0.1185.29"

info: ::1 - - [09/Apr/2022:09:57:07 +0000] "GET /api/v1/emps/ HTTP/1.1" 304 - "http://localhost:4200/" "Mozilla/5.0 (Windows NT 10.0; Win64; x64) AppleWebKit/537.36 (KHTML, like Gecko) Chrome/100.0.4896.60 Safari/537.36 Edg/100.0.1185.29"

info: ::1 - - [09/Apr/2022:09:57:10 +0000] "GET /api/v1/emps/ HTTP/1.1" 304 - "http://localhost:4200/" "Mozilla/5.0 (Windows NT 10.0; Win64; x64) AppleWebKit/537.36 (KHTML, like Gecko) Chrome/100.0.4896.60 Safari/537.36 Edg/100.0.1185.29"

info: ::1 - - [09/Apr/2022:09:58:18 +0000] "GET /api/v1/emps/ HTTP/1.1" 304 - "http://localhost:4200/" "Mozilla/5.0 (Windows NT 10.0; Win64; x64) AppleWebKit/537.36 (KHTML, like Gecko) Chrome/100.0.4896.60 Safari/537.36 Edg/100.0.1185.29"

info: ::1 - - [09/Apr/2022:10:32:44 +0000] "POST /api/v1/emps/login HTTP/1.1" 200 358 "http://localhost:4200/" "Mozilla/5.0 (Windows NT 10.0; Win64; x64) AppleWebKit/537.36 (KHTML, like Gecko) Chrome/100.0.4896.60 Safari/537.36 Edg/100.0.1185.29"

info: ::1 - - [09/Apr/2022:10:34:59 +0000] "POST /api/v1/emps/login HTTP/1.1" 200 425 "http://localhost:4200/" "Mozilla/5.0 (Windows NT 10.0; Win64; x64) AppleWebKit/537.36 (KHTML, like Gecko) Chrome/100.0.4896.60 Safari/537.36 Edg/100.0.1185.29"

info: ::1 - - [09/Apr/2022:10:39:58 +0000] "POST /api/v1/emps/login HTTP/1.1" 200 425 "http://localhost:4200/" "Mozilla/5.0 (Windows NT 10.0; Win64; x64) AppleWebKit/537.36 (KHTML, like Gecko) Chrome/100.0.4896.60 Safari/537.36 Edg/100.0.1185.29"

info: ::1 - - [09/Apr/2022:10:41:13 +0000] "POST /api/v1/emps/login HTTP/1.1" 200 358 "http://localhost:4200/" "Mozilla/5.0 (Windows NT 10.0; Win64; x64) AppleWebKit/537.36 (KHTML, like Gecko) Chrome/100.0.4896.60 Safari/537.36 Edg/100.0.1185.29"

info: ::1 - - [09/Apr/2022:10:45:06 +0000] "POST /api/v1/emps/login HTTP/1.1" 200 358 "http://localhost:4200/" "Mozilla/5.0 (Windows NT 10.0; Win64; x64) AppleWebKit/537.36 (KHTML, like Gecko) Chrome/100.0.4896.60 Safari/537.36 Edg/100.0.1185.29"

info: ::1 - - [09/Apr/2022:10:45:49 +0000] "POST /api/v1/emps/login HTTP/1.1" 200 358 "http://localhost:4200/" "Mozilla/5.0 (Windows NT 10.0; Win64; x64) AppleWebKit/537.36 (KHTML, like Gecko) Chrome/100.0.4896.60 Safari/537.36 Edg/100.0.1185.29"

info: ::1 - - [09/Apr/2022:10:46:18 +0000] "POST /api/v1/emps/login HTTP/1.1" 200 358 "http://localhost:4200/" "Mozilla/5.0 (Windows NT 10.0; Win64; x64) AppleWebKit/537.36 (KHTML, like Gecko) Chrome/100.0.4896.60 Safari/537.36 Edg/100.0.1185.29"

info: ::1 - - [09/Apr/2022:10:46:55 +0000] "POST /api/v1/emps/login HTTP/1.1" 200 358 "http://localhost:4200/" "Mozilla/5.0 (Windows NT 10.0; Win64; x64) AppleWebKit/537.36 (KHTML, like Gecko) Chrome/100.0.4896.60 Safari/537.36 Edg/100.0.1185.29"

info: ::1 - - [09/Apr/2022:10:48:35 +0000] "POST /api/v1/emps/login HTTP/1.1" 200 358 "http://localhost:4200/" "Mozilla/5.0 (Windows NT 10.0; Win64; x64) AppleWebKit/537.36 (KHTML, like Gecko) Chrome/100.0.4896.60 Safari/537.36 Edg/100.0.1185.29"

info: ::ffff:127.0.0.1 - - [09/Apr/2022:10:55:19 +0000] "POST /api/v1/emps/ HTTP/1.1" 500 85 "-" "Thunder Client (https://www.thunderclient.com)"

info: ::ffff:127.0.0.1 - - [09/Apr/2022:10:56:05 +0000] "POST /api/v1/dept HTTP/1.1" 201 101 "-" "Thunder Client (https://www.thunderclient.com)"

info: ::ffff:127.0.0.1 - - [09/Apr/2022:10:56:19 +0000] "POST /api/v1/role/ HTTP/1.1" 201 101 "-" "Thunder Client (https://www.thunderclient.com)"

info: ::ffff:127.0.0.1 - - [09/Apr/2022:10:56:25 +0000] "POST /api/v1/emps/ HTTP/1.1" 201 101 "-" "Thunder Client (https://www.thunderclient.com)"

info: ::1 - - [09/Apr/2022:10:57:23 +0000] "POST /api/v1/emps/login HTTP/1.1" 200 418 "http://localhost:4200/" "Mozilla/5.0 (Windows NT 10.0; Win64; x64) AppleWebKit/537.36 (KHTML, like Gecko) Chrome/100.0.4896.60 Safari/537.36 Edg/100.0.1185.29"

info: ::1 - - [09/Apr/2022:10:57:57 +0000] "POST /api/v1/emps/login HTTP/1.1" 200 418 "http://localhost:4200/" "Mozilla/5.0 (Windows NT 10.0; Win64; x64) AppleWebKit/537.36 (KHTML, like Gecko) Chrome/100.0.4896.60 Safari/537.36 Edg/100.0.1185.29"

info: ::1 - - [09/Apr/2022:10:58:37 +0000] "POST /api/v1/emps/login HTTP/1.1" 200 418 "http://localhost:4200/" "Mozilla/5.0 (Windows NT 10.0; Win64; x64) AppleWebKit/537.36 (KHTML, like Gecko) Chrome/100.0.4896.60 Safari/537.36 Edg/100.0.1185.29"

info: ::1 - - [09/Apr/2022:10:58:42 +0000] "GET /api/v1/emps/ HTTP/1.1" 200 1247 "http://localhost:4200/" "Mozilla/5.0 (Windows NT 10.0; Win64; x64) AppleWebKit/537.36 (KHTML, like Gecko) Chrome/100.0.4896.60 Safari/537.36 Edg/100.0.1185.29"

info: ::1 - - [09/Apr/2022:11:36:35 +0000] "GET /api/v1/emps/ HTTP/1.1" 304 - "http://localhost:4200/" "Mozilla/5.0 (Windows NT 10.0; Win64; x64) AppleWebKit/537.36 (KHTML, like Gecko) Chrome/100.0.4896.60 Safari/537.36 Edg/100.0.1185.29"

info: ::1 - - [09/Apr/2022:11:36:46 +0000] "POST /api/v1/emps/login HTTP/1.1" 200 418 "http://localhost:4200/" "Mozilla/5.0 (Windows NT 10.0; Win64; x64) AppleWebKit/537.36 (KHTML, like Gecko) Chrome/100.0.4896.60 Safari/537.36 Edg/100.0.1185.29"

info: ::1 - - [09/Apr/2022:11:38:47 +0000] "POST /api/v1/emps/login HTTP/1.1" 200 418 "http://localhost:4200/" "Mozilla/5.0 (Windows NT 10.0; Win64; x64) AppleWebKit/537.36 (KHTML, like Gecko) Chrome/100.0.4896.60 Safari/537.36 Edg/100.0.1185.29"

info: ::1 - - [09/Apr/2022:11:48:05 +0000] "POST /api/v1/emps/login HTTP/1.1" 200 418 "http://localhost:4200/" "Mozilla/5.0 (Windows NT 10.0; Win64; x64) AppleWebKit/537.36 (KHTML, like Gecko) Chrome/100.0.4896.60 Safari/537.36 Edg/100.0.1185.29"

info: ::1 - - [09/Apr/2022:11:48:33 +0000] "POST /api/v1/emps/login HTTP/1.1" 200 418 "http://localhost:4200/" "Mozilla/5.0 (Windows NT 10.0; Win64; x64) AppleWebKit/537.36 (KHTML, like Gecko) Chrome/100.0.4896.60 Safari/537.36 Edg/100.0.1185.29"

info: ::1 - - [09/Apr/2022:11:48:42 +0000] "POST /api/v1/emps/login HTTP/1.1" 200 418 "http://localhost:4200/" "Mozilla/5.0 (Windows NT 10.0; Win64; x64) AppleWebKit/537.36 (KHTML, like Gecko) Chrome/100.0.4896.60 Safari/537.36 Edg/100.0.1185.29"

info: ::1 - - [09/Apr/2022:11:48:43 +0000] "POST /api/v1/emps/login HTTP/1.1" 200 418 "http://localhost:4200/" "Mozilla/5.0 (Windows NT 10.0; Win64; x64) AppleWebKit/537.36 (KHTML, like Gecko) Chrome/100.0.4896.60 Safari/537.36 Edg/100.0.1185.29"

info: ::1 - - [09/Apr/2022:11:50:54 +0000] "POST /api/v1/emps/login HTTP/1.1" 200 418 "http://localhost:4200/" "Mozilla/5.0 (Windows NT 10.0; Win64; x64) AppleWebKit/537.36 (KHTML, like Gecko) Chrome/100.0.4896.60 Safari/537.36 Edg/100.0.1185.29"

info: ::1 - - [09/Apr/2022:11:51:02 +0000] "POST /api/v1/emps/login HTTP/1.1" 200 418 "http://localhost:4200/" "Mozilla/5.0 (Windows NT 10.0; Win64; x64) AppleWebKit/537.36 (KHTML, like Gecko) Chrome/100.0.4896.60 Safari/537.36 Edg/100.0.1185.29"

info: ::1 - - [09/Apr/2022:11:54:39 +0000] "POST /api/v1/emps/login HTTP/1.1" 200 418 "http://localhost:4200/" "Mozilla/5.0 (Windows NT 10.0; Win64; x64) AppleWebKit/537.36 (KHTML, like Gecko) Chrome/100.0.4896.60 Safari/537.36 Edg/100.0.1185.29"

info: ::1 - - [09/Apr/2022:11:55:44 +0000] "POST /api/v1/emps/login HTTP/1.1" 200 418 "http://localhost:4200/" "Mozilla/5.0 (Windows NT 10.0; Win64; x64) AppleWebKit/537.36 (KHTML, like Gecko) Chrome/100.0.4896.60 Safari/537.36 Edg/100.0.1185.29"

info: ::1 - - [09/Apr/2022:12:16:23 +0000] "POST /api/v1/emps/login HTTP/1.1" 200 418 "http://localhost:4200/" "Mozilla/5.0 (Windows NT 10.0; Win64; x64) AppleWebKit/537.36 (KHTML, like Gecko) Chrome/100.0.4896.60 Safari/537.36 Edg/100.0.1185.29"

info: ::1 - - [09/Apr/2022:12:41:41 +0000] "POST /api/v1/emps/login HTTP/1.1" 200 418 "http://localhost:4200/" "Mozilla/5.0 (Windows NT 10.0; Win64; x64) AppleWebKit/537.36 (KHTML, like Gecko) Chrome/100.0.4896.60 Safari/537.36 Edg/100.0.1185.29"

info: ::1 - - [09/Apr/2022:13:12:34 +0000] "POST /api/v1/emps/login HTTP/1.1" 200 418 "http://localhost:4200/" "Mozilla/5.0 (Windows NT 10.0; Win64; x64) AppleWebKit/537.36 (KHTML, like Gecko) Chrome/100.0.4896.60 Safari/537.36 Edg/100.0.1185.29"

info: ::1 - - [09/Apr/2022:13:15:27 +0000] "POST /api/v1/emps/login HTTP/1.1" 200 418 "http://localhost:4200/" "Mozilla/5.0 (Windows NT 10.0; Win64; x64) AppleWebKit/537.36 (KHTML, like Gecko) Chrome/100.0.4896.60 Safari/537.36 Edg/100.0.1185.29"

info: ::1 - - [09/Apr/2022:13:33:59 +0000] "POST /api/v1/emps/login HTTP/1.1" 200 418 "http://localhost:4200/" "Mozilla/5.0 (Windows NT 10.0; Win64; x64) AppleWebKit/537.36 (KHTML, like Gecko) Chrome/100.0.4896.60 Safari/537.36 Edg/100.0.1185.29"

info: ::1 - - [09/Apr/2022:14:16:47 +0000] "POST /api/v1/emps/login HTTP/1.1" 200 418 "http://localhost:4200/" "Mozilla/5.0 (Windows NT 10.0; Win64; x64) AppleWebKit/537.36 (KHTML, like Gecko) Chrome/100.0.4896.60 Safari/537.36 Edg/100.0.1185.29"

info: ::1 - - [09/Apr/2022:16:28:36 +0000] "POST /api/v1/emps/login HTTP/1.1" 200 418 "http://localhost:4200/" "Mozilla/5.0 (Windows NT 10.0; Win64; x64) AppleWebKit/537.36 (KHTML, like Gecko) Chrome/100.0.4896.60 Safari/537.36 Edg/100.0.1185.29"

info: ::1 - - [09/Apr/2022:17:05:23 +0000] "POST /api/v1/emps/login HTTP/1.1" 200 418 "http://localhost:4200/" "Mozilla/5.0 (Windows NT 10.0; Win64; x64) AppleWebKit/537.36 (KHTML, like Gecko) Chrome/100.0.4896.60 Safari/537.36 Edg/100.0.1185.29"

info: ::1 - - [09/Apr/2022:17:29:08 +0000] "POST /api/v1/emps/login HTTP/1.1" 200 418 "http://localhost:4200/" "Mozilla/5.0 (Windows NT 10.0; Win64; x64) AppleWebKit/537.36 (KHTML, like Gecko) Chrome/100.0.4896.60 Safari/537.36 Edg/100.0.1185.29"

info: ::1 - - [09/Apr/2022:18:13:36 +0000] "POST /api/v1/emps/login HTTP/1.1" 200 418 "http://localhost:4200/" "Mozilla/5.0 (Windows NT 10.0; Win64; x64) AppleWebKit/537.36 (KHTML, like Gecko) Chrome/100.0.4896.75 Safari/537.36 Edg/100.0.1185.36"

info: ::1 - - [09/Apr/2022:18:15:12 +0000] "POST /api/v1/emps/login HTTP/1.1" 200 418 "http://localhost:4200/" "Mozilla/5.0 (Windows NT 10.0; Win64; x64) AppleWebKit/537.36 (KHTML, like Gecko) Chrome/100.0.4896.75 Safari/537.36 Edg/100.0.1185.36"

info: ::1 - - [09/Apr/2022:18:16:10 +0000] "POST /api/v1/emps/login HTTP/1.1" 200 418 "http://localhost:4200/" "Mozilla/5.0 (Windows NT 10.0; Win64; x64) AppleWebKit/537.36 (KHTML, like Gecko) Chrome/100.0.4896.75 Safari/537.36 Edg/100.0.1185.36"

info: ::1 - - [09/Apr/2022:18:16:56 +0000] "POST /api/v1/emps/login HTTP/1.1" 200 418 "http://localhost:4200/" "Mozilla/5.0 (Windows NT 10.0; Win64; x64) AppleWebKit/537.36 (KHTML, like Gecko) Chrome/100.0.4896.75 Safari/537.36 Edg/100.0.1185.36"

info: ::1 - - [09/Apr/2022:18:27:28 +0000] "POST /api/v1/emps/login HTTP/1.1" 500 22 "http://localhost:4200/" "Mozilla/5.0 (Windows NT 10.0; Win64; x64) AppleWebKit/537.36 (KHTML, like Gecko) Chrome/100.0.4896.75 Safari/537.36 Edg/100.0.1185.36"

info: ::1 - - [09/Apr/2022:18:27:30 +0000] "POST /api/v1/emps/login HTTP/1.1" 500 22 "http://localhost:4200/" "Mozilla/5.0 (Windows NT 10.0; Win64; x64) AppleWebKit/537.36 (KHTML, like Gecko) Chrome/100.0.4896.75 Safari/537.36 Edg/100.0.1185.36"

info: ::1 - - [09/Apr/2022:18:27:37 +0000] "POST /api/v1/emps/login HTTP/1.1" 200 418 "http://localhost:4200/" "Mozilla/5.0 (Windows NT 10.0; Win64; x64) AppleWebKit/537.36 (KHTML, like Gecko) Chrome/100.0.4896.75 Safari/537.36 Edg/100.0.1185.36"

