info: ::1 - - [13/Apr/2022:06:13:23 +0000] "POST /api/v1/emps/login HTTP/1.1" 500 22 "http://localhost:4200/" "Mozilla/5.0 (Windows NT 10.0; Win64; x64) AppleWebKit/537.36 (KHTML, like Gecko) Chrome/100.0.4896.75 Safari/537.36 Edg/100.0.1185.36"

info: ::1 - - [13/Apr/2022:06:14:31 +0000] "POST /api/v1/emps/login HTTP/1.1" 200 358 "http://localhost:4200/" "Mozilla/5.0 (Windows NT 10.0; Win64; x64) AppleWebKit/537.36 (KHTML, like Gecko) Chrome/100.0.4896.75 Safari/537.36 Edg/100.0.1185.36"

info: ::1 - - [13/Apr/2022:06:14:34 +0000] "GET /api/v1/emps/6255817dd01e250b092522db HTTP/1.1" 200 409 "http://localhost:4200/" "Mozilla/5.0 (Windows NT 10.0; Win64; x64) AppleWebKit/537.36 (KHTML, like Gecko) Chrome/100.0.4896.75 Safari/537.36 Edg/100.0.1185.36"

info: ::1 - - [13/Apr/2022:06:16:47 +0000] "POST /api/v1/emps/login HTTP/1.1" 200 358 "http://localhost:4200/" "Mozilla/5.0 (Windows NT 10.0; Win64; x64) AppleWebKit/537.36 (KHTML, like Gecko) Chrome/100.0.4896.75 Safari/537.36 Edg/100.0.1185.36"

info: ::1 - - [13/Apr/2022:06:16:47 +0000] "GET /api/v1/emps/6255817dd01e250b092522db HTTP/1.1" 304 - "http://localhost:4200/" "Mozilla/5.0 (Windows NT 10.0; Win64; x64) AppleWebKit/537.36 (KHTML, like Gecko) Chrome/100.0.4896.75 Safari/537.36 Edg/100.0.1185.36"

info: ::1 - - [13/Apr/2022:06:16:49 +0000] "GET /api/v1/emps/6255817dd01e250b092522db HTTP/1.1" 304 - "http://localhost:4200/" "Mozilla/5.0 (Windows NT 10.0; Win64; x64) AppleWebKit/537.36 (KHTML, like Gecko) Chrome/100.0.4896.75 Safari/537.36 Edg/100.0.1185.36"

info: ::1 - - [13/Apr/2022:06:20:28 +0000] "POST /api/v1/emps/login HTTP/1.1" 500 22 "http://localhost:4200/" "Mozilla/5.0 (Windows NT 10.0; Win64; x64) AppleWebKit/537.36 (KHTML, like Gecko) Chrome/100.0.4896.75 Safari/537.36 Edg/100.0.1185.36"

info: ::1 - - [13/Apr/2022:06:20:48 +0000] "POST /api/v1/emps/login HTTP/1.1" 200 348 "http://localhost:4200/" "Mozilla/5.0 (Windows NT 10.0; Win64; x64) AppleWebKit/537.36 (KHTML, like Gecko) Chrome/100.0.4896.75 Safari/537.36 Edg/100.0.1185.36"

info: ::1 - - [13/Apr/2022:06:20:48 +0000] "GET /api/v1/emps/625580fdd01e250b092522d9 HTTP/1.1" 200 406 "http://localhost:4200/" "Mozilla/5.0 (Windows NT 10.0; Win64; x64) AppleWebKit/537.36 (KHTML, like Gecko) Chrome/100.0.4896.75 Safari/537.36 Edg/100.0.1185.36"

info: ::1 - - [13/Apr/2022:06:20:48 +0000] "GET /api/v1/emps/625580fdd01e250b092522d9 HTTP/1.1" 304 - "http://localhost:4200/" "Mozilla/5.0 (Windows NT 10.0; Win64; x64) AppleWebKit/537.36 (KHTML, like Gecko) Chrome/100.0.4896.75 Safari/537.36 Edg/100.0.1185.36"

info: ::1 - - [13/Apr/2022:06:20:51 +0000] "GET /api/v1/emps/625580fdd01e250b092522d9 HTTP/1.1" 304 - "http://localhost:4200/" "Mozilla/5.0 (Windows NT 10.0; Win64; x64) AppleWebKit/537.36 (KHTML, like Gecko) Chrome/100.0.4896.75 Safari/537.36 Edg/100.0.1185.36"

info: ::1 - - [13/Apr/2022:06:21:13 +0000] "POST /api/v1/emps/login HTTP/1.1" 200 358 "http://localhost:4200/" "Mozilla/5.0 (Windows NT 10.0; Win64; x64) AppleWebKit/537.36 (KHTML, like Gecko) Chrome/100.0.4896.75 Safari/537.36 Edg/100.0.1185.36"

info: ::1 - - [13/Apr/2022:06:21:14 +0000] "GET /api/v1/emps/6255817dd01e250b092522db HTTP/1.1" 304 - "http://localhost:4200/" "Mozilla/5.0 (Windows NT 10.0; Win64; x64) AppleWebKit/537.36 (KHTML, like Gecko) Chrome/100.0.4896.75 Safari/537.36 Edg/100.0.1185.36"

info: ::1 - - [13/Apr/2022:06:21:14 +0000] "GET /api/v1/emps/6255817dd01e250b092522db HTTP/1.1" 304 - "http://localhost:4200/" "Mozilla/5.0 (Windows NT 10.0; Win64; x64) AppleWebKit/537.36 (KHTML, like Gecko) Chrome/100.0.4896.75 Safari/537.36 Edg/100.0.1185.36"

info: ::1 - - [13/Apr/2022:06:21:14 +0000] "GET /api/v1/emps/6255817dd01e250b092522db HTTP/1.1" 304 - "http://localhost:4200/" "Mozilla/5.0 (Windows NT 10.0; Win64; x64) AppleWebKit/537.36 (KHTML, like Gecko) Chrome/100.0.4896.75 Safari/537.36 Edg/100.0.1185.36"

info: ::1 - - [13/Apr/2022:06:21:15 +0000] "GET /api/v1/emps/ HTTP/1.1" 200 1108 "http://localhost:4200/" "Mozilla/5.0 (Windows NT 10.0; Win64; x64) AppleWebKit/537.36 (KHTML, like Gecko) Chrome/100.0.4896.75 Safari/537.36 Edg/100.0.1185.36"

info: ::1 - - [13/Apr/2022:06:21:18 +0000] "GET /api/v1/dept/ HTTP/1.1" 200 342 "http://localhost:4200/" "Mozilla/5.0 (Windows NT 10.0; Win64; x64) AppleWebKit/537.36 (KHTML, like Gecko) Chrome/100.0.4896.75 Safari/537.36 Edg/100.0.1185.36"

info: ::1 - - [13/Apr/2022:06:21:21 +0000] "GET /api/v1/role/ HTTP/1.1" 200 266 "http://localhost:4200/" "Mozilla/5.0 (Windows NT 10.0; Win64; x64) AppleWebKit/537.36 (KHTML, like Gecko) Chrome/100.0.4896.75 Safari/537.36 Edg/100.0.1185.36"

info: ::1 - - [13/Apr/2022:06:21:22 +0000] "GET /api/v1/emps/ HTTP/1.1" 304 - "http://localhost:4200/" "Mozilla/5.0 (Windows NT 10.0; Win64; x64) AppleWebKit/537.36 (KHTML, like Gecko) Chrome/100.0.4896.75 Safari/537.36 Edg/100.0.1185.36"

info: ::1 - - [13/Apr/2022:06:21:40 +0000] "GET /api/v1/dept/ HTTP/1.1" 304 - "http://localhost:4200/" "Mozilla/5.0 (Windows NT 10.0; Win64; x64) AppleWebKit/537.36 (KHTML, like Gecko) Chrome/100.0.4896.75 Safari/537.36 Edg/100.0.1185.36"

info: ::1 - - [13/Apr/2022:06:22:15 +0000] "GET /api/v1/emps/ HTTP/1.1" 304 - "http://localhost:4200/" "Mozilla/5.0 (Windows NT 10.0; Win64; x64) AppleWebKit/537.36 (KHTML, like Gecko) Chrome/100.0.4896.75 Safari/537.36 Edg/100.0.1185.36"

info: ::1 - - [13/Apr/2022:06:22:23 +0000] "GET /api/v1/dept/ HTTP/1.1" 304 - "http://localhost:4200/" "Mozilla/5.0 (Windows NT 10.0; Win64; x64) AppleWebKit/537.36 (KHTML, like Gecko) Chrome/100.0.4896.75 Safari/537.36 Edg/100.0.1185.36"

info: ::1 - - [13/Apr/2022:06:22:38 +0000] "GET /api/v1/role/ HTTP/1.1" 304 - "http://localhost:4200/" "Mozilla/5.0 (Windows NT 10.0; Win64; x64) AppleWebKit/537.36 (KHTML, like Gecko) Chrome/100.0.4896.75 Safari/537.36 Edg/100.0.1185.36"

info: ::ffff:127.0.0.1 - - [13/Apr/2022:06:24:39 +0000] "POST /api/v1/role/ HTTP/1.1" 201 118 "-" "Thunder Client (https://www.thunderclient.com)"

info: ::ffff:127.0.0.1 - - [13/Apr/2022:06:25:11 +0000] "POST /api/v1/role/ HTTP/1.1" 201 118 "-" "Thunder Client (https://www.thunderclient.com)"

info: ::1 - - [13/Apr/2022:06:25:52 +0000] "GET /api/v1/role/ HTTP/1.1" 200 406 "http://localhost:4200/" "Mozilla/5.0 (Windows NT 10.0; Win64; x64) AppleWebKit/537.36 (KHTML, like Gecko) Chrome/100.0.4896.75 Safari/537.36 Edg/100.0.1185.36"

info: ::1 - - [13/Apr/2022:06:27:03 +0000] "GET /api/v1/role/ HTTP/1.1" 304 - "http://localhost:4200/" "Mozilla/5.0 (Windows NT 10.0; Win64; x64) AppleWebKit/537.36 (KHTML, like Gecko) Chrome/100.0.4896.75 Safari/537.36 Edg/100.0.1185.36"

info: ::ffff:127.0.0.1 - - [13/Apr/2022:06:28:48 +0000] "POST /api/v1/dept/ HTTP/1.1" 201 124 "-" "Thunder Client (https://www.thunderclient.com)"

info: ::ffff:127.0.0.1 - - [13/Apr/2022:06:28:53 +0000] "GET /api/v1/dept/ HTTP/1.1" 200 411 "-" "Thunder Client (https://www.thunderclient.com)"

info: ::ffff:127.0.0.1 - - [13/Apr/2022:06:29:14 +0000] "GET /api/v1/dept/ HTTP/1.1" 200 411 "-" "Thunder Client (https://www.thunderclient.com)"

info: ::ffff:127.0.0.1 - - [13/Apr/2022:06:30:44 +0000] "GET /api/v1/dept/ HTTP/1.1" 200 411 "-" "Thunder Client (https://www.thunderclient.com)"

info: ::ffff:127.0.0.1 - - [13/Apr/2022:06:30:52 +0000] "POST /api/v1/dept/ HTTP/1.1" 201 124 "-" "Thunder Client (https://www.thunderclient.com)"

info: ::ffff:127.0.0.1 - - [13/Apr/2022:06:30:57 +0000] "GET /api/v1/dept/ HTTP/1.1" 200 482 "-" "Thunder Client (https://www.thunderclient.com)"

info: ::1 - - [13/Apr/2022:06:33:23 +0000] "GET /api/v1/emps/ HTTP/1.1" 304 - "http://localhost:4200/" "Mozilla/5.0 (Windows NT 10.0; Win64; x64) AppleWebKit/537.36 (KHTML, like Gecko) Chrome/100.0.4896.75 Safari/537.36 Edg/100.0.1185.36"

info: ::1 - - [13/Apr/2022:06:33:41 +0000] "POST /api/v1/emps/ HTTP/1.1" 500 85 "http://localhost:4200/" "Mozilla/5.0 (Windows NT 10.0; Win64; x64) AppleWebKit/537.36 (KHTML, like Gecko) Chrome/100.0.4896.75 Safari/537.36 Edg/100.0.1185.36"

info: ::1 - - [13/Apr/2022:06:34:25 +0000] "GET /api/v1/emps/ HTTP/1.1" 304 - "http://localhost:4200/" "Mozilla/5.0 (Windows NT 10.0; Win64; x64) AppleWebKit/537.36 (KHTML, like Gecko) Chrome/100.0.4896.75 Safari/537.36 Edg/100.0.1185.36"

info: ::1 - - [13/Apr/2022:06:34:45 +0000] "POST /api/v1/emps/ HTTP/1.1" 201 122 "http://localhost:4200/" "Mozilla/5.0 (Windows NT 10.0; Win64; x64) AppleWebKit/537.36 (KHTML, like Gecko) Chrome/100.0.4896.75 Safari/537.36 Edg/100.0.1185.36"

info: ::1 - - [13/Apr/2022:06:34:48 +0000] "GET /api/v1/emps/ HTTP/1.1" 200 1454 "http://localhost:4200/" "Mozilla/5.0 (Windows NT 10.0; Win64; x64) AppleWebKit/537.36 (KHTML, like Gecko) Chrome/100.0.4896.75 Safari/537.36 Edg/100.0.1185.36"

info: ::1 - - [13/Apr/2022:06:34:53 +0000] "PUT /api/v1/emps/delete/62566f055a6b8e58d71419cd HTTP/1.1" 200 153 "http://localhost:4200/" "Mozilla/5.0 (Windows NT 10.0; Win64; x64) AppleWebKit/537.36 (KHTML, like Gecko) Chrome/100.0.4896.75 Safari/537.36 Edg/100.0.1185.36"

info: ::1 - - [13/Apr/2022:06:34:57 +0000] "GET /api/v1/emps/ HTTP/1.1" 200 1108 "http://localhost:4200/" "Mozilla/5.0 (Windows NT 10.0; Win64; x64) AppleWebKit/537.36 (KHTML, like Gecko) Chrome/100.0.4896.75 Safari/537.36 Edg/100.0.1185.36"

info: ::1 - - [13/Apr/2022:06:35:02 +0000] "PUT /api/v1/emps/delete/625580fdd01e250b092522d9 HTTP/1.1" 200 153 "http://localhost:4200/" "Mozilla/5.0 (Windows NT 10.0; Win64; x64) AppleWebKit/537.36 (KHTML, like Gecko) Chrome/100.0.4896.75 Safari/537.36 Edg/100.0.1185.36"

info: ::1 - - [13/Apr/2022:06:35:06 +0000] "GET /api/v1/emps/ HTTP/1.1" 200 762 "http://localhost:4200/" "Mozilla/5.0 (Windows NT 10.0; Win64; x64) AppleWebKit/537.36 (KHTML, like Gecko) Chrome/100.0.4896.75 Safari/537.36 Edg/100.0.1185.36"

info: ::1 - - [13/Apr/2022:06:35:28 +0000] "POST /api/v1/emps/ HTTP/1.1" 201 122 "http://localhost:4200/" "Mozilla/5.0 (Windows NT 10.0; Win64; x64) AppleWebKit/537.36 (KHTML, like Gecko) Chrome/100.0.4896.75 Safari/537.36 Edg/100.0.1185.36"

info: ::1 - - [13/Apr/2022:06:35:31 +0000] "GET /api/v1/emps/ HTTP/1.1" 200 1118 "http://localhost:4200/" "Mozilla/5.0 (Windows NT 10.0; Win64; x64) AppleWebKit/537.36 (KHTML, like Gecko) Chrome/100.0.4896.75 Safari/537.36 Edg/100.0.1185.36"

info: ::1 - - [13/Apr/2022:06:37:25 +0000] "POST /api/v1/emps/login HTTP/1.1" 500 22 "http://localhost:4200/" "Mozilla/5.0 (Windows NT 10.0; Win64; x64) AppleWebKit/537.36 (KHTML, like Gecko) Chrome/100.0.4896.75 Safari/537.36 Edg/100.0.1185.36"

info: ::1 - - [13/Apr/2022:06:37:28 +0000] "POST /api/v1/emps/login HTTP/1.1" 200 358 "http://localhost:4200/" "Mozilla/5.0 (Windows NT 10.0; Win64; x64) AppleWebKit/537.36 (KHTML, like Gecko) Chrome/100.0.4896.75 Safari/537.36 Edg/100.0.1185.36"

info: ::1 - - [13/Apr/2022:06:37:31 +0000] "GET /api/v1/emps/6255817dd01e250b092522db HTTP/1.1" 304 - "http://localhost:4200/" "Mozilla/5.0 (Windows NT 10.0; Win64; x64) AppleWebKit/537.36 (KHTML, like Gecko) Chrome/100.0.4896.75 Safari/537.36 Edg/100.0.1185.36"

info: ::1 - - [13/Apr/2022:06:44:14 +0000] "POST /api/v1/emps/login HTTP/1.1" 200 358 "http://localhost:4200/" "Mozilla/5.0 (Windows NT 10.0; Win64; x64) AppleWebKit/537.36 (KHTML, like Gecko) Chrome/100.0.4896.75 Safari/537.36 Edg/100.0.1185.36"

info: ::1 - - [13/Apr/2022:06:44:14 +0000] "GET /api/v1/emps/6255817dd01e250b092522db HTTP/1.1" 304 - "http://localhost:4200/" "Mozilla/5.0 (Windows NT 10.0; Win64; x64) AppleWebKit/537.36 (KHTML, like Gecko) Chrome/100.0.4896.75 Safari/537.36 Edg/100.0.1185.36"

info: ::1 - - [13/Apr/2022:06:44:32 +0000] "GET /api/v1/emps/6255817dd01e250b092522db HTTP/1.1" 304 - "http://localhost:4200/" "Mozilla/5.0 (Windows NT 10.0; Win64; x64) AppleWebKit/537.36 (KHTML, like Gecko) Chrome/100.0.4896.75 Safari/537.36 Edg/100.0.1185.36"

info: ::1 - - [13/Apr/2022:06:48:55 +0000] "POST /api/v1/emps/login HTTP/1.1" 200 358 "http://localhost:4200/" "Mozilla/5.0 (Windows NT 10.0; Win64; x64) AppleWebKit/537.36 (KHTML, like Gecko) Chrome/100.0.4896.75 Safari/537.36 Edg/100.0.1185.36"

info: ::1 - - [13/Apr/2022:06:48:55 +0000] "GET /api/v1/emps/6255817dd01e250b092522db HTTP/1.1" 304 - "http://localhost:4200/" "Mozilla/5.0 (Windows NT 10.0; Win64; x64) AppleWebKit/537.36 (KHTML, like Gecko) Chrome/100.0.4896.75 Safari/537.36 Edg/100.0.1185.36"

info: ::1 - - [13/Apr/2022:06:48:59 +0000] "GET /api/v1/emps/6255817dd01e250b092522db HTTP/1.1" 304 - "http://localhost:4200/" "Mozilla/5.0 (Windows NT 10.0; Win64; x64) AppleWebKit/537.36 (KHTML, like Gecko) Chrome/100.0.4896.75 Safari/537.36 Edg/100.0.1185.36"

info: ::1 - - [13/Apr/2022:06:49:18 +0000] "POST /api/v1/emps/login HTTP/1.1" 200 360 "http://localhost:4200/" "Mozilla/5.0 (Windows NT 10.0; Win64; x64) AppleWebKit/537.36 (KHTML, like Gecko) Chrome/100.0.4896.75 Safari/537.36 Edg/100.0.1185.36"

info: ::1 - - [13/Apr/2022:06:49:18 +0000] "GET /api/v1/emps/62566f055a6b8e58d71419cd HTTP/1.1" 200 405 "http://localhost:4200/" "Mozilla/5.0 (Windows NT 10.0; Win64; x64) AppleWebKit/537.36 (KHTML, like Gecko) Chrome/100.0.4896.75 Safari/537.36 Edg/100.0.1185.36"

info: ::1 - - [13/Apr/2022:06:49:18 +0000] "GET /api/v1/emps/62566f055a6b8e58d71419cd HTTP/1.1" 304 - "http://localhost:4200/" "Mozilla/5.0 (Windows NT 10.0; Win64; x64) AppleWebKit/537.36 (KHTML, like Gecko) Chrome/100.0.4896.75 Safari/537.36 Edg/100.0.1185.36"

info: ::1 - - [13/Apr/2022:06:49:20 +0000] "GET /api/v1/emps/62566f055a6b8e58d71419cd HTTP/1.1" 304 - "http://localhost:4200/" "Mozilla/5.0 (Windows NT 10.0; Win64; x64) AppleWebKit/537.36 (KHTML, like Gecko) Chrome/100.0.4896.75 Safari/537.36 Edg/100.0.1185.36"

info: ::1 - - [13/Apr/2022:06:50:51 +0000] "POST /api/v1/emps/login HTTP/1.1" 200 358 "http://localhost:4200/" "Mozilla/5.0 (Windows NT 10.0; Win64; x64) AppleWebKit/537.36 (KHTML, like Gecko) Chrome/100.0.4896.75 Safari/537.36 Edg/100.0.1185.36"

info: ::1 - - [13/Apr/2022:06:50:51 +0000] "GET /api/v1/emps/6255817dd01e250b092522db HTTP/1.1" 304 - "http://localhost:4200/" "Mozilla/5.0 (Windows NT 10.0; Win64; x64) AppleWebKit/537.36 (KHTML, like Gecko) Chrome/100.0.4896.75 Safari/537.36 Edg/100.0.1185.36"

info: ::1 - - [13/Apr/2022:06:50:56 +0000] "GET /api/v1/emps/6255817dd01e250b092522db HTTP/1.1" 304 - "http://localhost:4200/" "Mozilla/5.0 (Windows NT 10.0; Win64; x64) AppleWebKit/537.36 (KHTML, like Gecko) Chrome/100.0.4896.75 Safari/537.36 Edg/100.0.1185.36"

info: ::ffff:127.0.0.1 - - [13/Apr/2022:08:20:04 +0000] "GET /api/v1/dept/ HTTP/1.1" 200 413 "-" "Thunder Client (https://www.thunderclient.com)"

