info: ::1 - - [07/Apr/2022:04:54:02 +0000] "GET /api/v1/emps/ HTTP/1.1" 200 1054 "http://localhost:4200/" "Mozilla/5.0 (Windows NT 10.0; Win64; x64) AppleWebKit/537.36 (KHTML, like Gecko) Chrome/100.0.4896.60 Safari/537.36 Edg/100.0.1185.29"

info: ::1 - - [07/Apr/2022:04:57:53 +0000] "GET /api/v1/emps/ HTTP/1.1" 304 - "http://localhost:4200/" "Mozilla/5.0 (Windows NT 10.0; Win64; x64) AppleWebKit/537.36 (KHTML, like Gecko) Chrome/100.0.4896.60 Safari/537.36 Edg/100.0.1185.29"

info: ::1 - - [07/Apr/2022:05:08:06 +0000] "GET /api/v1/emps/ HTTP/1.1" 304 - "http://localhost:4200/" "Mozilla/5.0 (Windows NT 10.0; Win64; x64) AppleWebKit/537.36 (KHTML, like Gecko) Chrome/100.0.4896.60 Safari/537.36 Edg/100.0.1185.29"

info: ::1 - - [07/Apr/2022:05:08:21 +0000] "GET /api/v1/emps/ HTTP/1.1" 304 - "http://localhost:4200/" "Mozilla/5.0 (Windows NT 10.0; Win64; x64) AppleWebKit/537.36 (KHTML, like Gecko) Chrome/100.0.4896.60 Safari/537.36 Edg/100.0.1185.29"

info: ::1 - - [07/Apr/2022:05:08:34 +0000] "GET /api/v1/emps/ HTTP/1.1" 304 - "http://localhost:4200/" "Mozilla/5.0 (Windows NT 10.0; Win64; x64) AppleWebKit/537.36 (KHTML, like Gecko) Chrome/100.0.4896.60 Safari/537.36 Edg/100.0.1185.29"

info: ::1 - - [07/Apr/2022:05:13:34 +0000] "GET /api/v1/emps/ HTTP/1.1" 304 - "http://localhost:4200/" "Mozilla/5.0 (Windows NT 10.0; Win64; x64) AppleWebKit/537.36 (KHTML, like Gecko) Chrome/100.0.4896.60 Safari/537.36 Edg/100.0.1185.29"

info: ::1 - - [07/Apr/2022:05:15:06 +0000] "GET /api/v1/emps/ HTTP/1.1" 304 - "http://localhost:4200/" "Mozilla/5.0 (Windows NT 10.0; Win64; x64) AppleWebKit/537.36 (KHTML, like Gecko) Chrome/100.0.4896.60 Safari/537.36 Edg/100.0.1185.29"

info: ::1 - - [07/Apr/2022:05:15:45 +0000] "GET /api/v1/emps/ HTTP/1.1" 304 - "http://localhost:4200/" "Mozilla/5.0 (Windows NT 10.0; Win64; x64) AppleWebKit/537.36 (KHTML, like Gecko) Chrome/100.0.4896.60 Safari/537.36 Edg/100.0.1185.29"

info: ::1 - - [07/Apr/2022:05:16:00 +0000] "GET /api/v1/emps/ HTTP/1.1" 304 - "http://localhost:4200/" "Mozilla/5.0 (Windows NT 10.0; Win64; x64) AppleWebKit/537.36 (KHTML, like Gecko) Chrome/100.0.4896.60 Safari/537.36 Edg/100.0.1185.29"

info: ::1 - - [07/Apr/2022:05:17:22 +0000] "GET /api/v1/emps/ HTTP/1.1" 304 - "http://localhost:4200/" "Mozilla/5.0 (Windows NT 10.0; Win64; x64) AppleWebKit/537.36 (KHTML, like Gecko) Chrome/100.0.4896.60 Safari/537.36 Edg/100.0.1185.29"

info: ::1 - - [07/Apr/2022:05:17:54 +0000] "GET /api/v1/emps/ HTTP/1.1" 200 810 "http://localhost:4200/" "Mozilla/5.0 (Windows NT 10.0; Win64; x64) AppleWebKit/537.36 (KHTML, like Gecko) Chrome/100.0.4896.60 Safari/537.36 Edg/100.0.1185.29"

info: ::1 - - [07/Apr/2022:05:37:34 +0000] "GET /api/v1/dept/ HTTP/1.1" 304 - "http://localhost:4200/" "Mozilla/5.0 (Windows NT 10.0; Win64; x64) AppleWebKit/537.36 (KHTML, like Gecko) Chrome/100.0.4896.60 Safari/537.36 Edg/100.0.1185.29"

info: ::1 - - [07/Apr/2022:05:37:35 +0000] "GET /api/v1/role/ HTTP/1.1" 304 - "http://localhost:4200/" "Mozilla/5.0 (Windows NT 10.0; Win64; x64) AppleWebKit/537.36 (KHTML, like Gecko) Chrome/100.0.4896.60 Safari/537.36 Edg/100.0.1185.29"

info: ::1 - - [07/Apr/2022:05:37:37 +0000] "GET /api/v1/emps/ HTTP/1.1" 304 - "http://localhost:4200/" "Mozilla/5.0 (Windows NT 10.0; Win64; x64) AppleWebKit/537.36 (KHTML, like Gecko) Chrome/100.0.4896.60 Safari/537.36 Edg/100.0.1185.29"

info: ::1 - - [07/Apr/2022:05:37:44 +0000] "GET /api/v1/dept/ HTTP/1.1" 304 - "http://localhost:4200/" "Mozilla/5.0 (Windows NT 10.0; Win64; x64) AppleWebKit/537.36 (KHTML, like Gecko) Chrome/100.0.4896.60 Safari/537.36 Edg/100.0.1185.29"

info: ::1 - - [07/Apr/2022:05:37:47 +0000] "GET /api/v1/role/ HTTP/1.1" 304 - "http://localhost:4200/" "Mozilla/5.0 (Windows NT 10.0; Win64; x64) AppleWebKit/537.36 (KHTML, like Gecko) Chrome/100.0.4896.60 Safari/537.36 Edg/100.0.1185.29"

info: ::1 - - [07/Apr/2022:05:46:54 +0000] "GET /api/v1/emps/ HTTP/1.1" 304 - "http://localhost:4200/" "Mozilla/5.0 (Linux; Android 6.0; Nexus 5 Build/MRA58N) AppleWebKit/537.36 (KHTML, like Gecko) Chrome/100.0.4896.60 Mobile Safari/537.36 Edg/100.0.1185.29"

info: ::1 - - [07/Apr/2022:06:15:06 +0000] "GET /api/v1/emps/ HTTP/1.1" 304 - "http://localhost:4200/" "Mozilla/5.0 (Linux; Android 6.0; Nexus 5 Build/MRA58N) AppleWebKit/537.36 (KHTML, like Gecko) Chrome/100.0.4896.60 Mobile Safari/537.36 Edg/100.0.1185.29"

info: ::ffff:127.0.0.1 - - [07/Apr/2022:06:24:14 +0000] "POST /api/v1/emps/ HTTP/1.1" 500 85 "-" "Thunder Client (https://www.thunderclient.com)"

info: ::ffff:127.0.0.1 - - [07/Apr/2022:06:25:36 +0000] "POST /api/v1/emps/ HTTP/1.1" 201 101 "-" "Thunder Client (https://www.thunderclient.com)"

info: ::1 - - [07/Apr/2022:07:03:49 +0000] "GET /api/v1/emps/ HTTP/1.1" 200 990 "http://localhost:4200/" "Mozilla/5.0 (Windows NT 10.0; Win64; x64) AppleWebKit/537.36 (KHTML, like Gecko) Chrome/100.0.4896.60 Safari/537.36 Edg/100.0.1185.29"

info: ::1 - - [07/Apr/2022:07:06:17 +0000] "GET /api/v1/emps/ HTTP/1.1" 304 - "http://localhost:4200/" "Mozilla/5.0 (Windows NT 10.0; Win64; x64) AppleWebKit/537.36 (KHTML, like Gecko) Chrome/100.0.4896.60 Safari/537.36 Edg/100.0.1185.29"

info: ::1 - - [07/Apr/2022:07:07:01 +0000] "GET /api/v1/emps/ HTTP/1.1" 304 - "http://localhost:4200/" "Mozilla/5.0 (Windows NT 10.0; Win64; x64) AppleWebKit/537.36 (KHTML, like Gecko) Chrome/100.0.4896.60 Safari/537.36 Edg/100.0.1185.29"

info: ::1 - - [07/Apr/2022:07:07:15 +0000] "POST /api/v1/emps/ HTTP/1.1" 422 320 "http://localhost:4200/" "Mozilla/5.0 (Windows NT 10.0; Win64; x64) AppleWebKit/537.36 (KHTML, like Gecko) Chrome/100.0.4896.60 Safari/537.36 Edg/100.0.1185.29"

info: ::1 - - [07/Apr/2022:07:11:08 +0000] "GET /api/v1/emps/ HTTP/1.1" 304 - "http://localhost:4200/" "Mozilla/5.0 (Windows NT 10.0; Win64; x64) AppleWebKit/537.36 (KHTML, like Gecko) Chrome/100.0.4896.60 Safari/537.36 Edg/100.0.1185.29"

info: ::1 - - [07/Apr/2022:07:11:22 +0000] "POST /api/v1/emps/ HTTP/1.1" 422 308 "http://localhost:4200/" "Mozilla/5.0 (Windows NT 10.0; Win64; x64) AppleWebKit/537.36 (KHTML, like Gecko) Chrome/100.0.4896.60 Safari/537.36 Edg/100.0.1185.29"

info: ::1 - - [07/Apr/2022:07:15:08 +0000] "GET /api/v1/emps/ HTTP/1.1" 304 - "http://localhost:4200/" "Mozilla/5.0 (Windows NT 10.0; Win64; x64) AppleWebKit/537.36 (KHTML, like Gecko) Chrome/100.0.4896.60 Safari/537.36 Edg/100.0.1185.29"

info: ::1 - - [07/Apr/2022:07:15:27 +0000] "POST /api/v1/emps/ HTTP/1.1" 422 326 "http://localhost:4200/" "Mozilla/5.0 (Windows NT 10.0; Win64; x64) AppleWebKit/537.36 (KHTML, like Gecko) Chrome/100.0.4896.60 Safari/537.36 Edg/100.0.1185.29"

info: ::1 - - [07/Apr/2022:07:15:51 +0000] "POST /api/v1/emps/ HTTP/1.1" 422 314 "http://localhost:4200/" "Mozilla/5.0 (Windows NT 10.0; Win64; x64) AppleWebKit/537.36 (KHTML, like Gecko) Chrome/100.0.4896.60 Safari/537.36 Edg/100.0.1185.29"

info: ::1 - - [07/Apr/2022:07:16:50 +0000] "POST /api/v1/emps/ HTTP/1.1" 422 317 "http://localhost:4200/" "Mozilla/5.0 (Windows NT 10.0; Win64; x64) AppleWebKit/537.36 (KHTML, like Gecko) Chrome/100.0.4896.60 Safari/537.36 Edg/100.0.1185.29"

info: ::1 - - [07/Apr/2022:07:18:15 +0000] "GET /api/v1/emps/ HTTP/1.1" 304 - "http://localhost:4200/" "Mozilla/5.0 (Windows NT 10.0; Win64; x64) AppleWebKit/537.36 (KHTML, like Gecko) Chrome/100.0.4896.60 Safari/537.36 Edg/100.0.1185.29"

info: ::1 - - [07/Apr/2022:07:18:50 +0000] "POST /api/v1/emps/ HTTP/1.1" 500 85 "http://localhost:4200/" "Mozilla/5.0 (Windows NT 10.0; Win64; x64) AppleWebKit/537.36 (KHTML, like Gecko) Chrome/100.0.4896.60 Safari/537.36 Edg/100.0.1185.29"

info: ::ffff:127.0.0.1 - - [07/Apr/2022:07:23:08 +0000] "POST /api/v1/role/ HTTP/1.1" 201 101 "-" "Thunder Client (https://www.thunderclient.com)"

info: ::1 - - [07/Apr/2022:07:23:14 +0000] "POST /api/v1/emps/ HTTP/1.1" 201 101 "http://localhost:4200/" "Mozilla/5.0 (Windows NT 10.0; Win64; x64) AppleWebKit/537.36 (KHTML, like Gecko) Chrome/100.0.4896.60 Safari/537.36 Edg/100.0.1185.29"

info: ::1 - - [07/Apr/2022:07:23:18 +0000] "GET /api/v1/emps/ HTTP/1.1" 200 1164 "http://localhost:4200/" "Mozilla/5.0 (Windows NT 10.0; Win64; x64) AppleWebKit/537.36 (KHTML, like Gecko) Chrome/100.0.4896.60 Safari/537.36 Edg/100.0.1185.29"

info: ::ffff:127.0.0.1 - - [07/Apr/2022:07:35:46 +0000] "POST /api/v1/role/ HTTP/1.1" 422 293 "-" "Thunder Client (https://www.thunderclient.com)"

info: ::ffff:127.0.0.1 - - [07/Apr/2022:07:37:27 +0000] "POST /api/v1/role/ HTTP/1.1" 422 293 "-" "Thunder Client (https://www.thunderclient.com)"

info: ::ffff:127.0.0.1 - - [07/Apr/2022:07:38:14 +0000] "POST /api/v1/role/ HTTP/1.1" 201 101 "-" "Thunder Client (https://www.thunderclient.com)"

info: ::ffff:127.0.0.1 - - [07/Apr/2022:07:40:23 +0000] "POST /api/v1/role/ HTTP/1.1" 201 101 "-" "Thunder Client (https://www.thunderclient.com)"

info: ::ffff:127.0.0.1 - - [07/Apr/2022:07:41:09 +0000] "POST /api/v1/role/ HTTP/1.1" 201 101 "-" "Thunder Client (https://www.thunderclient.com)"

info: ::ffff:127.0.0.1 - - [07/Apr/2022:07:41:40 +0000] "POST /api/v1/role/ HTTP/1.1" 201 101 "-" "Thunder Client (https://www.thunderclient.com)"

info: ::ffff:127.0.0.1 - - [07/Apr/2022:07:42:12 +0000] "POST /api/v1/role/ HTTP/1.1" 201 101 "-" "Thunder Client (https://www.thunderclient.com)"

info: ::1 - - [07/Apr/2022:07:42:28 +0000] "GET /api/v1/emps/ HTTP/1.1" 304 - "http://localhost:4200/" "Mozilla/5.0 (Windows NT 10.0; Win64; x64) AppleWebKit/537.36 (KHTML, like Gecko) Chrome/100.0.4896.60 Safari/537.36 Edg/100.0.1185.29"

info: ::ffff:127.0.0.1 - - [07/Apr/2022:07:48:56 +0000] "POST /api/v1/dept HTTP/1.1" 201 101 "-" "Thunder Client (https://www.thunderclient.com)"

info: ::1 - - [07/Apr/2022:07:50:48 +0000] "GET /api/v1/emps/ HTTP/1.1" 304 - "http://localhost:4200/" "Mozilla/5.0 (Windows NT 10.0; Win64; x64) AppleWebKit/537.36 (KHTML, like Gecko) Chrome/100.0.4896.60 Safari/537.36 Edg/100.0.1185.29"

info: ::1 - - [07/Apr/2022:07:51:06 +0000] "GET /api/v1/emps/ HTTP/1.1" 304 - "http://localhost:4200/" "Mozilla/5.0 (Windows NT 10.0; Win64; x64) AppleWebKit/537.36 (KHTML, like Gecko) Chrome/100.0.4896.60 Safari/537.36 Edg/100.0.1185.29"

info: ::1 - - [07/Apr/2022:07:51:42 +0000] "GET /api/v1/emps/ HTTP/1.1" 304 - "http://localhost:4200/" "Mozilla/5.0 (Windows NT 10.0; Win64; x64) AppleWebKit/537.36 (KHTML, like Gecko) Chrome/100.0.4896.60 Safari/537.36 Edg/100.0.1185.29"

info: ::1 - - [07/Apr/2022:07:52:09 +0000] "POST /api/v1/emps/ HTTP/1.1" 500 85 "http://localhost:4200/" "Mozilla/5.0 (Windows NT 10.0; Win64; x64) AppleWebKit/537.36 (KHTML, like Gecko) Chrome/100.0.4896.60 Safari/537.36 Edg/100.0.1185.29"

info: ::1 - - [07/Apr/2022:07:52:58 +0000] "GET /api/v1/emps/ HTTP/1.1" 304 - "http://localhost:4200/" "Mozilla/5.0 (Windows NT 10.0; Win64; x64) AppleWebKit/537.36 (KHTML, like Gecko) Chrome/100.0.4896.60 Safari/537.36 Edg/100.0.1185.29"

info: ::1 - - [07/Apr/2022:07:53:13 +0000] "POST /api/v1/emps/ HTTP/1.1" 201 101 "http://localhost:4200/" "Mozilla/5.0 (Windows NT 10.0; Win64; x64) AppleWebKit/537.36 (KHTML, like Gecko) Chrome/100.0.4896.60 Safari/537.36 Edg/100.0.1185.29"

info: ::1 - - [07/Apr/2022:07:53:20 +0000] "GET /api/v1/emps/ HTTP/1.1" 200 1335 "http://localhost:4200/" "Mozilla/5.0 (Windows NT 10.0; Win64; x64) AppleWebKit/537.36 (KHTML, like Gecko) Chrome/100.0.4896.60 Safari/537.36 Edg/100.0.1185.29"

info: ::1 - - [07/Apr/2022:07:54:36 +0000] "GET /api/v1/emps/ HTTP/1.1" 304 - "http://localhost:4200/" "Mozilla/5.0 (Windows NT 10.0; Win64; x64) AppleWebKit/537.36 (KHTML, like Gecko) Chrome/100.0.4896.60 Safari/537.36 Edg/100.0.1185.29"

info: ::1 - - [07/Apr/2022:07:54:48 +0000] "DELETE /api/v1/emps/62442ea2b73a94398d4cb9bc HTTP/1.1" 200 99 "http://localhost:4200/" "Mozilla/5.0 (Windows NT 10.0; Win64; x64) AppleWebKit/537.36 (KHTML, like Gecko) Chrome/100.0.4896.60 Safari/537.36 Edg/100.0.1185.29"

info: ::1 - - [07/Apr/2022:07:54:51 +0000] "GET /api/v1/emps/ HTTP/1.1" 200 1229 "http://localhost:4200/" "Mozilla/5.0 (Windows NT 10.0; Win64; x64) AppleWebKit/537.36 (KHTML, like Gecko) Chrome/100.0.4896.60 Safari/537.36 Edg/100.0.1185.29"

info: ::1 - - [07/Apr/2022:07:54:54 +0000] "DELETE /api/v1/emps/624c28408d071d2ed1a40876 HTTP/1.1" 200 99 "http://localhost:4200/" "Mozilla/5.0 (Windows NT 10.0; Win64; x64) AppleWebKit/537.36 (KHTML, like Gecko) Chrome/100.0.4896.60 Safari/537.36 Edg/100.0.1185.29"

info: ::1 - - [07/Apr/2022:07:54:56 +0000] "GET /api/v1/emps/ HTTP/1.1" 200 1098 "http://localhost:4200/" "Mozilla/5.0 (Windows NT 10.0; Win64; x64) AppleWebKit/537.36 (KHTML, like Gecko) Chrome/100.0.4896.60 Safari/537.36 Edg/100.0.1185.29"

info: ::1 - - [07/Apr/2022:07:55:06 +0000] "DELETE /api/v1/emps/624d94756ea4373050baa9e0 HTTP/1.1" 200 99 "http://localhost:4200/" "Mozilla/5.0 (Windows NT 10.0; Win64; x64) AppleWebKit/537.36 (KHTML, like Gecko) Chrome/100.0.4896.60 Safari/537.36 Edg/100.0.1185.29"

info: ::1 - - [07/Apr/2022:07:55:09 +0000] "GET /api/v1/emps/ HTTP/1.1" 200 953 "http://localhost:4200/" "Mozilla/5.0 (Windows NT 10.0; Win64; x64) AppleWebKit/537.36 (KHTML, like Gecko) Chrome/100.0.4896.60 Safari/537.36 Edg/100.0.1185.29"

info: ::1 - - [07/Apr/2022:07:57:51 +0000] "GET /api/v1/emps/ HTTP/1.1" 304 - "http://localhost:4200/" "Mozilla/5.0 (Windows NT 10.0; Win64; x64) AppleWebKit/537.36 (KHTML, like Gecko) Chrome/100.0.4896.60 Safari/537.36 Edg/100.0.1185.29"

info: ::1 - - [07/Apr/2022:08:00:37 +0000] "GET /api/v1/emps/ HTTP/1.1" 304 - "http://localhost:4200/" "Mozilla/5.0 (Windows NT 10.0; Win64; x64) AppleWebKit/537.36 (KHTML, like Gecko) Chrome/100.0.4896.60 Safari/537.36 Edg/100.0.1185.29"

info: ::1 - - [07/Apr/2022:08:00:44 +0000] "GET /api/v1/emps/ HTTP/1.1" 304 - "http://localhost:4200/" "Mozilla/5.0 (Windows NT 10.0; Win64; x64) AppleWebKit/537.36 (KHTML, like Gecko) Chrome/100.0.4896.60 Safari/537.36 Edg/100.0.1185.29"

info: ::1 - - [07/Apr/2022:08:01:14 +0000] "PUT /api/v1/emps/624e9869d5cc0800a3168bf6 HTTP/1.1" 500 85 "http://localhost:4200/" "Mozilla/5.0 (Windows NT 10.0; Win64; x64) AppleWebKit/537.36 (KHTML, like Gecko) Chrome/100.0.4896.60 Safari/537.36 Edg/100.0.1185.29"

info: ::1 - - [07/Apr/2022:08:03:51 +0000] "GET /api/v1/emps/ HTTP/1.1" 304 - "http://localhost:4200/" "Mozilla/5.0 (Windows NT 10.0; Win64; x64) AppleWebKit/537.36 (KHTML, like Gecko) Chrome/100.0.4896.60 Safari/537.36 Edg/100.0.1185.29"

info: ::1 - - [07/Apr/2022:08:04:12 +0000] "PUT /api/v1/emps/624e9869d5cc0800a3168bf6 HTTP/1.1" 500 85 "http://localhost:4200/" "Mozilla/5.0 (Windows NT 10.0; Win64; x64) AppleWebKit/537.36 (KHTML, like Gecko) Chrome/100.0.4896.60 Safari/537.36 Edg/100.0.1185.29"

info: ::1 - - [07/Apr/2022:08:04:34 +0000] "PUT /api/v1/emps/624e9869d5cc0800a3168bf6 HTTP/1.1" 500 85 "http://localhost:4200/" "Mozilla/5.0 (Windows NT 10.0; Win64; x64) AppleWebKit/537.36 (KHTML, like Gecko) Chrome/100.0.4896.60 Safari/537.36 Edg/100.0.1185.29"

info: ::1 - - [07/Apr/2022:08:08:42 +0000] "GET /api/v1/emps/ HTTP/1.1" 304 - "http://localhost:4200/" "Mozilla/5.0 (Windows NT 10.0; Win64; x64) AppleWebKit/537.36 (KHTML, like Gecko) Chrome/100.0.4896.60 Safari/537.36 Edg/100.0.1185.29"

info: ::1 - - [07/Apr/2022:08:08:50 +0000] "PUT /api/v1/emps/624e9869d5cc0800a3168bf6 HTTP/1.1" 500 85 "http://localhost:4200/" "Mozilla/5.0 (Windows NT 10.0; Win64; x64) AppleWebKit/537.36 (KHTML, like Gecko) Chrome/100.0.4896.60 Safari/537.36 Edg/100.0.1185.29"

info: ::ffff:127.0.0.1 - - [07/Apr/2022:08:12:48 +0000] "PUT /api/v1/emps/624e916264e65dcea163446f HTTP/1.1" 500 85 "-" "Thunder Client (https://www.thunderclient.com)"

info: ::ffff:127.0.0.1 - - [07/Apr/2022:08:13:12 +0000] "PUT /api/v1/emps/624e916264e65dcea163446f HTTP/1.1" 202 300 "-" "Thunder Client (https://www.thunderclient.com)"

info: ::ffff:127.0.0.1 - - [07/Apr/2022:08:14:08 +0000] "PUT /api/v1/emps/624e916264e65dcea163446f HTTP/1.1" 500 85 "-" "Thunder Client (https://www.thunderclient.com)"

info: ::ffff:127.0.0.1 - - [07/Apr/2022:08:15:42 +0000] "PUT /api/v1/emps/624e916264e65dcea163446f HTTP/1.1" 500 85 "-" "Thunder Client (https://www.thunderclient.com)"

info: ::ffff:127.0.0.1 - - [07/Apr/2022:08:16:05 +0000] "PUT /api/v1/emps/624e916264e65dcea163446f HTTP/1.1" 500 85 "-" "Thunder Client (https://www.thunderclient.com)"

info: ::ffff:127.0.0.1 - - [07/Apr/2022:08:17:28 +0000] "PUT /api/v1/emps/624e916264e65dcea163446f HTTP/1.1" 202 287 "-" "Thunder Client (https://www.thunderclient.com)"

info: ::ffff:127.0.0.1 - - [07/Apr/2022:08:17:40 +0000] "PUT /api/v1/emps/624e916264e65dcea163446f HTTP/1.1" 500 85 "-" "Thunder Client (https://www.thunderclient.com)"

info: ::ffff:127.0.0.1 - - [07/Apr/2022:08:21:32 +0000] "GET /api/v1/emps/ HTTP/1.1" 200 414 "-" "Thunder Client (https://www.thunderclient.com)"

info: ::ffff:127.0.0.1 - - [07/Apr/2022:08:22:54 +0000] "GET /api/v1/emps/ HTTP/1.1" 200 940 "-" "Thunder Client (https://www.thunderclient.com)"

info: ::ffff:127.0.0.1 - - [07/Apr/2022:08:23:21 +0000] "PUT /api/v1/emps/624e916264e65dcea163446f HTTP/1.1" 500 85 "-" "Thunder Client (https://www.thunderclient.com)"

info: ::ffff:127.0.0.1 - - [07/Apr/2022:08:25:05 +0000] "PUT /api/v1/emps/624e916264e65dcea163446f HTTP/1.1" 202 287 "-" "Thunder Client (https://www.thunderclient.com)"

info: ::ffff:127.0.0.1 - - [07/Apr/2022:08:25:34 +0000] "PUT /api/v1/emps/624e916264e65dcea163446f HTTP/1.1" 202 287 "-" "Thunder Client (https://www.thunderclient.com)"

info: ::1 - - [07/Apr/2022:08:25:49 +0000] "PUT /api/v1/emps/624e9869d5cc0800a3168bf6 HTTP/1.1" 500 85 "http://localhost:4200/" "Mozilla/5.0 (Windows NT 10.0; Win64; x64) AppleWebKit/537.36 (KHTML, like Gecko) Chrome/100.0.4896.60 Safari/537.36 Edg/100.0.1185.29"

info: ::1 - - [07/Apr/2022:08:27:31 +0000] "GET /api/v1/emps/ HTTP/1.1" 200 940 "http://localhost:4200/" "Mozilla/5.0 (Windows NT 10.0; Win64; x64) AppleWebKit/537.36 (KHTML, like Gecko) Chrome/100.0.4896.60 Safari/537.36 Edg/100.0.1185.29"

info: ::1 - - [07/Apr/2022:08:27:40 +0000] "PUT /api/v1/emps/624e9869d5cc0800a3168bf6 HTTP/1.1" 500 85 "http://localhost:4200/" "Mozilla/5.0 (Windows NT 10.0; Win64; x64) AppleWebKit/537.36 (KHTML, like Gecko) Chrome/100.0.4896.60 Safari/537.36 Edg/100.0.1185.29"

info: ::1 - - [07/Apr/2022:08:31:47 +0000] "GET /api/v1/emps/ HTTP/1.1" 304 - "http://localhost:4200/" "Mozilla/5.0 (Windows NT 10.0; Win64; x64) AppleWebKit/537.36 (KHTML, like Gecko) Chrome/100.0.4896.60 Safari/537.36 Edg/100.0.1185.29"

info: ::1 - - [07/Apr/2022:08:31:50 +0000] "PUT /api/v1/emps/624e9869d5cc0800a3168bf6 HTTP/1.1" 500 85 "http://localhost:4200/" "Mozilla/5.0 (Windows NT 10.0; Win64; x64) AppleWebKit/537.36 (KHTML, like Gecko) Chrome/100.0.4896.60 Safari/537.36 Edg/100.0.1185.29"

info: ::1 - - [07/Apr/2022:08:34:29 +0000] "GET /api/v1/emps/ HTTP/1.1" 304 - "http://localhost:4200/" "Mozilla/5.0 (Windows NT 10.0; Win64; x64) AppleWebKit/537.36 (KHTML, like Gecko) Chrome/100.0.4896.60 Safari/537.36 Edg/100.0.1185.29"

info: ::1 - - [07/Apr/2022:08:34:47 +0000] "PUT /api/v1/emps/624e9869d5cc0800a3168bf6 HTTP/1.1" 500 85 "http://localhost:4200/" "Mozilla/5.0 (Windows NT 10.0; Win64; x64) AppleWebKit/537.36 (KHTML, like Gecko) Chrome/100.0.4896.60 Safari/537.36 Edg/100.0.1185.29"

info: ::1 - - [07/Apr/2022:08:37:27 +0000] "GET /api/v1/emps/ HTTP/1.1" 304 - "http://localhost:4200/" "Mozilla/5.0 (Windows NT 10.0; Win64; x64) AppleWebKit/537.36 (KHTML, like Gecko) Chrome/100.0.4896.60 Safari/537.36 Edg/100.0.1185.29"

info: ::1 - - [07/Apr/2022:08:37:30 +0000] "PUT /api/v1/emps/624e9869d5cc0800a3168bf6 HTTP/1.1" 500 85 "http://localhost:4200/" "Mozilla/5.0 (Windows NT 10.0; Win64; x64) AppleWebKit/537.36 (KHTML, like Gecko) Chrome/100.0.4896.60 Safari/537.36 Edg/100.0.1185.29"

info: ::1 - - [07/Apr/2022:08:37:56 +0000] "PUT /api/v1/emps/624e9869d5cc0800a3168bf6 HTTP/1.1" 500 85 "http://localhost:4200/" "Mozilla/5.0 (Windows NT 10.0; Win64; x64) AppleWebKit/537.36 (KHTML, like Gecko) Chrome/100.0.4896.60 Safari/537.36 Edg/100.0.1185.29"

info: ::1 - - [07/Apr/2022:08:42:00 +0000] "GET /api/v1/emps/ HTTP/1.1" 304 - "http://localhost:4200/" "Mozilla/5.0 (Windows NT 10.0; Win64; x64) AppleWebKit/537.36 (KHTML, like Gecko) Chrome/100.0.4896.60 Safari/537.36 Edg/100.0.1185.29"

info: ::1 - - [07/Apr/2022:08:42:16 +0000] "GET /api/v1/emps/ HTTP/1.1" 304 - "http://localhost:4200/" "Mozilla/5.0 (Windows NT 10.0; Win64; x64) AppleWebKit/537.36 (KHTML, like Gecko) Chrome/100.0.4896.60 Safari/537.36 Edg/100.0.1185.29"

info: ::1 - - [07/Apr/2022:08:42:26 +0000] "PUT /api/v1/emps/624e9869d5cc0800a3168bf6 HTTP/1.1" 500 85 "http://localhost:4200/" "Mozilla/5.0 (Windows NT 10.0; Win64; x64) AppleWebKit/537.36 (KHTML, like Gecko) Chrome/100.0.4896.60 Safari/537.36 Edg/100.0.1185.29"

info: ::1 - - [07/Apr/2022:08:49:56 +0000] "GET /api/v1/emps/ HTTP/1.1" 304 - "http://localhost:4200/" "Mozilla/5.0 (Windows NT 10.0; Win64; x64) AppleWebKit/537.36 (KHTML, like Gecko) Chrome/100.0.4896.60 Safari/537.36 Edg/100.0.1185.29"

info: ::1 - - [07/Apr/2022:08:50:11 +0000] "PUT /api/v1/emps/624e9869d5cc0800a3168bf6 HTTP/1.1" 202 297 "http://localhost:4200/" "Mozilla/5.0 (Windows NT 10.0; Win64; x64) AppleWebKit/537.36 (KHTML, like Gecko) Chrome/100.0.4896.60 Safari/537.36 Edg/100.0.1185.29"

info: ::1 - - [07/Apr/2022:08:50:22 +0000] "GET /api/v1/emps/ HTTP/1.1" 200 940 "http://localhost:4200/" "Mozilla/5.0 (Windows NT 10.0; Win64; x64) AppleWebKit/537.36 (KHTML, like Gecko) Chrome/100.0.4896.60 Safari/537.36 Edg/100.0.1185.29"

info: ::1 - - [07/Apr/2022:08:51:09 +0000] "PUT /api/v1/emps/624e9869d5cc0800a3168bf6 HTTP/1.1" 202 297 "http://localhost:4200/" "Mozilla/5.0 (Windows NT 10.0; Win64; x64) AppleWebKit/537.36 (KHTML, like Gecko) Chrome/100.0.4896.60 Safari/537.36 Edg/100.0.1185.29"

info: ::1 - - [07/Apr/2022:08:51:12 +0000] "GET /api/v1/emps/ HTTP/1.1" 200 947 "http://localhost:4200/" "Mozilla/5.0 (Windows NT 10.0; Win64; x64) AppleWebKit/537.36 (KHTML, like Gecko) Chrome/100.0.4896.60 Safari/537.36 Edg/100.0.1185.29"

info: ::1 - - [07/Apr/2022:08:52:18 +0000] "GET /api/v1/emps/ HTTP/1.1" 304 - "http://localhost:4200/" "Mozilla/5.0 (Windows NT 10.0; Win64; x64) AppleWebKit/537.36 (KHTML, like Gecko) Chrome/100.0.4896.60 Safari/537.36 Edg/100.0.1185.29"

info: ::1 - - [07/Apr/2022:08:53:52 +0000] "GET /api/v1/emps/ HTTP/1.1" 304 - "http://localhost:4200/" "Mozilla/5.0 (Windows NT 10.0; Win64; x64) AppleWebKit/537.36 (KHTML, like Gecko) Chrome/100.0.4896.60 Safari/537.36 Edg/100.0.1185.29"

info: ::1 - - [07/Apr/2022:08:54:02 +0000] "GET /api/v1/emps/ HTTP/1.1" 304 - "http://localhost:4200/" "Mozilla/5.0 (Windows NT 10.0; Win64; x64) AppleWebKit/537.36 (KHTML, like Gecko) Chrome/100.0.4896.60 Safari/537.36 Edg/100.0.1185.29"

info: ::1 - - [07/Apr/2022:08:54:08 +0000] "GET /api/v1/dept/ HTTP/1.1" 200 430 "http://localhost:4200/" "Mozilla/5.0 (Windows NT 10.0; Win64; x64) AppleWebKit/537.36 (KHTML, like Gecko) Chrome/100.0.4896.60 Safari/537.36 Edg/100.0.1185.29"

info: ::1 - - [07/Apr/2022:08:54:10 +0000] "GET /api/v1/role/ HTTP/1.1" 200 410 "http://localhost:4200/" "Mozilla/5.0 (Windows NT 10.0; Win64; x64) AppleWebKit/537.36 (KHTML, like Gecko) Chrome/100.0.4896.60 Safari/537.36 Edg/100.0.1185.29"

info: ::1 - - [07/Apr/2022:08:54:12 +0000] "GET /api/v1/emps/ HTTP/1.1" 304 - "http://localhost:4200/" "Mozilla/5.0 (Windows NT 10.0; Win64; x64) AppleWebKit/537.36 (KHTML, like Gecko) Chrome/100.0.4896.60 Safari/537.36 Edg/100.0.1185.29"

info: ::1 - - [07/Apr/2022:11:33:07 +0000] "GET /api/v1/emps/ HTTP/1.1" 304 - "http://localhost:4200/" "Mozilla/5.0 (Windows NT 10.0; Win64; x64) AppleWebKit/537.36 (KHTML, like Gecko) Chrome/100.0.4896.60 Safari/537.36 Edg/100.0.1185.29"

info: ::ffff:127.0.0.1 - - [07/Apr/2022:11:49:02 +0000] "POST /api/v1/emps/ HTTP/1.1" 500 85 "-" "Thunder Client (https://www.thunderclient.com)"

info: ::ffff:127.0.0.1 - - [07/Apr/2022:11:50:38 +0000] "POST /api/v1/emps/ HTTP/1.1" 201 101 "-" "Thunder Client (https://www.thunderclient.com)"

