info: ::ffff:127.0.0.1 - - [11/Apr/2022:05:19:34 +0000] "GET /api/v1/dept HTTP/1.1" 200 499 "-" "Thunder Client (https://www.thunderclient.com)"

info: ::ffff:127.0.0.1 - - [11/Apr/2022:05:21:40 +0000] "GET /api/v1/dept HTTP/1.1" 200 499 "-" "Thunder Client (https://www.thunderclient.com)"

info: ::ffff:127.0.0.1 - - [11/Apr/2022:05:21:58 +0000] "GET /api/v1/dept HTTP/1.1" 200 499 "-" "Thunder Client (https://www.thunderclient.com)"

info: ::ffff:127.0.0.1 - - [11/Apr/2022:05:23:44 +0000] "GET /api/v1/dept/624acb5ef85b7ab26586753e HTTP/1.1" 200 65 "-" "Thunder Client (https://www.thunderclient.com)"

info: ::ffff:127.0.0.1 - - [11/Apr/2022:05:24:05 +0000] "GET /api/v1/dept/624acb5ef85b7ab26586753e HTTP/1.1" 200 139 "-" "Thunder Client (https://www.thunderclient.com)"

info: ::ffff:127.0.0.1 - - [11/Apr/2022:05:24:24 +0000] "GET /api/v1/dept/624acb5ef85b7ab26586753e HTTP/1.1" 200 131 "-" "Thunder Client (https://www.thunderclient.com)"

info: ::1 - - [11/Apr/2022:07:48:14 +0000] "POST /api/v1/emps/login HTTP/1.1" 200 425 "http://localhost:4200/" "Mozilla/5.0 (Windows NT 10.0; Win64; x64) AppleWebKit/537.36 (KHTML, like Gecko) Chrome/100.0.4896.75 Safari/537.36 Edg/100.0.1185.36"

info: ::1 - - [11/Apr/2022:08:56:57 +0000] "POST /api/v1/emps/login HTTP/1.1" 200 418 "http://localhost:4200/" "Mozilla/5.0 (Windows NT 10.0; Win64; x64) AppleWebKit/537.36 (KHTML, like Gecko) Chrome/100.0.4896.75 Safari/537.36 Edg/100.0.1185.36"

info: ::1 - - [11/Apr/2022:09:47:26 +0000] "POST /api/v1/emps/login HTTP/1.1" 200 425 "http://localhost:4200/" "Mozilla/5.0 (Windows NT 10.0; Win64; x64) AppleWebKit/537.36 (KHTML, like Gecko) Chrome/100.0.4896.75 Safari/537.36 Edg/100.0.1185.36"

info: ::ffff:127.0.0.1 - - [11/Apr/2022:09:51:13 +0000] "POST /api/v1/emps/login HTTP/1.1" 200 418 "-" "Thunder Client (https://www.thunderclient.com)"

info: ::1 - - [11/Apr/2022:09:51:34 +0000] "POST /api/v1/emps/login HTTP/1.1" 200 418 "http://localhost:4200/" "Mozilla/5.0 (Windows NT 10.0; Win64; x64) AppleWebKit/537.36 (KHTML, like Gecko) Chrome/100.0.4896.75 Safari/537.36 Edg/100.0.1185.36"

info: ::1 - - [11/Apr/2022:09:53:15 +0000] "POST /api/v1/emps/login HTTP/1.1" 200 425 "http://localhost:4200/" "Mozilla/5.0 (Windows NT 10.0; Win64; x64) AppleWebKit/537.36 (KHTML, like Gecko) Chrome/100.0.4896.75 Safari/537.36 Edg/100.0.1185.36"

info: ::1 - - [11/Apr/2022:09:54:33 +0000] "POST /api/v1/emps/login HTTP/1.1" 200 418 "http://localhost:4200/" "Mozilla/5.0 (Windows NT 10.0; Win64; x64) AppleWebKit/537.36 (KHTML, like Gecko) Chrome/100.0.4896.75 Safari/537.36 Edg/100.0.1185.36"

info: ::1 - - [11/Apr/2022:09:55:04 +0000] "POST /api/v1/emps/login HTTP/1.1" 200 418 "http://localhost:4200/" "Mozilla/5.0 (Windows NT 10.0; Win64; x64) AppleWebKit/537.36 (KHTML, like Gecko) Chrome/100.0.4896.75 Safari/537.36 Edg/100.0.1185.36"

info: ::1 - - [11/Apr/2022:10:15:33 +0000] "POST /api/v1/emps/login HTTP/1.1" 200 418 "http://localhost:4200/" "Mozilla/5.0 (Windows NT 10.0; Win64; x64) AppleWebKit/537.36 (KHTML, like Gecko) Chrome/100.0.4896.75 Safari/537.36 Edg/100.0.1185.36"

info: ::1 - - [11/Apr/2022:10:15:51 +0000] "POST /api/v1/emps/login HTTP/1.1" 200 418 "http://localhost:4200/" "Mozilla/5.0 (Windows NT 10.0; Win64; x64) AppleWebKit/537.36 (KHTML, like Gecko) Chrome/100.0.4896.75 Safari/537.36 Edg/100.0.1185.36"

info: ::1 - - [11/Apr/2022:10:19:48 +0000] "POST /api/v1/emps/login HTTP/1.1" 200 418 "http://localhost:4200/" "Mozilla/5.0 (Windows NT 10.0; Win64; x64) AppleWebKit/537.36 (KHTML, like Gecko) Chrome/100.0.4896.75 Safari/537.36 Edg/100.0.1185.36"

info: ::1 - - [11/Apr/2022:10:24:36 +0000] "POST /api/v1/emps/login HTTP/1.1" 200 418 "http://localhost:4200/" "Mozilla/5.0 (Windows NT 10.0; Win64; x64) AppleWebKit/537.36 (KHTML, like Gecko) Chrome/100.0.4896.75 Safari/537.36 Edg/100.0.1185.36"

info: ::1 - - [11/Apr/2022:10:24:59 +0000] "POST /api/v1/emps/login HTTP/1.1" 200 418 "http://localhost:4200/" "Mozilla/5.0 (Windows NT 10.0; Win64; x64) AppleWebKit/537.36 (KHTML, like Gecko) Chrome/100.0.4896.75 Safari/537.36 Edg/100.0.1185.36"

info: ::1 - - [11/Apr/2022:10:41:54 +0000] "POST /api/v1/emps/login HTTP/1.1" 200 418 "http://localhost:4200/" "Mozilla/5.0 (Windows NT 10.0; Win64; x64) AppleWebKit/537.36 (KHTML, like Gecko) Chrome/100.0.4896.75 Safari/537.36 Edg/100.0.1185.36"

info: ::1 - - [11/Apr/2022:12:03:58 +0000] "GET /api/v1/dept/ HTTP/1.1" 200 495 "http://localhost:4200/" "Mozilla/5.0 (Windows NT 10.0; Win64; x64) AppleWebKit/537.36 (KHTML, like Gecko) Chrome/100.0.4896.75 Safari/537.36 Edg/100.0.1185.36"

info: ::1 - - [11/Apr/2022:12:06:21 +0000] "POST /api/v1/emps/login HTTP/1.1" 200 418 "http://localhost:4200/" "Mozilla/5.0 (Windows NT 10.0; Win64; x64) AppleWebKit/537.36 (KHTML, like Gecko) Chrome/100.0.4896.75 Safari/537.36 Edg/100.0.1185.36"

info: ::1 - - [11/Apr/2022:12:06:45 +0000] "POST /api/v1/emps/login HTTP/1.1" 200 418 "http://localhost:4200/" "Mozilla/5.0 (Windows NT 10.0; Win64; x64) AppleWebKit/537.36 (KHTML, like Gecko) Chrome/100.0.4896.75 Safari/537.36 Edg/100.0.1185.36"

info: ::1 - - [11/Apr/2022:12:07:59 +0000] "GET /api/v1/role/ HTTP/1.1" 200 477 "http://localhost:4200/" "Mozilla/5.0 (Windows NT 10.0; Win64; x64) AppleWebKit/537.36 (KHTML, like Gecko) Chrome/100.0.4896.75 Safari/537.36 Edg/100.0.1185.36"

info: ::1 - - [11/Apr/2022:12:08:01 +0000] "GET /api/v1/dept/ HTTP/1.1" 304 - "http://localhost:4200/" "Mozilla/5.0 (Windows NT 10.0; Win64; x64) AppleWebKit/537.36 (KHTML, like Gecko) Chrome/100.0.4896.75 Safari/537.36 Edg/100.0.1185.36"

info: ::1 - - [11/Apr/2022:12:11:32 +0000] "GET /api/v1/dept/ HTTP/1.1" 304 - "http://localhost:4200/" "Mozilla/5.0 (Windows NT 10.0; Win64; x64) AppleWebKit/537.36 (KHTML, like Gecko) Chrome/100.0.4896.75 Safari/537.36 Edg/100.0.1185.36"

info: ::1 - - [11/Apr/2022:12:13:52 +0000] "POST /api/v1/emps/login HTTP/1.1" 200 418 "http://localhost:4200/" "Mozilla/5.0 (Windows NT 10.0; Win64; x64) AppleWebKit/537.36 (KHTML, like Gecko) Chrome/100.0.4896.75 Safari/537.36 Edg/100.0.1185.36"

info: ::1 - - [11/Apr/2022:12:14:06 +0000] "GET /api/v1/dept/ HTTP/1.1" 304 - "http://localhost:4200/" "Mozilla/5.0 (Windows NT 10.0; Win64; x64) AppleWebKit/537.36 (KHTML, like Gecko) Chrome/100.0.4896.75 Safari/537.36 Edg/100.0.1185.36"

info: ::1 - - [11/Apr/2022:12:15:18 +0000] "GET /api/v1/emps/ HTTP/1.1" 304 - "http://localhost:4200/" "Mozilla/5.0 (Windows NT 10.0; Win64; x64) AppleWebKit/537.36 (KHTML, like Gecko) Chrome/100.0.4896.75 Safari/537.36 Edg/100.0.1185.36"

info: ::1 - - [11/Apr/2022:12:15:28 +0000] "GET /api/v1/dept/ HTTP/1.1" 304 - "http://localhost:4200/" "Mozilla/5.0 (Windows NT 10.0; Win64; x64) AppleWebKit/537.36 (KHTML, like Gecko) Chrome/100.0.4896.75 Safari/537.36 Edg/100.0.1185.36"

info: ::1 - - [11/Apr/2022:12:17:58 +0000] "GET /api/v1/dept/ HTTP/1.1" 304 - "http://localhost:4200/" "Mozilla/5.0 (Windows NT 10.0; Win64; x64) AppleWebKit/537.36 (KHTML, like Gecko) Chrome/100.0.4896.75 Safari/537.36 Edg/100.0.1185.36"

info: ::1 - - [11/Apr/2022:12:19:57 +0000] "GET /api/v1/dept/ HTTP/1.1" 304 - "http://localhost:4200/" "Mozilla/5.0 (Windows NT 10.0; Win64; x64) AppleWebKit/537.36 (KHTML, like Gecko) Chrome/100.0.4896.75 Safari/537.36 Edg/100.0.1185.36"

info: ::1 - - [11/Apr/2022:12:20:32 +0000] "GET /api/v1/dept/ HTTP/1.1" 304 - "http://localhost:4200/" "Mozilla/5.0 (Windows NT 10.0; Win64; x64) AppleWebKit/537.36 (KHTML, like Gecko) Chrome/100.0.4896.75 Safari/537.36 Edg/100.0.1185.36"

info: ::1 - - [11/Apr/2022:12:20:45 +0000] "GET /api/v1/emps/ HTTP/1.1" 304 - "http://localhost:4200/" "Mozilla/5.0 (Windows NT 10.0; Win64; x64) AppleWebKit/537.36 (KHTML, like Gecko) Chrome/100.0.4896.75 Safari/537.36 Edg/100.0.1185.36"

info: ::1 - - [11/Apr/2022:12:21:20 +0000] "PUT /api/v1/emps/625141a2312505445d56f5db HTTP/1.1" 202 411 "http://localhost:4200/" "Mozilla/5.0 (Windows NT 10.0; Win64; x64) AppleWebKit/537.36 (KHTML, like Gecko) Chrome/100.0.4896.75 Safari/537.36 Edg/100.0.1185.36"

info: ::1 - - [11/Apr/2022:12:21:26 +0000] "GET /api/v1/emps/ HTTP/1.1" 200 1247 "http://localhost:4200/" "Mozilla/5.0 (Windows NT 10.0; Win64; x64) AppleWebKit/537.36 (KHTML, like Gecko) Chrome/100.0.4896.75 Safari/537.36 Edg/100.0.1185.36"

info: ::1 - - [11/Apr/2022:12:21:30 +0000] "DELETE /api/v1/emps/625147e7e9649c1de733dcd5 HTTP/1.1" 404 47 "http://localhost:4200/" "Mozilla/5.0 (Windows NT 10.0; Win64; x64) AppleWebKit/537.36 (KHTML, like Gecko) Chrome/100.0.4896.75 Safari/537.36 Edg/100.0.1185.36"

info: ::1 - - [11/Apr/2022:12:21:47 +0000] "POST /api/v1/emps/ HTTP/1.1" 401 48 "http://localhost:4200/" "Mozilla/5.0 (Windows NT 10.0; Win64; x64) AppleWebKit/537.36 (KHTML, like Gecko) Chrome/100.0.4896.75 Safari/537.36 Edg/100.0.1185.36"

info: ::1 - - [11/Apr/2022:12:23:08 +0000] "GET /api/v1/emps/ HTTP/1.1" 304 - "http://localhost:4200/" "Mozilla/5.0 (Windows NT 10.0; Win64; x64) AppleWebKit/537.36 (KHTML, like Gecko) Chrome/100.0.4896.75 Safari/537.36 Edg/100.0.1185.36"

info: ::1 - - [11/Apr/2022:12:23:21 +0000] "POST /api/v1/emps/login HTTP/1.1" 200 418 "http://localhost:4200/" "Mozilla/5.0 (Windows NT 10.0; Win64; x64) AppleWebKit/537.36 (KHTML, like Gecko) Chrome/100.0.4896.75 Safari/537.36 Edg/100.0.1185.36"

info: ::1 - - [11/Apr/2022:12:23:28 +0000] "GET /api/v1/emps/ HTTP/1.1" 304 - "http://localhost:4200/" "Mozilla/5.0 (Windows NT 10.0; Win64; x64) AppleWebKit/537.36 (KHTML, like Gecko) Chrome/100.0.4896.75 Safari/537.36 Edg/100.0.1185.36"

info: ::1 - - [11/Apr/2022:12:25:20 +0000] "GET /api/v1/emps/ HTTP/1.1" 304 - "http://localhost:4200/" "Mozilla/5.0 (Windows NT 10.0; Win64; x64) AppleWebKit/537.36 (KHTML, like Gecko) Chrome/100.0.4896.75 Safari/537.36 Edg/100.0.1185.36"

info: ::1 - - [11/Apr/2022:12:25:35 +0000] "POST /api/v1/emps/ HTTP/1.1" 401 48 "http://localhost:4200/" "Mozilla/5.0 (Windows NT 10.0; Win64; x64) AppleWebKit/537.36 (KHTML, like Gecko) Chrome/100.0.4896.75 Safari/537.36 Edg/100.0.1185.36"

info: ::1 - - [11/Apr/2022:12:26:16 +0000] "POST /api/v1/emps/ HTTP/1.1" 500 67 "http://localhost:4200/" "Mozilla/5.0 (Windows NT 10.0; Win64; x64) AppleWebKit/537.36 (KHTML, like Gecko) Chrome/100.0.4896.75 Safari/537.36 Edg/100.0.1185.36"

info: ::1 - - [11/Apr/2022:12:28:15 +0000] "POST /api/v1/emps/ HTTP/1.1" 500 67 "http://localhost:4200/" "Mozilla/5.0 (Windows NT 10.0; Win64; x64) AppleWebKit/537.36 (KHTML, like Gecko) Chrome/100.0.4896.75 Safari/537.36 Edg/100.0.1185.36"

info: ::1 - - [11/Apr/2022:12:29:09 +0000] "POST /api/v1/emps/ HTTP/1.1" 500 67 "http://localhost:4200/" "Mozilla/5.0 (Windows NT 10.0; Win64; x64) AppleWebKit/537.36 (KHTML, like Gecko) Chrome/100.0.4896.75 Safari/537.36 Edg/100.0.1185.36"

info: ::ffff:127.0.0.1 - - [11/Apr/2022:12:30:02 +0000] "POST /api/v1/emps/ HTTP/1.1" 401 48 "-" "Thunder Client (https://www.thunderclient.com)"

info: ::ffff:127.0.0.1 - - [11/Apr/2022:12:47:09 +0000] "POST /api/v1/emps/login HTTP/1.1" 200 358 "-" "Thunder Client (https://www.thunderclient.com)"

info: ::ffff:127.0.0.1 - - [11/Apr/2022:12:47:50 +0000] "POST /api/v1/emps/ HTTP/1.1" 401 48 "-" "Thunder Client (https://www.thunderclient.com)"

info: ::ffff:127.0.0.1 - - [11/Apr/2022:12:50:51 +0000] "POST /api/v1/emps/ HTTP/1.1" 401 48 "-" "Thunder Client (https://www.thunderclient.com)"

info: ::ffff:127.0.0.1 - - [11/Apr/2022:12:53:11 +0000] "POST /api/v1/emps/ HTTP/1.1" 201 101 "-" "Thunder Client (https://www.thunderclient.com)"

info: ::1 - - [11/Apr/2022:12:53:21 +0000] "POST /api/v1/emps/ HTTP/1.1" 401 48 "http://localhost:4200/" "Mozilla/5.0 (Windows NT 10.0; Win64; x64) AppleWebKit/537.36 (KHTML, like Gecko) Chrome/100.0.4896.75 Safari/537.36 Edg/100.0.1185.36"

info: ::1 - - [11/Apr/2022:12:54:44 +0000] "GET /api/v1/emps/ HTTP/1.1" 200 1593 "http://localhost:4200/" "Mozilla/5.0 (Windows NT 10.0; Win64; x64) AppleWebKit/537.36 (KHTML, like Gecko) Chrome/100.0.4896.75 Safari/537.36 Edg/100.0.1185.36"

info: ::1 - - [11/Apr/2022:12:55:09 +0000] "POST /api/v1/emps/ HTTP/1.1" 401 48 "http://localhost:4200/" "Mozilla/5.0 (Windows NT 10.0; Win64; x64) AppleWebKit/537.36 (KHTML, like Gecko) Chrome/100.0.4896.75 Safari/537.36 Edg/100.0.1185.36"

info: ::1 - - [11/Apr/2022:12:57:07 +0000] "POST /api/v1/emps/ HTTP/1.1" 500 67 "http://localhost:4200/" "Mozilla/5.0 (Windows NT 10.0; Win64; x64) AppleWebKit/537.36 (KHTML, like Gecko) Chrome/100.0.4896.75 Safari/537.36 Edg/100.0.1185.36"

info: ::ffff:127.0.0.1 - - [11/Apr/2022:12:57:32 +0000] "POST /api/v1/emps/ HTTP/1.1" 401 48 "-" "Thunder Client (https://www.thunderclient.com)"

info: ::ffff:127.0.0.1 - - [11/Apr/2022:12:57:46 +0000] "POST /api/v1/emps/ HTTP/1.1" 500 67 "-" "Thunder Client (https://www.thunderclient.com)"

info: ::1 - - [11/Apr/2022:13:05:22 +0000] "GET /api/v1/emps/ HTTP/1.1" 304 - "http://localhost:4200/" "Mozilla/5.0 (Windows NT 10.0; Win64; x64) AppleWebKit/537.36 (KHTML, like Gecko) Chrome/100.0.4896.75 Safari/537.36 Edg/100.0.1185.36"

info: ::1 - - [11/Apr/2022:13:05:31 +0000] "GET /api/v1/emps/ HTTP/1.1" 304 - "http://localhost:4200/" "Mozilla/5.0 (Windows NT 10.0; Win64; x64) AppleWebKit/537.36 (KHTML, like Gecko) Chrome/100.0.4896.75 Safari/537.36 Edg/100.0.1185.36"

info: ::1 - - [11/Apr/2022:13:06:42 +0000] "POST /api/v1/emps/ HTTP/1.1" 401 48 "http://localhost:4200/" "Mozilla/5.0 (Windows NT 10.0; Win64; x64) AppleWebKit/537.36 (KHTML, like Gecko) Chrome/100.0.4896.75 Safari/537.36 Edg/100.0.1185.36"

info: ::ffff:127.0.0.1 - - [11/Apr/2022:13:10:12 +0000] "POST /api/v1/emps/ HTTP/1.1" 500 69 "-" "Thunder Client (https://www.thunderclient.com)"

info: ::ffff:127.0.0.1 - - [11/Apr/2022:13:12:24 +0000] "POST /api/v1/emps/ HTTP/1.1" 401 48 "-" "Thunder Client (https://www.thunderclient.com)"

info: ::ffff:127.0.0.1 - - [11/Apr/2022:13:12:33 +0000] "POST /api/v1/emps/ HTTP/1.1" 401 48 "-" "Thunder Client (https://www.thunderclient.com)"

info: ::ffff:127.0.0.1 - - [11/Apr/2022:13:14:05 +0000] "POST /api/v1/emps/ HTTP/1.1" 500 67 "-" "Thunder Client (https://www.thunderclient.com)"

info: ::ffff:127.0.0.1 - - [11/Apr/2022:13:14:16 +0000] "POST /api/v1/emps/ HTTP/1.1" 201 101 "-" "Thunder Client (https://www.thunderclient.com)"

info: ::1 - - [11/Apr/2022:13:14:21 +0000] "POST /api/v1/emps/ HTTP/1.1" 201 101 "http://localhost:4200/" "Mozilla/5.0 (Windows NT 10.0; Win64; x64) AppleWebKit/537.36 (KHTML, like Gecko) Chrome/100.0.4896.75 Safari/537.36 Edg/100.0.1185.36"

info: ::1 - - [11/Apr/2022:13:14:21 +0000] "POST /api/v1/emps/ HTTP/1.1" 201 101 "http://localhost:4200/" "Mozilla/5.0 (Windows NT 10.0; Win64; x64) AppleWebKit/537.36 (KHTML, like Gecko) Chrome/100.0.4896.75 Safari/537.36 Edg/100.0.1185.36"

info: ::1 - - [11/Apr/2022:13:14:28 +0000] "GET /api/v1/emps/ HTTP/1.1" 200 2631 "http://localhost:4200/" "Mozilla/5.0 (Windows NT 10.0; Win64; x64) AppleWebKit/537.36 (KHTML, like Gecko) Chrome/100.0.4896.75 Safari/537.36 Edg/100.0.1185.36"

info: ::1 - - [11/Apr/2022:13:14:35 +0000] "DELETE /api/v1/emps/625424b70793b6e1d6ab3681 HTTP/1.1" 404 47 "http://localhost:4200/" "Mozilla/5.0 (Windows NT 10.0; Win64; x64) AppleWebKit/537.36 (KHTML, like Gecko) Chrome/100.0.4896.75 Safari/537.36 Edg/100.0.1185.36"

info: ::ffff:127.0.0.1 - - [11/Apr/2022:13:21:41 +0000] "PUT /api/v1/emps/delete/625429ad9dc17802ad9306e7 HTTP/1.1" 200 153 "-" "Thunder Client (https://www.thunderclient.com)"

info: ::ffff:127.0.0.1 - - [11/Apr/2022:13:22:06 +0000] "GET /api/v1/emps/ HTTP/1.1" 200 1938 "-" "Thunder Client (https://www.thunderclient.com)"

info: ::ffff:127.0.0.1 - - [11/Apr/2022:13:23:02 +0000] "GET /api/v1/emps/ HTTP/1.1" 200 1407 "-" "Thunder Client (https://www.thunderclient.com)"

info: ::1 - - [11/Apr/2022:13:24:26 +0000] "GET /api/v1/emps/ HTTP/1.1" 200 1407 "http://localhost:4200/" "Mozilla/5.0 (Windows NT 10.0; Win64; x64) AppleWebKit/537.36 (KHTML, like Gecko) Chrome/100.0.4896.75 Safari/537.36 Edg/100.0.1185.36"

info: ::1 - - [11/Apr/2022:13:28:25 +0000] "GET /api/v1/emps/ HTTP/1.1" 304 - "http://localhost:4200/" "Mozilla/5.0 (Windows NT 10.0; Win64; x64) AppleWebKit/537.36 (KHTML, like Gecko) Chrome/100.0.4896.75 Safari/537.36 Edg/100.0.1185.36"

info: ::1 - - [11/Apr/2022:13:28:44 +0000] "GET /api/v1/emps/ HTTP/1.1" 304 - "http://localhost:4200/" "Mozilla/5.0 (Windows NT 10.0; Win64; x64) AppleWebKit/537.36 (KHTML, like Gecko) Chrome/100.0.4896.75 Safari/537.36 Edg/100.0.1185.36"

info: ::1 - - [11/Apr/2022:13:29:27 +0000] "POST /api/v1/emps/ HTTP/1.1" 201 101 "http://localhost:4200/" "Mozilla/5.0 (Windows NT 10.0; Win64; x64) AppleWebKit/537.36 (KHTML, like Gecko) Chrome/100.0.4896.75 Safari/537.36 Edg/100.0.1185.36"

info: ::1 - - [11/Apr/2022:13:29:30 +0000] "GET /api/v1/emps/ HTTP/1.1" 200 1770 "http://localhost:4200/" "Mozilla/5.0 (Windows NT 10.0; Win64; x64) AppleWebKit/537.36 (KHTML, like Gecko) Chrome/100.0.4896.75 Safari/537.36 Edg/100.0.1185.36"

info: ::1 - - [11/Apr/2022:13:30:20 +0000] "PUT /api/v1/emps/delete/625424b70793b6e1d6ab3681 HTTP/1.1" 200 153 "http://localhost:4200/" "Mozilla/5.0 (Windows NT 10.0; Win64; x64) AppleWebKit/537.36 (KHTML, like Gecko) Chrome/100.0.4896.75 Safari/537.36 Edg/100.0.1185.36"

info: ::1 - - [11/Apr/2022:13:30:28 +0000] "GET /api/v1/emps/ HTTP/1.1" 200 1424 "http://localhost:4200/" "Mozilla/5.0 (Windows NT 10.0; Win64; x64) AppleWebKit/537.36 (KHTML, like Gecko) Chrome/100.0.4896.75 Safari/537.36 Edg/100.0.1185.36"

info: ::ffff:127.0.0.1 - - [11/Apr/2022:13:34:22 +0000] "GET /api/v1/emps/ HTTP/1.1" 200 67 "-" "Thunder Client (https://www.thunderclient.com)"

info: ::ffff:127.0.0.1 - - [11/Apr/2022:13:36:36 +0000] "GET /api/v1/emps/ HTTP/1.1" 200 67 "-" "Thunder Client (https://www.thunderclient.com)"

info: ::ffff:127.0.0.1 - - [11/Apr/2022:13:37:33 +0000] "GET /api/v1/emps/ HTTP/1.1" 200 67 "-" "Thunder Client (https://www.thunderclient.com)"

info: ::ffff:127.0.0.1 - - [11/Apr/2022:13:45:24 +0000] "GET /api/v1/emps/ HTTP/1.1" 200 1424 "-" "Thunder Client (https://www.thunderclient.com)"

info: ::1 - - [11/Apr/2022:13:46:16 +0000] "GET /api/v1/emps/ HTTP/1.1" 304 - "http://localhost:4200/" "Mozilla/5.0 (Windows NT 10.0; Win64; x64) AppleWebKit/537.36 (KHTML, like Gecko) Chrome/100.0.4896.75 Safari/537.36 Edg/100.0.1185.36"

info: ::1 - - [11/Apr/2022:13:48:07 +0000] "GET /api/v1/emps/ HTTP/1.1" 304 - "http://localhost:4200/" "Mozilla/5.0 (Windows NT 10.0; Win64; x64) AppleWebKit/537.36 (KHTML, like Gecko) Chrome/100.0.4896.75 Safari/537.36 Edg/100.0.1185.36"

info: ::1 - - [11/Apr/2022:13:48:29 +0000] "GET /api/v1/dept/ HTTP/1.1" 304 - "http://localhost:4200/" "Mozilla/5.0 (Windows NT 10.0; Win64; x64) AppleWebKit/537.36 (KHTML, like Gecko) Chrome/100.0.4896.75 Safari/537.36 Edg/100.0.1185.36"

info: ::1 - - [11/Apr/2022:13:48:32 +0000] "GET /api/v1/role/ HTTP/1.1" 304 - "http://localhost:4200/" "Mozilla/5.0 (Windows NT 10.0; Win64; x64) AppleWebKit/537.36 (KHTML, like Gecko) Chrome/100.0.4896.75 Safari/537.36 Edg/100.0.1185.36"

info: ::1 - - [11/Apr/2022:13:55:17 +0000] "GET /api/v1/role/ HTTP/1.1" 304 - "http://localhost:4200/" "Mozilla/5.0 (Windows NT 10.0; Win64; x64) AppleWebKit/537.36 (KHTML, like Gecko) Chrome/100.0.4896.75 Safari/537.36 Edg/100.0.1185.36"

info: ::1 - - [11/Apr/2022:13:58:02 +0000] "GET /api/v1/role/ HTTP/1.1" 304 - "http://localhost:4200/" "Mozilla/5.0 (Windows NT 10.0; Win64; x64) AppleWebKit/537.36 (KHTML, like Gecko) Chrome/100.0.4896.75 Safari/537.36 Edg/100.0.1185.36"

info: ::1 - - [11/Apr/2022:14:05:22 +0000] "GET /api/v1/role/ HTTP/1.1" 304 - "http://localhost:4200/" "Mozilla/5.0 (Windows NT 10.0; Win64; x64) AppleWebKit/537.36 (KHTML, like Gecko) Chrome/100.0.4896.75 Safari/537.36 Edg/100.0.1185.36"

info: ::1 - - [11/Apr/2022:14:06:38 +0000] "GET /api/v1/dept/ HTTP/1.1" 304 - "http://localhost:4200/" "Mozilla/5.0 (Windows NT 10.0; Win64; x64) AppleWebKit/537.36 (KHTML, like Gecko) Chrome/100.0.4896.75 Safari/537.36 Edg/100.0.1185.36"

info: ::1 - - [11/Apr/2022:14:49:57 +0000] "POST /api/v1/emps/login HTTP/1.1" 200 358 "http://localhost:4200/" "Mozilla/5.0 (Windows NT 10.0; Win64; x64) AppleWebKit/537.36 (KHTML, like Gecko) Chrome/100.0.4896.75 Safari/537.36 Edg/100.0.1185.36"

info: ::1 - - [11/Apr/2022:14:52:37 +0000] "POST /api/v1/emps/login HTTP/1.1" 200 358 "http://localhost:4200/" "Mozilla/5.0 (Windows NT 10.0; Win64; x64) AppleWebKit/537.36 (KHTML, like Gecko) Chrome/100.0.4896.75 Safari/537.36 Edg/100.0.1185.36"

info: ::1 - - [11/Apr/2022:14:54:28 +0000] "POST /api/v1/emps/login HTTP/1.1" 200 358 "http://localhost:4200/" "Mozilla/5.0 (Windows NT 10.0; Win64; x64) AppleWebKit/537.36 (KHTML, like Gecko) Chrome/100.0.4896.75 Safari/537.36 Edg/100.0.1185.36"

info: ::1 - - [11/Apr/2022:14:54:46 +0000] "POST /api/v1/emps/login HTTP/1.1" 200 358 "http://localhost:4200/" "Mozilla/5.0 (Windows NT 10.0; Win64; x64) AppleWebKit/537.36 (KHTML, like Gecko) Chrome/100.0.4896.75 Safari/537.36 Edg/100.0.1185.36"

info: ::1 - - [11/Apr/2022:14:55:07 +0000] "POST /api/v1/emps/login HTTP/1.1" 200 358 "http://localhost:4200/" "Mozilla/5.0 (Windows NT 10.0; Win64; x64) AppleWebKit/537.36 (KHTML, like Gecko) Chrome/100.0.4896.75 Safari/537.36 Edg/100.0.1185.36"

info: ::1 - - [11/Apr/2022:14:56:17 +0000] "POST /api/v1/emps/login HTTP/1.1" 200 358 "http://localhost:4200/" "Mozilla/5.0 (Windows NT 10.0; Win64; x64) AppleWebKit/537.36 (KHTML, like Gecko) Chrome/100.0.4896.75 Safari/537.36 Edg/100.0.1185.36"

info: ::1 - - [11/Apr/2022:14:58:13 +0000] "POST /api/v1/emps/login HTTP/1.1" 200 358 "http://localhost:4200/" "Mozilla/5.0 (Windows NT 10.0; Win64; x64) AppleWebKit/537.36 (KHTML, like Gecko) Chrome/100.0.4896.75 Safari/537.36 Edg/100.0.1185.36"

info: ::1 - - [11/Apr/2022:14:58:33 +0000] "POST /api/v1/emps/login HTTP/1.1" 200 358 "http://localhost:4200/" "Mozilla/5.0 (Windows NT 10.0; Win64; x64) AppleWebKit/537.36 (KHTML, like Gecko) Chrome/100.0.4896.75 Safari/537.36 Edg/100.0.1185.36"

info: ::1 - - [11/Apr/2022:15:00:45 +0000] "POST /api/v1/emps/login HTTP/1.1" 200 358 "http://localhost:4200/" "Mozilla/5.0 (Windows NT 10.0; Win64; x64) AppleWebKit/537.36 (KHTML, like Gecko) Chrome/100.0.4896.75 Safari/537.36 Edg/100.0.1185.36"

info: ::1 - - [11/Apr/2022:15:00:59 +0000] "POST /api/v1/emps/login HTTP/1.1" 200 358 "http://localhost:4200/" "Mozilla/5.0 (Windows NT 10.0; Win64; x64) AppleWebKit/537.36 (KHTML, like Gecko) Chrome/100.0.4896.75 Safari/537.36 Edg/100.0.1185.36"

info: ::1 - - [11/Apr/2022:15:09:11 +0000] "GET /api/v1/emps/ HTTP/1.1" 304 - "http://localhost:4200/" "Mozilla/5.0 (Windows NT 10.0; Win64; x64) AppleWebKit/537.36 (KHTML, like Gecko) Chrome/100.0.4896.75 Safari/537.36 Edg/100.0.1185.36"

info: ::1 - - [11/Apr/2022:15:09:13 +0000] "GET /api/v1/dept/ HTTP/1.1" 304 - "http://localhost:4200/" "Mozilla/5.0 (Windows NT 10.0; Win64; x64) AppleWebKit/537.36 (KHTML, like Gecko) Chrome/100.0.4896.75 Safari/537.36 Edg/100.0.1185.36"

info: ::1 - - [11/Apr/2022:15:09:15 +0000] "GET /api/v1/role/ HTTP/1.1" 304 - "http://localhost:4200/" "Mozilla/5.0 (Windows NT 10.0; Win64; x64) AppleWebKit/537.36 (KHTML, like Gecko) Chrome/100.0.4896.75 Safari/537.36 Edg/100.0.1185.36"

info: ::1 - - [11/Apr/2022:15:09:23 +0000] "GET /api/v1/emps/ HTTP/1.1" 304 - "http://localhost:4200/" "Mozilla/5.0 (Windows NT 10.0; Win64; x64) AppleWebKit/537.36 (KHTML, like Gecko) Chrome/100.0.4896.75 Safari/537.36 Edg/100.0.1185.36"

info: ::1 - - [11/Apr/2022:15:12:55 +0000] "GET /api/v1/role/ HTTP/1.1" 304 - "http://localhost:4200/" "Mozilla/5.0 (Windows NT 10.0; Win64; x64) AppleWebKit/537.36 (KHTML, like Gecko) Chrome/100.0.4896.75 Safari/537.36 Edg/100.0.1185.36"

info: ::1 - - [11/Apr/2022:15:12:56 +0000] "GET /api/v1/dept/ HTTP/1.1" 304 - "http://localhost:4200/" "Mozilla/5.0 (Windows NT 10.0; Win64; x64) AppleWebKit/537.36 (KHTML, like Gecko) Chrome/100.0.4896.75 Safari/537.36 Edg/100.0.1185.36"

info: ::1 - - [11/Apr/2022:15:12:56 +0000] "GET /api/v1/emps/ HTTP/1.1" 304 - "http://localhost:4200/" "Mozilla/5.0 (Windows NT 10.0; Win64; x64) AppleWebKit/537.36 (KHTML, like Gecko) Chrome/100.0.4896.75 Safari/537.36 Edg/100.0.1185.36"

info: ::1 - - [11/Apr/2022:15:18:33 +0000] "POST /api/v1/emps/login HTTP/1.1" 200 358 "http://localhost:4200/" "Mozilla/5.0 (Windows NT 10.0; Win64; x64) AppleWebKit/537.36 (KHTML, like Gecko) Chrome/100.0.4896.75 Safari/537.36 Edg/100.0.1185.36"

info: ::1 - - [11/Apr/2022:15:18:50 +0000] "POST /api/v1/emps/login HTTP/1.1" 200 358 "http://localhost:4200/" "Mozilla/5.0 (Windows NT 10.0; Win64; x64) AppleWebKit/537.36 (KHTML, like Gecko) Chrome/100.0.4896.75 Safari/537.36 Edg/100.0.1185.36"

info: ::1 - - [11/Apr/2022:15:23:16 +0000] "POST /api/v1/emps/login HTTP/1.1" 200 358 "http://localhost:4200/" "Mozilla/5.0 (Windows NT 10.0; Win64; x64) AppleWebKit/537.36 (KHTML, like Gecko) Chrome/100.0.4896.75 Safari/537.36 Edg/100.0.1185.36"

info: ::1 - - [11/Apr/2022:15:27:41 +0000] "POST /api/v1/emps/login HTTP/1.1" 200 358 "http://localhost:4200/" "Mozilla/5.0 (Windows NT 10.0; Win64; x64) AppleWebKit/537.36 (KHTML, like Gecko) Chrome/100.0.4896.75 Safari/537.36 Edg/100.0.1185.36"

info: ::1 - - [11/Apr/2022:15:35:17 +0000] "POST /api/v1/emps/login HTTP/1.1" 200 358 "http://localhost:4200/" "Mozilla/5.0 (Windows NT 10.0; Win64; x64) AppleWebKit/537.36 (KHTML, like Gecko) Chrome/100.0.4896.75 Safari/537.36 Edg/100.0.1185.36"

info: ::1 - - [11/Apr/2022:15:39:40 +0000] "POST /api/v1/emps/login HTTP/1.1" 200 358 "http://localhost:4200/" "Mozilla/5.0 (Windows NT 10.0; Win64; x64) AppleWebKit/537.36 (KHTML, like Gecko) Chrome/100.0.4896.75 Safari/537.36 Edg/100.0.1185.36"

info: ::1 - - [11/Apr/2022:15:45:46 +0000] "POST /api/v1/emps/login HTTP/1.1" 200 358 "http://localhost:4200/" "Mozilla/5.0 (Windows NT 10.0; Win64; x64) AppleWebKit/537.36 (KHTML, like Gecko) Chrome/100.0.4896.75 Safari/537.36 Edg/100.0.1185.36"

info: ::1 - - [11/Apr/2022:15:49:34 +0000] "POST /api/v1/emps/login HTTP/1.1" 200 358 "http://localhost:4200/" "Mozilla/5.0 (Windows NT 10.0; Win64; x64) AppleWebKit/537.36 (KHTML, like Gecko) Chrome/100.0.4896.75 Safari/537.36 Edg/100.0.1185.36"

info: ::1 - - [11/Apr/2022:15:49:49 +0000] "POST /api/v1/emps/login HTTP/1.1" 200 358 "http://localhost:4200/" "Mozilla/5.0 (Windows NT 10.0; Win64; x64) AppleWebKit/537.36 (KHTML, like Gecko) Chrome/100.0.4896.75 Safari/537.36 Edg/100.0.1185.36"

info: ::1 - - [11/Apr/2022:15:51:12 +0000] "POST /api/v1/emps/login HTTP/1.1" 200 358 "http://localhost:4200/" "Mozilla/5.0 (Windows NT 10.0; Win64; x64) AppleWebKit/537.36 (KHTML, like Gecko) Chrome/100.0.4896.75 Safari/537.36 Edg/100.0.1185.36"

info: ::1 - - [11/Apr/2022:15:51:35 +0000] "POST /api/v1/emps/login HTTP/1.1" 200 358 "http://localhost:4200/" "Mozilla/5.0 (Windows NT 10.0; Win64; x64) AppleWebKit/537.36 (KHTML, like Gecko) Chrome/100.0.4896.75 Safari/537.36 Edg/100.0.1185.36"

info: ::1 - - [11/Apr/2022:15:52:20 +0000] "POST /api/v1/emps/login HTTP/1.1" 200 358 "http://localhost:4200/" "Mozilla/5.0 (Windows NT 10.0; Win64; x64) AppleWebKit/537.36 (KHTML, like Gecko) Chrome/100.0.4896.75 Safari/537.36 Edg/100.0.1185.36"

info: ::1 - - [11/Apr/2022:15:52:24 +0000] "POST /api/v1/emps/login HTTP/1.1" 200 358 "http://localhost:4200/" "Mozilla/5.0 (Windows NT 10.0; Win64; x64) AppleWebKit/537.36 (KHTML, like Gecko) Chrome/100.0.4896.75 Safari/537.36 Edg/100.0.1185.36"

info: ::1 - - [11/Apr/2022:15:54:15 +0000] "POST /api/v1/emps/login HTTP/1.1" 200 358 "http://localhost:4200/" "Mozilla/5.0 (Windows NT 10.0; Win64; x64) AppleWebKit/537.36 (KHTML, like Gecko) Chrome/100.0.4896.75 Safari/537.36 Edg/100.0.1185.36"

info: ::1 - - [11/Apr/2022:15:54:30 +0000] "POST /api/v1/emps/login HTTP/1.1" 200 358 "http://localhost:4200/" "Mozilla/5.0 (Windows NT 10.0; Win64; x64) AppleWebKit/537.36 (KHTML, like Gecko) Chrome/100.0.4896.75 Safari/537.36 Edg/100.0.1185.36"

info: ::1 - - [11/Apr/2022:15:54:42 +0000] "POST /api/v1/emps/login HTTP/1.1" 200 358 "http://localhost:4200/" "Mozilla/5.0 (Windows NT 10.0; Win64; x64) AppleWebKit/537.36 (KHTML, like Gecko) Chrome/100.0.4896.75 Safari/537.36 Edg/100.0.1185.36"

info: ::1 - - [11/Apr/2022:15:56:24 +0000] "POST /api/v1/emps/login HTTP/1.1" 200 358 "http://localhost:4200/" "Mozilla/5.0 (Windows NT 10.0; Win64; x64) AppleWebKit/537.36 (KHTML, like Gecko) Chrome/100.0.4896.75 Safari/537.36 Edg/100.0.1185.36"

info: ::1 - - [11/Apr/2022:15:57:32 +0000] "POST /api/v1/emps/login HTTP/1.1" 200 358 "http://localhost:4200/" "Mozilla/5.0 (Windows NT 10.0; Win64; x64) AppleWebKit/537.36 (KHTML, like Gecko) Chrome/100.0.4896.75 Safari/537.36 Edg/100.0.1185.36"

info: ::1 - - [11/Apr/2022:15:58:28 +0000] "POST /api/v1/emps/login HTTP/1.1" 200 358 "http://localhost:4200/" "Mozilla/5.0 (Windows NT 10.0; Win64; x64) AppleWebKit/537.36 (KHTML, like Gecko) Chrome/100.0.4896.75 Safari/537.36 Edg/100.0.1185.36"

info: ::1 - - [11/Apr/2022:16:07:31 +0000] "GET /api/v1/emps/ HTTP/1.1" 304 - "http://localhost:4200/" "Mozilla/5.0 (Windows NT 10.0; Win64; x64) AppleWebKit/537.36 (KHTML, like Gecko) Chrome/100.0.4896.75 Safari/537.36 Edg/100.0.1185.36"

info: ::1 - - [11/Apr/2022:16:10:28 +0000] "GET /api/v1/emps/ HTTP/1.1" 304 - "http://localhost:4200/" "Mozilla/5.0 (Windows NT 10.0; Win64; x64) AppleWebKit/537.36 (KHTML, like Gecko) Chrome/100.0.4896.75 Safari/537.36 Edg/100.0.1185.36"

info: ::1 - - [11/Apr/2022:16:10:35 +0000] "GET /api/v1/emps/ HTTP/1.1" 304 - "http://localhost:4200/" "Mozilla/5.0 (Windows NT 10.0; Win64; x64) AppleWebKit/537.36 (KHTML, like Gecko) Chrome/100.0.4896.75 Safari/537.36 Edg/100.0.1185.36"

info: ::1 - - [11/Apr/2022:16:11:32 +0000] "POST /api/v1/emps/login HTTP/1.1" 200 358 "http://localhost:4200/" "Mozilla/5.0 (Windows NT 10.0; Win64; x64) AppleWebKit/537.36 (KHTML, like Gecko) Chrome/100.0.4896.75 Safari/537.36 Edg/100.0.1185.36"

info: ::1 - - [11/Apr/2022:16:11:34 +0000] "GET /api/v1/emps/ HTTP/1.1" 304 - "http://localhost:4200/" "Mozilla/5.0 (Windows NT 10.0; Win64; x64) AppleWebKit/537.36 (KHTML, like Gecko) Chrome/100.0.4896.75 Safari/537.36 Edg/100.0.1185.36"

info: ::1 - - [11/Apr/2022:16:11:50 +0000] "GET /api/v1/emps/ HTTP/1.1" 304 - "http://localhost:4200/" "Mozilla/5.0 (Windows NT 10.0; Win64; x64) AppleWebKit/537.36 (KHTML, like Gecko) Chrome/100.0.4896.75 Safari/537.36 Edg/100.0.1185.36"

info: ::1 - - [11/Apr/2022:16:12:05 +0000] "POST /api/v1/emps/login HTTP/1.1" 200 358 "http://localhost:4200/" "Mozilla/5.0 (Windows NT 10.0; Win64; x64) AppleWebKit/537.36 (KHTML, like Gecko) Chrome/100.0.4896.75 Safari/537.36 Edg/100.0.1185.36"

info: ::1 - - [11/Apr/2022:16:12:06 +0000] "GET /api/v1/emps/ HTTP/1.1" 304 - "http://localhost:4200/" "Mozilla/5.0 (Windows NT 10.0; Win64; x64) AppleWebKit/537.36 (KHTML, like Gecko) Chrome/100.0.4896.75 Safari/537.36 Edg/100.0.1185.36"

info: ::1 - - [11/Apr/2022:16:12:20 +0000] "POST /api/v1/emps/login HTTP/1.1" 200 365 "http://localhost:4200/" "Mozilla/5.0 (Windows NT 10.0; Win64; x64) AppleWebKit/537.36 (KHTML, like Gecko) Chrome/100.0.4896.75 Safari/537.36 Edg/100.0.1185.36"

info: ::1 - - [11/Apr/2022:16:12:21 +0000] "GET /api/v1/emps/ HTTP/1.1" 304 - "http://localhost:4200/" "Mozilla/5.0 (Windows NT 10.0; Win64; x64) AppleWebKit/537.36 (KHTML, like Gecko) Chrome/100.0.4896.75 Safari/537.36 Edg/100.0.1185.36"

info: ::1 - - [11/Apr/2022:16:16:16 +0000] "GET /api/v1/emps/ HTTP/1.1" 304 - "http://localhost:4200/" "Mozilla/5.0 (Windows NT 10.0; Win64; x64) AppleWebKit/537.36 (KHTML, like Gecko) Chrome/100.0.4896.75 Safari/537.36 Edg/100.0.1185.36"

info: ::1 - - [11/Apr/2022:16:17:06 +0000] "GET /api/v1/emps/ HTTP/1.1" 304 - "http://localhost:4200/" "Mozilla/5.0 (Windows NT 10.0; Win64; x64) AppleWebKit/537.36 (KHTML, like Gecko) Chrome/100.0.4896.75 Safari/537.36 Edg/100.0.1185.36"

info: ::1 - - [11/Apr/2022:16:17:29 +0000] "POST /api/v1/emps/login HTTP/1.1" 200 365 "http://localhost:4200/" "Mozilla/5.0 (Windows NT 10.0; Win64; x64) AppleWebKit/537.36 (KHTML, like Gecko) Chrome/100.0.4896.75 Safari/537.36 Edg/100.0.1185.36"

info: ::1 - - [11/Apr/2022:16:17:31 +0000] "POST /api/v1/emps/login HTTP/1.1" 200 365 "http://localhost:4200/" "Mozilla/5.0 (Windows NT 10.0; Win64; x64) AppleWebKit/537.36 (KHTML, like Gecko) Chrome/100.0.4896.75 Safari/537.36 Edg/100.0.1185.36"

info: ::1 - - [11/Apr/2022:16:17:37 +0000] "POST /api/v1/emps/login HTTP/1.1" 200 365 "http://localhost:4200/" "Mozilla/5.0 (Windows NT 10.0; Win64; x64) AppleWebKit/537.36 (KHTML, like Gecko) Chrome/100.0.4896.75 Safari/537.36 Edg/100.0.1185.36"

info: ::1 - - [11/Apr/2022:16:17:38 +0000] "POST /api/v1/emps/login HTTP/1.1" 200 365 "http://localhost:4200/" "Mozilla/5.0 (Windows NT 10.0; Win64; x64) AppleWebKit/537.36 (KHTML, like Gecko) Chrome/100.0.4896.75 Safari/537.36 Edg/100.0.1185.36"

info: ::1 - - [11/Apr/2022:16:18:20 +0000] "POST /api/v1/emps/login HTTP/1.1" 200 365 "http://localhost:4200/" "Mozilla/5.0 (Windows NT 10.0; Win64; x64) AppleWebKit/537.36 (KHTML, like Gecko) Chrome/100.0.4896.75 Safari/537.36 Edg/100.0.1185.36"

info: ::1 - - [11/Apr/2022:16:21:38 +0000] "POST /api/v1/emps/login HTTP/1.1" 200 365 "http://localhost:4200/" "Mozilla/5.0 (Windows NT 10.0; Win64; x64) AppleWebKit/537.36 (KHTML, like Gecko) Chrome/100.0.4896.75 Safari/537.36 Edg/100.0.1185.36"

