info: Server started at http://localhost:3000/api/v1/ {"timestamp":"2022-04-06T10:23:24.804Z"}
info: Connected to the database. {"timestamp":"2022-04-06T10:23:24.839Z"}
info: Server started at http://localhost:3000/api/v1/ {"timestamp":"2022-04-06T10:23:45.478Z"}
info: Connected to the database. {"timestamp":"2022-04-06T10:23:45.501Z"}
info: Server started at http://localhost:3000/api/v1/ {"timestamp":"2022-04-06T10:26:07.781Z"}
info: Connected to the database. {"timestamp":"2022-04-06T10:26:07.804Z"}
error: 
    status - 500 
    message - TypeError: Cannot read properties of null (reading 'dept_id')
    at UserDao.<anonymous> (C:\Projects\EmpType\src\Dao\Employee.Dao.ts:24:35)
    at Generator.next (<anonymous>)
    at fulfilled (C:\Projects\EmpType\src\Dao\Employee.Dao.ts:5:58)
    at processTicksAndRejections (node:internal/process/task_queues:96:5) 
    url - /api/v1/emps/ 
    method - POST 
    IP - ::ffff:127.0.0.1
   {"timestamp":"2022-04-06T10:26:12.219Z"}
info: Server started at http://localhost:3000/api/v1/ {"timestamp":"2022-04-06T10:27:32.514Z"}
info: Connected to the database. {"timestamp":"2022-04-06T10:27:32.535Z"}
error: 
    status - 500 
    message - TypeError: Cannot read properties of null (reading 'dept_id')
    at UserDao.<anonymous> (C:\Projects\EmpType\src\Dao\Employee.Dao.ts:26:35)
    at Generator.next (<anonymous>)
    at fulfilled (C:\Projects\EmpType\src\Dao\Employee.Dao.ts:5:58)
    at processTicksAndRejections (node:internal/process/task_queues:96:5) 
    url - /api/v1/emps/ 
    method - POST 
    IP - ::ffff:127.0.0.1
   {"timestamp":"2022-04-06T10:27:37.319Z"}
info: Server started at http://localhost:3000/api/v1/ {"timestamp":"2022-04-06T10:28:37.939Z"}
info: Connected to the database. {"timestamp":"2022-04-06T10:28:37.961Z"}
error: 
    status - 500 
    message - TypeError: Cannot read properties of null (reading 'dept_id')
    at UserDao.<anonymous> (C:\Projects\EmpType\src\Dao\Employee.Dao.ts:26:35)
    at Generator.next (<anonymous>)
    at fulfilled (C:\Projects\EmpType\src\Dao\Employee.Dao.ts:5:58)
    at processTicksAndRejections (node:internal/process/task_queues:96:5) 
    url - /api/v1/emps/ 
    method - POST 
    IP - ::ffff:127.0.0.1
   {"timestamp":"2022-04-06T10:28:42.604Z"}
info: Server started at http://localhost:3000/api/v1/ {"timestamp":"2022-04-06T10:29:09.208Z"}
info: Connected to the database. {"timestamp":"2022-04-06T10:29:09.231Z"}
info: Server started at http://localhost:3000/api/v1/ {"timestamp":"2022-04-06T10:32:34.648Z"}
info: Connected to the database. {"timestamp":"2022-04-06T10:32:34.692Z"}
error: 
    status - 500 
    message - TypeError: Cannot read properties of null (reading 'dept_id')
    at UserDao.<anonymous> (C:\Projects\EmpType\src\Dao\Employee.Dao.ts:27:35)
    at Generator.next (<anonymous>)
    at fulfilled (C:\Projects\EmpType\src\Dao\Employee.Dao.ts:5:58)
    at processTicksAndRejections (node:internal/process/task_queues:96:5) 
    url - /api/v1/emps/ 
    method - POST 
    IP - ::ffff:127.0.0.1
   {"timestamp":"2022-04-06T10:32:42.076Z"}
info: Server started at http://localhost:3000/api/v1/ {"timestamp":"2022-04-06T10:34:51.052Z"}
info: Connected to the database. {"timestamp":"2022-04-06T10:34:51.072Z"}
error: 
    status - 500 
    message - TypeError: Cannot read properties of null (reading 'dept_id')
    at UserDao.<anonymous> (C:\Projects\EmpType\src\Dao\Employee.Dao.ts:27:35)
    at Generator.next (<anonymous>)
    at fulfilled (C:\Projects\EmpType\src\Dao\Employee.Dao.ts:5:58)
    at processTicksAndRejections (node:internal/process/task_queues:96:5) 
    url - /api/v1/emps/ 
    method - POST 
    IP - ::ffff:127.0.0.1
   {"timestamp":"2022-04-06T10:35:00.565Z"}
info: Server started at http://localhost:3000/api/v1/ {"timestamp":"2022-04-06T10:35:48.511Z"}
info: Connected to the database. {"timestamp":"2022-04-06T10:35:48.535Z"}
info: Server started at http://localhost:3000/api/v1/ {"timestamp":"2022-04-06T10:36:41.142Z"}
info: Connected to the database. {"timestamp":"2022-04-06T10:36:41.173Z"}
info: Server started at http://localhost:3000/api/v1/ {"timestamp":"2022-04-06T10:38:40.684Z"}
info: Connected to the database. {"timestamp":"2022-04-06T10:38:40.708Z"}
info: Server started at http://localhost:3000/api/v1/ {"timestamp":"2022-04-06T10:41:53.315Z"}
info: Connected to the database. {"timestamp":"2022-04-06T10:41:53.333Z"}
error: 
    status - 500 
    message - TypeError: Cannot read properties of null (reading 'dept_id')
    at UserDao.<anonymous> (C:\Projects\EmpType\src\Dao\Employee.Dao.ts:27:35)
    at Generator.next (<anonymous>)
    at fulfilled (C:\Projects\EmpType\src\Dao\Employee.Dao.ts:5:58)
    at processTicksAndRejections (node:internal/process/task_queues:96:5) 
    url - /api/v1/emps/ 
    method - POST 
    IP - ::ffff:127.0.0.1
   {"timestamp":"2022-04-06T10:41:58.122Z"}
info: Server started at http://localhost:3000/api/v1/ {"timestamp":"2022-04-06T10:42:30.356Z"}
info: Connected to the database. {"timestamp":"2022-04-06T10:42:30.376Z"}
info: Server started at http://localhost:3000/api/v1/ {"timestamp":"2022-04-06T10:48:03.535Z"}
info: Connected to the database. {"timestamp":"2022-04-06T10:48:03.620Z"}
info: Server started at http://localhost:3000/api/v1/ {"timestamp":"2022-04-06T10:51:43.627Z"}
info: Connected to the database. {"timestamp":"2022-04-06T10:51:43.652Z"}
info: Server started at http://localhost:3000/api/v1/ {"timestamp":"2022-04-06T10:55:46.914Z"}
info: Connected to the database. {"timestamp":"2022-04-06T10:55:46.936Z"}
info: Server started at http://localhost:3000/api/v1/ {"timestamp":"2022-04-06T10:56:48.820Z"}
info: Connected to the database. {"timestamp":"2022-04-06T10:56:48.843Z"}
info: Server started at http://localhost:3000/api/v1/ {"timestamp":"2022-04-06T10:57:30.572Z"}
info: Connected to the database. {"timestamp":"2022-04-06T10:57:30.594Z"}
info: Server started at http://localhost:3000/api/v1/ {"timestamp":"2022-04-06T11:49:49.192Z"}
info: Connected to the database. {"timestamp":"2022-04-06T11:49:49.210Z"}
info: Server started at http://localhost:3000/api/v1/ {"timestamp":"2022-04-06T12:07:45.984Z"}
info: Connected to the database. {"timestamp":"2022-04-06T12:07:46.004Z"}
info: Server started at http://localhost:3000/api/v1/ {"timestamp":"2022-04-06T12:08:42.296Z"}
info: Connected to the database. {"timestamp":"2022-04-06T12:08:42.320Z"}
info: Server started at http://localhost:3000/api/v1/ {"timestamp":"2022-04-06T12:11:20.435Z"}
info: Connected to the database. {"timestamp":"2022-04-06T12:11:20.455Z"}
info: Server started at http://localhost:3000/api/v1/ {"timestamp":"2022-04-06T12:13:19.884Z"}
info: Connected to the database. {"timestamp":"2022-04-06T12:13:19.924Z"}
info: Server started at http://localhost:3000/api/v1/ {"timestamp":"2022-04-06T12:18:58.067Z"}
info: Connected to the database. {"timestamp":"2022-04-06T12:18:58.088Z"}
info: Server started at http://localhost:3000/api/v1/ {"timestamp":"2022-04-06T13:23:33.421Z"}
info: Connected to the database. {"timestamp":"2022-04-06T13:23:33.438Z"}
info: Login token  eyJhbGciOiJIUzI1NiIsInR5cCI6IkpXVCJ9.eyJpZCI6IjYyNDQ0ODU1YjNiNTVmMDBlN2Y4N2RlMyIsImVtYWlsIjoiQWRtaW5AZ21haWwuY29tIiwicm9sZSI6IkFkbWluIiwiaWF0IjoxNjQ5MjUxNTk3fQ.ySGnsQzvxZHB3k2sHdTEKMkUjex4xr74jDxztn819uk {"timestamp":"2022-04-06T13:26:37.284Z"}
error: 
    status - 500 
    message - TypeError: Cannot read properties of null (reading 'dept_id')
    at UserDao.<anonymous> (C:\Projects\EmpType\src\Dao\Employee.Dao.ts:59:52)
    at Generator.next (<anonymous>)
    at fulfilled (C:\Projects\EmpType\src\Dao\Employee.Dao.ts:5:58)
    at processTicksAndRejections (node:internal/process/task_queues:96:5) 
    url - /api/v1/emps/624d94756ea4373050baa9e0 
    method - PUT 
    IP - ::ffff:127.0.0.1
   {"timestamp":"2022-04-06T13:34:45.993Z"}
error: 
    status - 500 
    message - TypeError: Cannot read properties of null (reading 'dept_id')
    at UserDao.<anonymous> (C:\Projects\EmpType\src\Dao\Employee.Dao.ts:59:52)
    at Generator.next (<anonymous>)
    at fulfilled (C:\Projects\EmpType\src\Dao\Employee.Dao.ts:5:58)
    at processTicksAndRejections (node:internal/process/task_queues:96:5) 
    url - /api/v1/emps/624d94756ea4373050baa9e0 
    method - PUT 
    IP - ::ffff:127.0.0.1
   {"timestamp":"2022-04-06T13:35:00.219Z"}
error: 
    status - 500 
    message - TypeError: Cannot read properties of undefined (reading 'dept_id')
    at UserDao.<anonymous> (C:\Projects\EmpType\src\Dao\Employee.Dao.ts:53:98)
    at Generator.next (<anonymous>)
    at C:\Projects\EmpType\src\Dao\Employee.Dao.ts:8:71
    at new Promise (<anonymous>)
    at __awaiter (C:\Projects\EmpType\src\Dao\Employee.Dao.ts:4:12)
    at UserDao.Update (C:\Projects\EmpType\src\Dao\Employee.Dao.ts:52:59)
    at EmployeeService.<anonymous> (C:\Projects\EmpType\src\services\EmployeeService.ts:51:31)
    at Generator.next (<anonymous>)
    at C:\Projects\EmpType\src\services\EmployeeService.ts:8:71
    at new Promise (<anonymous>) 
    url - /api/v1/emps/624d94756ea4373050baa9e0 
    method - PUT 
    IP - ::ffff:127.0.0.1
   {"timestamp":"2022-04-06T13:36:28.567Z"}
error: 
    status - 500 
    message - TypeError: Cannot read properties of undefined (reading 'dept_id')
    at UserDao.<anonymous> (C:\Projects\EmpType\src\Dao\Employee.Dao.ts:53:98)
    at Generator.next (<anonymous>)
    at C:\Projects\EmpType\src\Dao\Employee.Dao.ts:8:71
    at new Promise (<anonymous>)
    at __awaiter (C:\Projects\EmpType\src\Dao\Employee.Dao.ts:4:12)
    at UserDao.Update (C:\Projects\EmpType\src\Dao\Employee.Dao.ts:52:59)
    at EmployeeService.<anonymous> (C:\Projects\EmpType\src\services\EmployeeService.ts:51:31)
    at Generator.next (<anonymous>)
    at C:\Projects\EmpType\src\services\EmployeeService.ts:8:71
    at new Promise (<anonymous>) 
    url - /api/v1/emps/624d94756ea4373050baa9e0 
    method - PUT 
    IP - ::ffff:127.0.0.1
   {"timestamp":"2022-04-06T13:36:35.952Z"}
info: Server started at http://localhost:3000/api/v1/ {"timestamp":"2022-04-06T13:40:47.823Z"}
info: Connected to the database. {"timestamp":"2022-04-06T13:40:47.845Z"}
error: 
    status - 500 
    message - TypeError: Cannot read properties of undefined (reading 'dept_id')
    at UserDao.<anonymous> (C:\Projects\EmpType\src\Dao\Employee.Dao.ts:53:98)
    at Generator.next (<anonymous>)
    at C:\Projects\EmpType\src\Dao\Employee.Dao.ts:8:71
    at new Promise (<anonymous>)
    at __awaiter (C:\Projects\EmpType\src\Dao\Employee.Dao.ts:4:12)
    at UserDao.Update (C:\Projects\EmpType\src\Dao\Employee.Dao.ts:52:59)
    at EmployeeService.<anonymous> (C:\Projects\EmpType\src\services\EmployeeService.ts:51:31)
    at Generator.next (<anonymous>)
    at C:\Projects\EmpType\src\services\EmployeeService.ts:8:71
    at new Promise (<anonymous>) 
    url - /api/v1/emps/624d94756ea4373050baa9e0 
    method - PUT 
    IP - ::ffff:127.0.0.1
   {"timestamp":"2022-04-06T13:41:14.443Z"}
info: Server started at http://localhost:3000/api/v1/ {"timestamp":"2022-04-06T13:45:19.218Z"}
info: Connected to the database. {"timestamp":"2022-04-06T13:45:19.238Z"}
error: 
    status - 500 
    message - TypeError: Cannot read properties of undefined (reading 'dept_id')
    at UserDao.<anonymous> (C:\Projects\EmpType\src\Dao\Employee.Dao.ts:53:98)
    at Generator.next (<anonymous>)
    at C:\Projects\EmpType\src\Dao\Employee.Dao.ts:8:71
    at new Promise (<anonymous>)
    at __awaiter (C:\Projects\EmpType\src\Dao\Employee.Dao.ts:4:12)
    at UserDao.Update (C:\Projects\EmpType\src\Dao\Employee.Dao.ts:52:59)
    at EmployeeService.<anonymous> (C:\Projects\EmpType\src\services\EmployeeService.ts:51:31)
    at Generator.next (<anonymous>)
    at C:\Projects\EmpType\src\services\EmployeeService.ts:8:71
    at new Promise (<anonymous>) 
    url - /api/v1/emps/624d94756ea4373050baa9e0 
    method - PUT 
    IP - ::ffff:127.0.0.1
   {"timestamp":"2022-04-06T13:45:21.280Z"}
info: Server started at http://localhost:3000/api/v1/ {"timestamp":"2022-04-06T13:47:23.848Z"}
info: Connected to the database. {"timestamp":"2022-04-06T13:47:23.870Z"}
error: 
    status - 500 
    message - TypeError: Cannot read properties of undefined (reading 'dept_id')
    at UserDao.<anonymous> (C:\Projects\EmpType\src\Dao\Employee.Dao.ts:53:98)
    at Generator.next (<anonymous>)
    at C:\Projects\EmpType\src\Dao\Employee.Dao.ts:8:71
    at new Promise (<anonymous>)
    at __awaiter (C:\Projects\EmpType\src\Dao\Employee.Dao.ts:4:12)
    at UserDao.Update (C:\Projects\EmpType\src\Dao\Employee.Dao.ts:52:59)
    at EmployeeService.<anonymous> (C:\Projects\EmpType\src\services\EmployeeService.ts:51:31)
    at Generator.next (<anonymous>)
    at C:\Projects\EmpType\src\services\EmployeeService.ts:8:71
    at new Promise (<anonymous>) 
    url - /api/v1/emps/624d94756ea4373050baa9e0 
    method - PUT 
    IP - ::ffff:127.0.0.1
   {"timestamp":"2022-04-06T13:47:27.274Z"}
info: Server started at http://localhost:3000/api/v1/ {"timestamp":"2022-04-06T13:49:45.342Z"}
info: Connected to the database. {"timestamp":"2022-04-06T13:49:45.369Z"}
error: 
    status - 500 
    message - TypeError: Cannot read properties of undefined (reading 'dept_id')
    at UserDao.<anonymous> (C:\Projects\EmpType\src\Dao\Employee.Dao.ts:53:28)
    at Generator.next (<anonymous>)
    at C:\Projects\EmpType\src\Dao\Employee.Dao.ts:8:71
    at new Promise (<anonymous>)
    at __awaiter (C:\Projects\EmpType\src\Dao\Employee.Dao.ts:4:12)
    at UserDao.Update (C:\Projects\EmpType\src\Dao\Employee.Dao.ts:52:59)
    at EmployeeService.<anonymous> (C:\Projects\EmpType\src\services\EmployeeService.ts:51:31)
    at Generator.next (<anonymous>)
    at C:\Projects\EmpType\src\services\EmployeeService.ts:8:71
    at new Promise (<anonymous>) 
    url - /api/v1/emps/624d94756ea4373050baa9e0 
    method - PUT 
    IP - ::ffff:127.0.0.1
   {"timestamp":"2022-04-06T13:49:47.824Z"}
info: Server started at http://localhost:3000/api/v1/ {"timestamp":"2022-04-06T13:52:57.135Z"}
info: Connected to the database. {"timestamp":"2022-04-06T13:52:57.158Z"}
error: 
    status - 500 
    message - TypeError: Cannot read properties of undefined (reading 'dept_id')
    at UserDao.<anonymous> (C:\Projects\EmpType\src\Dao\Employee.Dao.ts:53:29)
    at Generator.next (<anonymous>)
    at C:\Projects\EmpType\src\Dao\Employee.Dao.ts:8:71
    at new Promise (<anonymous>)
    at __awaiter (C:\Projects\EmpType\src\Dao\Employee.Dao.ts:4:12)
    at UserDao.Update (C:\Projects\EmpType\src\Dao\Employee.Dao.ts:52:59)
    at EmployeeService.<anonymous> (C:\Projects\EmpType\src\services\EmployeeService.ts:51:31)
    at Generator.next (<anonymous>)
    at C:\Projects\EmpType\src\services\EmployeeService.ts:8:71
    at new Promise (<anonymous>) 
    url - /api/v1/emps/624d94756ea4373050baa9e0 
    method - PUT 
    IP - ::ffff:127.0.0.1
   {"timestamp":"2022-04-06T13:53:01.350Z"}
info: Server started at http://localhost:3000/api/v1/ {"timestamp":"2022-04-06T13:58:20.983Z"}
info: Connected to the database. {"timestamp":"2022-04-06T13:58:21.002Z"}
error: 
    status - 500 
    message - TypeError: Cannot read properties of undefined (reading 'dept_id')
    at UserDao.<anonymous> (C:\Projects\EmpType\src\Dao\Employee.Dao.ts:53:29)
    at Generator.next (<anonymous>)
    at C:\Projects\EmpType\src\Dao\Employee.Dao.ts:8:71
    at new Promise (<anonymous>)
    at __awaiter (C:\Projects\EmpType\src\Dao\Employee.Dao.ts:4:12)
    at UserDao.Update (C:\Projects\EmpType\src\Dao\Employee.Dao.ts:52:59)
    at EmployeeService.<anonymous> (C:\Projects\EmpType\src\services\EmployeeService.ts:51:31)
    at Generator.next (<anonymous>)
    at C:\Projects\EmpType\src\services\EmployeeService.ts:8:71
    at new Promise (<anonymous>) 
    url - /api/v1/emps/624d94756ea4373050baa9e0 
    method - PUT 
    IP - ::ffff:127.0.0.1
   {"timestamp":"2022-04-06T13:58:24.698Z"}
info: Server started at http://localhost:3000/api/v1/ {"timestamp":"2022-04-06T13:59:40.541Z"}
info: Connected to the database. {"timestamp":"2022-04-06T13:59:40.560Z"}
info: Server started at http://localhost:3000/api/v1/ {"timestamp":"2022-04-06T14:03:54.276Z"}
info: Connected to the database. {"timestamp":"2022-04-06T14:03:54.306Z"}
info: Server started at http://localhost:3000/api/v1/ {"timestamp":"2022-04-06T14:09:41.016Z"}
info: Connected to the database. {"timestamp":"2022-04-06T14:09:41.034Z"}
info: Server started at http://localhost:3000/api/v1/ {"timestamp":"2022-04-06T14:26:35.573Z"}
info: Connected to the database. {"timestamp":"2022-04-06T14:26:35.602Z"}
error: 
    status - 500 
    message - TypeError: Cannot read properties of undefined (reading 'dept_id')
    at UserDao.<anonymous> (C:\Projects\EmpType\src\Dao\Employee.Dao.ts:71:102)
    at Generator.next (<anonymous>)
    at C:\Projects\EmpType\src\Dao\Employee.Dao.ts:8:71
    at new Promise (<anonymous>)
    at __awaiter (C:\Projects\EmpType\src\Dao\Employee.Dao.ts:4:12)
    at UserDao.Update (C:\Projects\EmpType\src\Dao\Employee.Dao.ts:58:59)
    at EmployeeService.<anonymous> (C:\Projects\EmpType\src\services\EmployeeService.ts:51:31)
    at Generator.next (<anonymous>)
    at C:\Projects\EmpType\src\services\EmployeeService.ts:8:71
    at new Promise (<anonymous>) 
    url - /api/v1/emps/624d94756ea4373050baa9e0 
    method - PUT 
    IP - ::ffff:127.0.0.1
   {"timestamp":"2022-04-06T14:27:13.253Z"}
info: Server started at http://localhost:3000/api/v1/ {"timestamp":"2022-04-06T14:28:38.463Z"}
info: Connected to the database. {"timestamp":"2022-04-06T14:28:38.485Z"}
error: 
      status - 28
      message - Plan executor error during findAndModify :: caused by :: Cannot create field 'role_id' in element {role: "SE"} 
      url - /api/v1/emps/624d94756ea4373050baa9e0 
      method - PUT 
      IP - ::ffff:127.0.0.1
     {"timestamp":"2022-04-06T14:28:44.679Z"}
error: 
    status - 500 
    message - RangeError: Invalid status code: 28
    at new NodeError (node:internal/errors:371:5)
    at ServerResponse.writeHead (node:_http_server:274:11)
    at ServerResponse.writeHead (C:\Projects\EmpType\node_modules\on-headers\index.js:44:26)
    at ServerResponse._implicitHeader (node:_http_server:265:8)
    at write_ (node:_http_outgoing:766:9)
    at ServerResponse.end (node:_http_outgoing:855:5)
    at ServerResponse.send (C:\Projects\EmpType\node_modules\express\lib\response.js:221:10)
    at ServerResponse.json (C:\Projects\EmpType\node_modules\express\lib\response.js:267:15)
    at ErrorMiddleware.appErrorHandler (C:\Projects\EmpType\src\middlewares\ErrorMiddleware.ts:53:28)
    at Layer.handle_error (C:\Projects\EmpType\node_modules\express\lib\router\layer.js:71:5) 
    url - /api/v1/emps/624d94756ea4373050baa9e0 
    method - PUT 
    IP - ::ffff:127.0.0.1
   {"timestamp":"2022-04-06T14:28:44.694Z"}
error: 
      status - 28
      message - Plan executor error during findAndModify :: caused by :: Cannot create field 'role_id' in element {role: "SE"} 
      url - /api/v1/emps/624d94756ea4373050baa9e0 
      method - PUT 
      IP - ::ffff:127.0.0.1
     {"timestamp":"2022-04-06T14:30:25.266Z"}
error: 
    status - 500 
    message - RangeError: Invalid status code: 28
    at new NodeError (node:internal/errors:371:5)
    at ServerResponse.writeHead (node:_http_server:274:11)
    at ServerResponse.writeHead (C:\Projects\EmpType\node_modules\on-headers\index.js:44:26)
    at ServerResponse._implicitHeader (node:_http_server:265:8)
    at write_ (node:_http_outgoing:766:9)
    at ServerResponse.end (node:_http_outgoing:855:5)
    at ServerResponse.send (C:\Projects\EmpType\node_modules\express\lib\response.js:221:10)
    at ServerResponse.json (C:\Projects\EmpType\node_modules\express\lib\response.js:267:15)
    at ErrorMiddleware.appErrorHandler (C:\Projects\EmpType\src\middlewares\ErrorMiddleware.ts:53:28)
    at Layer.handle_error (C:\Projects\EmpType\node_modules\express\lib\router\layer.js:71:5) 
    url - /api/v1/emps/624d94756ea4373050baa9e0 
    method - PUT 
    IP - ::ffff:127.0.0.1
   {"timestamp":"2022-04-06T14:30:25.270Z"}
info: Server started at http://localhost:3000/api/v1/ {"timestamp":"2022-04-06T14:34:06.789Z"}
info: Connected to the database. {"timestamp":"2022-04-06T14:34:06.812Z"}
error: 
      status - 28
      message - Plan executor error during findAndModify :: caused by :: Cannot create field 'role_id' in element {role: "SE"} 
      url - /api/v1/emps/624d94756ea4373050baa9e0 
      method - PUT 
      IP - ::ffff:127.0.0.1
     {"timestamp":"2022-04-06T14:34:13.133Z"}
error: 
    status - 500 
    message - RangeError: Invalid status code: 28
    at new NodeError (node:internal/errors:371:5)
    at ServerResponse.writeHead (node:_http_server:274:11)
    at ServerResponse.writeHead (C:\Projects\EmpType\node_modules\on-headers\index.js:44:26)
    at ServerResponse._implicitHeader (node:_http_server:265:8)
    at write_ (node:_http_outgoing:766:9)
    at ServerResponse.end (node:_http_outgoing:855:5)
    at ServerResponse.send (C:\Projects\EmpType\node_modules\express\lib\response.js:221:10)
    at ServerResponse.json (C:\Projects\EmpType\node_modules\express\lib\response.js:267:15)
    at ErrorMiddleware.appErrorHandler (C:\Projects\EmpType\src\middlewares\ErrorMiddleware.ts:53:28)
    at Layer.handle_error (C:\Projects\EmpType\node_modules\express\lib\router\layer.js:71:5) 
    url - /api/v1/emps/624d94756ea4373050baa9e0 
    method - PUT 
    IP - ::ffff:127.0.0.1
   {"timestamp":"2022-04-06T14:34:13.147Z"}
info: Server started at http://localhost:3000/api/v1/ {"timestamp":"2022-04-06T14:42:42.160Z"}
info: Connected to the database. {"timestamp":"2022-04-06T14:42:42.181Z"}
info: Server started at http://localhost:3000/api/v1/ {"timestamp":"2022-04-06T14:48:13.047Z"}
info: Connected to the database. {"timestamp":"2022-04-06T14:48:13.067Z"}
info: Server started at http://localhost:3000/api/v1/ {"timestamp":"2022-04-06T14:48:29.146Z"}
info: Connected to the database. {"timestamp":"2022-04-06T14:48:29.167Z"}
info: Server started at http://localhost:3000/api/v1/ {"timestamp":"2022-04-06T14:49:07.218Z"}
info: Connected to the database. {"timestamp":"2022-04-06T14:49:07.240Z"}
info: Server started at http://localhost:3000/api/v1/ {"timestamp":"2022-04-06T14:49:40.023Z"}
info: Connected to the database. {"timestamp":"2022-04-06T14:49:40.042Z"}
info: Server started at http://localhost:3000/api/v1/ {"timestamp":"2022-04-06T14:58:03.293Z"}
info: Connected to the database. {"timestamp":"2022-04-06T14:58:03.312Z"}
info: Server started at http://localhost:3000/api/v1/ {"timestamp":"2022-04-06T14:59:21.962Z"}
info: Connected to the database. {"timestamp":"2022-04-06T14:59:21.983Z"}
info: Server started at http://localhost:3000/api/v1/ {"timestamp":"2022-04-06T14:59:51.079Z"}
info: Connected to the database. {"timestamp":"2022-04-06T14:59:51.100Z"}
info: Server started at http://localhost:3000/api/v1/ {"timestamp":"2022-04-06T15:10:29.698Z"}
info: Connected to the database. {"timestamp":"2022-04-06T15:10:29.723Z"}
