info: Server started at http://localhost:3000/api/v1/ {"timestamp":"2022-04-07T04:50:30.329Z"}
info: Connected to the database. {"timestamp":"2022-04-07T04:50:30.353Z"}
info: Server started at http://localhost:3000/api/v1/ {"timestamp":"2022-04-07T06:22:54.641Z"}
info: Connected to the database. {"timestamp":"2022-04-07T06:22:54.669Z"}
error: 
    status - 500 
    message - TypeError: Cannot read properties of null (reading 'dept_id')
    at UserDao.<anonymous> (C:\Projects\EmpType\src\Dao\Employee.Dao.ts:29:35)
    at Generator.next (<anonymous>)
    at fulfilled (C:\Projects\EmpType\src\Dao\Employee.Dao.ts:5:58)
    at processTicksAndRejections (node:internal/process/task_queues:96:5) 
    url - /api/v1/emps/ 
    method - POST 
    IP - ::ffff:127.0.0.1
   {"timestamp":"2022-04-07T06:24:14.165Z"}
error: 
    status - 500 
    message - TypeError: Cannot read properties of null (reading 'role_id')
    at UserDao.<anonymous> (C:\Projects\EmpType\src\Dao\Employee.Dao.ts:33:35)
    at Generator.next (<anonymous>)
    at fulfilled (C:\Projects\EmpType\src\Dao\Employee.Dao.ts:5:58)
    at runMicrotasks (<anonymous>)
    at processTicksAndRejections (node:internal/process/task_queues:96:5) 
    url - /api/v1/emps/ 
    method - POST 
    IP - ::1
   {"timestamp":"2022-04-07T07:18:50.744Z"}
info: Server started at http://localhost:3000/api/v1/ {"timestamp":"2022-04-07T07:37:22.572Z"}
info: Connected to the database. {"timestamp":"2022-04-07T07:37:22.589Z"}
error: 
    status - 500 
    message - TypeError: Cannot read properties of null (reading 'dept_id')
    at UserDao.<anonymous> (C:\Projects\EmpType\src\Dao\Employee.Dao.ts:29:35)
    at Generator.next (<anonymous>)
    at fulfilled (C:\Projects\EmpType\src\Dao\Employee.Dao.ts:5:58)
    at processTicksAndRejections (node:internal/process/task_queues:96:5) 
    url - /api/v1/emps/ 
    method - POST 
    IP - ::1
   {"timestamp":"2022-04-07T07:52:09.681Z"}
info: Server started at http://localhost:3000/api/v1/ {"timestamp":"2022-04-07T07:55:34.610Z"}
info: Connected to the database. {"timestamp":"2022-04-07T07:55:34.631Z"}
error: 
    status - 500 
    message - TypeError: Cannot read properties of null (reading 'role_id')
    at UserDao.<anonymous> (C:\Projects\EmpType\src\Dao\Employee.Dao.ts:107:47)
    at Generator.next (<anonymous>)
    at fulfilled (C:\Projects\EmpType\src\Dao\Employee.Dao.ts:5:58)
    at processTicksAndRejections (node:internal/process/task_queues:96:5) 
    url - /api/v1/emps/624e9869d5cc0800a3168bf6 
    method - PUT 
    IP - ::1
   {"timestamp":"2022-04-07T08:01:14.203Z"}
error: 
    status - 500 
    message - TypeError: Cannot read properties of null (reading 'role_id')
    at UserDao.<anonymous> (C:\Projects\EmpType\src\Dao\Employee.Dao.ts:107:47)
    at Generator.next (<anonymous>)
    at fulfilled (C:\Projects\EmpType\src\Dao\Employee.Dao.ts:5:58)
    at processTicksAndRejections (node:internal/process/task_queues:96:5) 
    url - /api/v1/emps/624e9869d5cc0800a3168bf6 
    method - PUT 
    IP - ::1
   {"timestamp":"2022-04-07T08:04:12.795Z"}
error: 
    status - 500 
    message - TypeError: Cannot read properties of null (reading 'dept_id')
    at UserDao.<anonymous> (C:\Projects\EmpType\src\Dao\Employee.Dao.ts:109:53)
    at Generator.next (<anonymous>)
    at fulfilled (C:\Projects\EmpType\src\Dao\Employee.Dao.ts:5:58)
    at processTicksAndRejections (node:internal/process/task_queues:96:5) 
    url - /api/v1/emps/624e9869d5cc0800a3168bf6 
    method - PUT 
    IP - ::1
   {"timestamp":"2022-04-07T08:04:34.490Z"}
error: 
    status - 500 
    message - TypeError: Cannot read properties of null (reading 'role_id')
    at UserDao.<anonymous> (C:\Projects\EmpType\src\Dao\Employee.Dao.ts:107:47)
    at Generator.next (<anonymous>)
    at fulfilled (C:\Projects\EmpType\src\Dao\Employee.Dao.ts:5:58)
    at processTicksAndRejections (node:internal/process/task_queues:96:5) 
    url - /api/v1/emps/624e9869d5cc0800a3168bf6 
    method - PUT 
    IP - ::1
   {"timestamp":"2022-04-07T08:08:50.058Z"}
error: 
    status - 500 
    message - TypeError: Cannot read properties of null (reading 'role_id')
    at UserDao.<anonymous> (C:\Projects\EmpType\src\Dao\Employee.Dao.ts:107:47)
    at Generator.next (<anonymous>)
    at fulfilled (C:\Projects\EmpType\src\Dao\Employee.Dao.ts:5:58)
    at processTicksAndRejections (node:internal/process/task_queues:96:5) 
    url - /api/v1/emps/624e916264e65dcea163446f 
    method - PUT 
    IP - ::ffff:127.0.0.1
   {"timestamp":"2022-04-07T08:12:48.409Z"}
error: 
    status - 500 
    message - TypeError: Cannot read properties of null (reading 'role_id')
    at UserDao.<anonymous> (C:\Projects\EmpType\src\Dao\Employee.Dao.ts:107:47)
    at Generator.next (<anonymous>)
    at fulfilled (C:\Projects\EmpType\src\Dao\Employee.Dao.ts:5:58)
    at processTicksAndRejections (node:internal/process/task_queues:96:5) 
    url - /api/v1/emps/624e916264e65dcea163446f 
    method - PUT 
    IP - ::ffff:127.0.0.1
   {"timestamp":"2022-04-07T08:14:08.598Z"}
error: 
    status - 500 
    message - TypeError: Cannot read properties of null (reading 'role_id')
    at UserDao.<anonymous> (C:\Projects\EmpType\src\Dao\Employee.Dao.ts:107:47)
    at Generator.next (<anonymous>)
    at fulfilled (C:\Projects\EmpType\src\Dao\Employee.Dao.ts:5:58)
    at processTicksAndRejections (node:internal/process/task_queues:96:5) 
    url - /api/v1/emps/624e916264e65dcea163446f 
    method - PUT 
    IP - ::ffff:127.0.0.1
   {"timestamp":"2022-04-07T08:15:42.202Z"}
error: 
    status - 500 
    message - TypeError: Cannot read properties of null (reading 'role_id')
    at UserDao.<anonymous> (C:\Projects\EmpType\src\Dao\Employee.Dao.ts:92:50)
    at Generator.next (<anonymous>)
    at fulfilled (C:\Projects\EmpType\src\Dao\Employee.Dao.ts:5:58)
    at processTicksAndRejections (node:internal/process/task_queues:96:5) 
    url - /api/v1/emps/624e916264e65dcea163446f 
    method - PUT 
    IP - ::ffff:127.0.0.1
   {"timestamp":"2022-04-07T08:16:05.067Z"}
error: 
    status - 500 
    message - TypeError: Cannot read properties of null (reading 'role_id')
    at UserDao.<anonymous> (C:\Projects\EmpType\src\Dao\Employee.Dao.ts:107:47)
    at Generator.next (<anonymous>)
    at fulfilled (C:\Projects\EmpType\src\Dao\Employee.Dao.ts:5:58)
    at processTicksAndRejections (node:internal/process/task_queues:96:5) 
    url - /api/v1/emps/624e916264e65dcea163446f 
    method - PUT 
    IP - ::ffff:127.0.0.1
   {"timestamp":"2022-04-07T08:17:40.852Z"}
info: Server started at http://localhost:3000/api/v1/ {"timestamp":"2022-04-07T08:21:26.003Z"}
info: Connected to the database. {"timestamp":"2022-04-07T08:21:26.018Z"}
info: Server started at http://localhost:3000/api/v1/ {"timestamp":"2022-04-07T08:22:49.837Z"}
info: Connected to the database. {"timestamp":"2022-04-07T08:22:49.854Z"}
error: 
    status - 500 
    message - TypeError: Cannot read properties of null (reading 'role_id')
    at UserDao.<anonymous> (C:\Projects\EmpType\src\Dao\Employee.Dao.ts:107:47)
    at Generator.next (<anonymous>)
    at fulfilled (C:\Projects\EmpType\src\Dao\Employee.Dao.ts:5:58)
    at processTicksAndRejections (node:internal/process/task_queues:96:5) 
    url - /api/v1/emps/624e916264e65dcea163446f 
    method - PUT 
    IP - ::ffff:127.0.0.1
   {"timestamp":"2022-04-07T08:23:21.744Z"}
info: Server started at http://localhost:3000/api/v1/ {"timestamp":"2022-04-07T08:25:30.044Z"}
info: Connected to the database. {"timestamp":"2022-04-07T08:25:30.065Z"}
error: 
    status - 500 
    message - TypeError: Cannot read properties of null (reading 'role_id')
    at UserDao.<anonymous> (C:\Projects\EmpType\src\Dao\Employee.Dao.ts:107:47)
    at Generator.next (<anonymous>)
    at fulfilled (C:\Projects\EmpType\src\Dao\Employee.Dao.ts:5:58)
    at processTicksAndRejections (node:internal/process/task_queues:96:5) 
    url - /api/v1/emps/624e9869d5cc0800a3168bf6 
    method - PUT 
    IP - ::1
   {"timestamp":"2022-04-07T08:25:49.716Z"}
error: 
    status - 500 
    message - TypeError: Cannot read properties of null (reading 'role_id')
    at UserDao.<anonymous> (C:\Projects\EmpType\src\Dao\Employee.Dao.ts:107:47)
    at Generator.next (<anonymous>)
    at fulfilled (C:\Projects\EmpType\src\Dao\Employee.Dao.ts:5:58)
    at processTicksAndRejections (node:internal/process/task_queues:96:5) 
    url - /api/v1/emps/624e9869d5cc0800a3168bf6 
    method - PUT 
    IP - ::1
   {"timestamp":"2022-04-07T08:27:40.362Z"}
error: 
    status - 500 
    message - TypeError: Cannot read properties of null (reading 'role_id')
    at UserDao.<anonymous> (C:\Projects\EmpType\src\Dao\Employee.Dao.ts:107:47)
    at Generator.next (<anonymous>)
    at fulfilled (C:\Projects\EmpType\src\Dao\Employee.Dao.ts:5:58)
    at processTicksAndRejections (node:internal/process/task_queues:96:5) 
    url - /api/v1/emps/624e9869d5cc0800a3168bf6 
    method - PUT 
    IP - ::1
   {"timestamp":"2022-04-07T08:31:50.918Z"}
error: 
    status - 500 
    message - TypeError: Cannot read properties of null (reading 'role_id')
    at UserDao.<anonymous> (C:\Projects\EmpType\src\Dao\Employee.Dao.ts:107:47)
    at Generator.next (<anonymous>)
    at fulfilled (C:\Projects\EmpType\src\Dao\Employee.Dao.ts:5:58)
    at processTicksAndRejections (node:internal/process/task_queues:96:5) 
    url - /api/v1/emps/624e9869d5cc0800a3168bf6 
    method - PUT 
    IP - ::1
   {"timestamp":"2022-04-07T08:34:47.155Z"}
error: 
    status - 500 
    message - TypeError: Cannot read properties of null (reading 'role_id')
    at UserDao.<anonymous> (C:\Projects\EmpType\src\Dao\Employee.Dao.ts:107:47)
    at Generator.next (<anonymous>)
    at fulfilled (C:\Projects\EmpType\src\Dao\Employee.Dao.ts:5:58)
    at processTicksAndRejections (node:internal/process/task_queues:96:5) 
    url - /api/v1/emps/624e9869d5cc0800a3168bf6 
    method - PUT 
    IP - ::1
   {"timestamp":"2022-04-07T08:37:30.866Z"}
error: 
    status - 500 
    message - TypeError: Cannot read properties of null (reading 'role_id')
    at UserDao.<anonymous> (C:\Projects\EmpType\src\Dao\Employee.Dao.ts:107:47)
    at Generator.next (<anonymous>)
    at fulfilled (C:\Projects\EmpType\src\Dao\Employee.Dao.ts:5:58)
    at processTicksAndRejections (node:internal/process/task_queues:96:5) 
    url - /api/v1/emps/624e9869d5cc0800a3168bf6 
    method - PUT 
    IP - ::1
   {"timestamp":"2022-04-07T08:37:56.690Z"}
error: 
    status - 500 
    message - TypeError: Cannot read properties of null (reading 'role_id')
    at UserDao.<anonymous> (C:\Projects\EmpType\src\Dao\Employee.Dao.ts:107:47)
    at Generator.next (<anonymous>)
    at fulfilled (C:\Projects\EmpType\src\Dao\Employee.Dao.ts:5:58)
    at processTicksAndRejections (node:internal/process/task_queues:96:5) 
    url - /api/v1/emps/624e9869d5cc0800a3168bf6 
    method - PUT 
    IP - ::1
   {"timestamp":"2022-04-07T08:42:26.267Z"}
info: Server started at http://localhost:3000/api/v1/ {"timestamp":"2022-04-07T11:48:49.278Z"}
info: Connected to the database. {"timestamp":"2022-04-07T11:48:49.303Z"}
error: 
    status - 500 
    message - TypeError: Cannot read properties of null (reading 'role_id')
    at UserDao.<anonymous> (C:\Projects\EmpType\src\Dao\Employee.Dao.ts:35:35)
    at Generator.next (<anonymous>)
    at fulfilled (C:\Projects\EmpType\src\Dao\Employee.Dao.ts:5:58)
    at processTicksAndRejections (node:internal/process/task_queues:96:5) 
    url - /api/v1/emps/ 
    method - POST 
    IP - ::ffff:127.0.0.1
   {"timestamp":"2022-04-07T11:49:02.491Z"}
info: Server started at http://localhost:3000/api/v1/ {"timestamp":"2022-04-07T11:55:18.570Z"}
info: Connected to the database. {"timestamp":"2022-04-07T11:55:18.589Z"}
info: Server started at http://localhost:3000/api/v1/ {"timestamp":"2022-04-07T15:14:41.618Z"}
info: Connected to the database. {"timestamp":"2022-04-07T15:14:41.634Z"}
info: Server started at http://localhost:3000/api/v1/ {"timestamp":"2022-04-07T15:35:52.611Z"}
info: Connected to the database. {"timestamp":"2022-04-07T15:35:52.629Z"}
