info: Server started at http://localhost:3000/api/v1/ {"timestamp":"2022-04-14T06:38:04.591Z"}
info: Connected to the database. {"timestamp":"2022-04-14T06:38:06.723Z"}
info: Server started at http://localhost:3000/api/v1/ {"timestamp":"2022-04-14T06:45:26.107Z"}
info: Connected to the database. {"timestamp":"2022-04-14T06:45:26.481Z"}
info: Server started at http://localhost:3000/api/v1/ {"timestamp":"2022-04-14T06:45:34.602Z"}
info: Connected to the database. {"timestamp":"2022-04-14T06:45:34.960Z"}
info: Server started at http://localhost:3000/api/v1/ {"timestamp":"2022-04-14T06:47:19.368Z"}
info: Connected to the database. {"timestamp":"2022-04-14T06:47:21.311Z"}
info: Server started at http://localhost:3000/api/v1/ {"timestamp":"2022-04-14T06:51:09.908Z"}
info: Connected to the database. {"timestamp":"2022-04-14T06:51:12.109Z"}
info: Server started at http://localhost:3000/api/v1/ {"timestamp":"2022-04-14T06:52:48.343Z"}
info: Connected to the database. {"timestamp":"2022-04-14T06:52:49.620Z"}
info: Server started at http://localhost:3000/api/v1/ {"timestamp":"2022-04-14T06:53:16.773Z"}
info: Connected to the database. {"timestamp":"2022-04-14T06:53:18.080Z"}
info: Server started at http://localhost:3000/api/v1/ {"timestamp":"2022-04-14T07:28:02.282Z"}
info: Connected to the database. {"timestamp":"2022-04-14T07:28:02.778Z"}
info: Login token  eyJhbGciOiJIUzI1NiIsInR5cCI6IkpXVCJ9.eyJpZCI6IjYyNTY2ZjA1NWE2YjhlNThkNzE0MTljZCIsImVtYWlsIjoiRW1wM0BnbWFpbC5jb20iLCJyb2xlIjoiTWFuYWdlciIsImlhdCI6MTY0OTkyMTUzOX0.yV_Je5sGlLbRX_sDo6QCbz6bNdteFhgPzONHThJU2RM {"timestamp":"2022-04-14T07:32:19.974Z"}
info: Login token  eyJhbGciOiJIUzI1NiIsInR5cCI6IkpXVCJ9.eyJpZCI6IjYyNTU4MTdkZDAxZTI1MGIwOTI1MjJkYiIsImVtYWlsIjoiQWRtaW5AZ21haWwuY29tIiwicm9sZSI6IkFkbWluIiwiaWF0IjoxNjQ5OTIxNjgzfQ.kREwl4jumIk9O_bxJFkhi-GXdVZ1Uy-XY-W51rGSRnA {"timestamp":"2022-04-14T07:34:43.034Z"}
info: Login token  eyJhbGciOiJIUzI1NiIsInR5cCI6IkpXVCJ9.eyJpZCI6IjYyNTU4MTdkZDAxZTI1MGIwOTI1MjJkYiIsImVtYWlsIjoiQWRtaW5AZ21haWwuY29tIiwicm9sZSI6IkFkbWluIiwiaWF0IjoxNjQ5OTIzMTEwfQ.64bwryiKCLowU-zbulHgDCVbPGIipAsoWLYFml7ZmQc {"timestamp":"2022-04-14T07:58:30.673Z"}
info: Login token  eyJhbGciOiJIUzI1NiIsInR5cCI6IkpXVCJ9.eyJpZCI6IjYyNTU4MTdkZDAxZTI1MGIwOTI1MjJkYiIsImVtYWlsIjoiQWRtaW5AZ21haWwuY29tIiwicm9sZSI6IkFkbWluIiwiaWF0IjoxNjQ5OTIzMjczfQ.F5CZowW4o9eeLdJRXBmKA0vCX20FzKyeeBHNY5QEY9c {"timestamp":"2022-04-14T08:01:13.745Z"}
info: Login token  eyJhbGciOiJIUzI1NiIsInR5cCI6IkpXVCJ9.eyJpZCI6IjYyNTY2ZjA1NWE2YjhlNThkNzE0MTljZCIsImVtYWlsIjoiRW1wM0BnbWFpbC5jb20iLCJyb2xlIjoiTWFuYWdlciIsImlhdCI6MTY0OTkyNTAyMH0.cZQbMPwsPSQCb8c4TRNYWDzq0_bNs7xXISpR4UgBsqE {"timestamp":"2022-04-14T08:30:20.276Z"}
info: Login token  eyJhbGciOiJIUzI1NiIsInR5cCI6IkpXVCJ9.eyJpZCI6IjYyNTU4MTdkZDAxZTI1MGIwOTI1MjJkYiIsImVtYWlsIjoiQWRtaW5AZ21haWwuY29tIiwicm9sZSI6IkFkbWluIiwiaWF0IjoxNjQ5OTI1MTQyfQ.sYUQZ3jIYgTq8o2qZqJPmBhLwXLG7HeA5BRCYkzNz4c {"timestamp":"2022-04-14T08:32:22.837Z"}
info: Login token  eyJhbGciOiJIUzI1NiIsInR5cCI6IkpXVCJ9.eyJpZCI6IjYyNTU4MTdkZDAxZTI1MGIwOTI1MjJkYiIsImVtYWlsIjoiQWRtaW5AZ21haWwuY29tIiwicm9sZSI6IkFkbWluIiwiaWF0IjoxNjQ5OTI1MjgzfQ.AOOuVJAh0pT_j05BEy2Z21hymEASrhKBM077k3KJVpE {"timestamp":"2022-04-14T08:34:43.862Z"}
info: Server started at http://localhost:3000/api/v1/ {"timestamp":"2022-04-14T13:20:24.792Z"}
info: Connected to the database. {"timestamp":"2022-04-14T13:20:26.030Z"}
error: 
    status - 500 
    message - MulterError: Unexpected field
    at wrappedFileFilter (C:\Projects\EmpType\node_modules\multer\index.js:40:19)
    at Busboy.<anonymous> (C:\Projects\EmpType\node_modules\multer\lib\make-middleware.js:115:7)
    at Busboy.emit (node:events:520:28)
    at Busboy.emit (C:\Projects\EmpType\node_modules\busboy\lib\main.js:38:33)
    at PartStream.<anonymous> (C:\Projects\EmpType\node_modules\busboy\lib\types\multipart.js:213:13)
    at PartStream.emit (node:events:520:28)
    at HeaderParser.<anonymous> (C:\Projects\EmpType\node_modules\dicer\lib\Dicer.js:51:16)
    at HeaderParser.emit (node:events:520:28)
    at HeaderParser._finish (C:\Projects\EmpType\node_modules\dicer\lib\HeaderParser.js:68:8)
    at SBMH.<anonymous> (C:\Projects\EmpType\node_modules\dicer\lib\HeaderParser.js:40:12) 
    url - /api/v1/emps/ 
    method - POST 
    IP - ::ffff:127.0.0.1
   {"timestamp":"2022-04-14T13:25:47.249Z"}
info: Server started at http://localhost:3000/api/v1/ {"timestamp":"2022-04-14T13:30:35.449Z"}
info: Connected to the database. {"timestamp":"2022-04-14T13:30:35.906Z"}
error: 
    status - 500 
    message - MulterError: Unexpected field
    at wrappedFileFilter (C:\Projects\EmpType\node_modules\multer\index.js:40:19)
    at Busboy.<anonymous> (C:\Projects\EmpType\node_modules\multer\lib\make-middleware.js:115:7)
    at Busboy.emit (node:events:520:28)
    at Busboy.emit (C:\Projects\EmpType\node_modules\busboy\lib\main.js:38:33)
    at PartStream.<anonymous> (C:\Projects\EmpType\node_modules\busboy\lib\types\multipart.js:213:13)
    at PartStream.emit (node:events:520:28)
    at HeaderParser.<anonymous> (C:\Projects\EmpType\node_modules\dicer\lib\Dicer.js:51:16)
    at HeaderParser.emit (node:events:520:28)
    at HeaderParser._finish (C:\Projects\EmpType\node_modules\dicer\lib\HeaderParser.js:68:8)
    at SBMH.<anonymous> (C:\Projects\EmpType\node_modules\dicer\lib\HeaderParser.js:40:12) 
    url - /api/v1/emps/ 
    method - POST 
    IP - ::ffff:127.0.0.1
   {"timestamp":"2022-04-14T13:30:44.466Z"}
error: 
    status - 500 
    message - TypeError: Cannot read properties of undefined (reading 'dept_name')
    at UserDao.<anonymous> (C:\Projects\EmpType\src\Dao\Employee.Dao.ts:24:102)
    at Generator.next (<anonymous>)
    at C:\Projects\EmpType\src\Dao\Employee.Dao.ts:8:71
    at new Promise (<anonymous>)
    at __awaiter (C:\Projects\EmpType\src\Dao\Employee.Dao.ts:4:12)
    at UserDao.saveUser (C:\Projects\EmpType\src\Dao\Employee.Dao.ts:23:48)
    at EmployeeService.<anonymous> (C:\Projects\EmpType\src\services\EmployeeService.ts:24:36)
    at Generator.next (<anonymous>)
    at C:\Projects\EmpType\src\services\EmployeeService.ts:8:71
    at new Promise (<anonymous>) 
    url - /api/v1/emps/ 
    method - POST 
    IP - ::ffff:127.0.0.1
   {"timestamp":"2022-04-14T13:31:12.983Z"}
error: 
    status - 500 
    message - TypeError: Cannot read properties of undefined (reading 'path')
    at UserDao.<anonymous> (C:\Projects\EmpType\src\Dao\Employee.Dao.ts:40:31)
    at Generator.next (<anonymous>)
    at fulfilled (C:\Projects\EmpType\src\Dao\Employee.Dao.ts:5:58) 
    url - /api/v1/emps/ 
    method - POST 
    IP - ::ffff:127.0.0.1
   {"timestamp":"2022-04-14T13:33:24.759Z"}
error: 
    status - 500 
    message - TypeError: Cannot read properties of undefined (reading 'path')
    at UserDao.<anonymous> (C:\Projects\EmpType\src\Dao\Employee.Dao.ts:40:31)
    at Generator.next (<anonymous>)
    at fulfilled (C:\Projects\EmpType\src\Dao\Employee.Dao.ts:5:58) 
    url - /api/v1/emps/ 
    method - POST 
    IP - ::ffff:127.0.0.1
   {"timestamp":"2022-04-14T13:33:44.785Z"}
error: 
    status - 500 
    message - MulterError: Unexpected field
    at wrappedFileFilter (C:\Projects\EmpType\node_modules\multer\index.js:40:19)
    at Busboy.<anonymous> (C:\Projects\EmpType\node_modules\multer\lib\make-middleware.js:115:7)
    at Busboy.emit (node:events:520:28)
    at Busboy.emit (C:\Projects\EmpType\node_modules\busboy\lib\main.js:38:33)
    at PartStream.<anonymous> (C:\Projects\EmpType\node_modules\busboy\lib\types\multipart.js:213:13)
    at PartStream.emit (node:events:520:28)
    at HeaderParser.<anonymous> (C:\Projects\EmpType\node_modules\dicer\lib\Dicer.js:51:16)
    at HeaderParser.emit (node:events:520:28)
    at HeaderParser._finish (C:\Projects\EmpType\node_modules\dicer\lib\HeaderParser.js:68:8)
    at SBMH.<anonymous> (C:\Projects\EmpType\node_modules\dicer\lib\HeaderParser.js:40:12) 
    url - /api/v1/emps/ 
    method - POST 
    IP - ::ffff:127.0.0.1
   {"timestamp":"2022-04-14T13:34:03.701Z"}
info: Server started at http://localhost:3000/api/v1/ {"timestamp":"2022-04-14T13:36:07.587Z"}
info: Connected to the database. {"timestamp":"2022-04-14T13:36:08.047Z"}
error: 
    status - 500 
    message - MulterError: Unexpected field
    at wrappedFileFilter (C:\Projects\EmpType\node_modules\multer\index.js:40:19)
    at Busboy.<anonymous> (C:\Projects\EmpType\node_modules\multer\lib\make-middleware.js:115:7)
    at Busboy.emit (node:events:520:28)
    at Busboy.emit (C:\Projects\EmpType\node_modules\busboy\lib\main.js:38:33)
    at PartStream.<anonymous> (C:\Projects\EmpType\node_modules\busboy\lib\types\multipart.js:213:13)
    at PartStream.emit (node:events:520:28)
    at HeaderParser.<anonymous> (C:\Projects\EmpType\node_modules\dicer\lib\Dicer.js:51:16)
    at HeaderParser.emit (node:events:520:28)
    at HeaderParser._finish (C:\Projects\EmpType\node_modules\dicer\lib\HeaderParser.js:68:8)
    at SBMH.<anonymous> (C:\Projects\EmpType\node_modules\dicer\lib\HeaderParser.js:40:12) 
    url - /api/v1/emps/ 
    method - POST 
    IP - ::ffff:127.0.0.1
   {"timestamp":"2022-04-14T13:36:14.528Z"}
info: Server started at http://localhost:3000/api/v1/ {"timestamp":"2022-04-14T13:46:28.473Z"}
info: Connected to the database. {"timestamp":"2022-04-14T13:46:28.940Z"}
error: 
    status - 500 
    message - MulterError: Unexpected field
    at wrappedFileFilter (C:\Projects\EmpType\node_modules\multer\index.js:40:19)
    at Busboy.<anonymous> (C:\Projects\EmpType\node_modules\multer\lib\make-middleware.js:115:7)
    at Busboy.emit (node:events:520:28)
    at Busboy.emit (C:\Projects\EmpType\node_modules\busboy\lib\main.js:38:33)
    at PartStream.<anonymous> (C:\Projects\EmpType\node_modules\busboy\lib\types\multipart.js:213:13)
    at PartStream.emit (node:events:520:28)
    at HeaderParser.<anonymous> (C:\Projects\EmpType\node_modules\dicer\lib\Dicer.js:51:16)
    at HeaderParser.emit (node:events:520:28)
    at HeaderParser._finish (C:\Projects\EmpType\node_modules\dicer\lib\HeaderParser.js:68:8)
    at SBMH.<anonymous> (C:\Projects\EmpType\node_modules\dicer\lib\HeaderParser.js:40:12) 
    url - /api/v1/emps/ 
    method - POST 
    IP - ::ffff:127.0.0.1
   {"timestamp":"2022-04-14T13:47:27.245Z"}
error: 
    status - 500 
    message - MulterError: Unexpected field
    at wrappedFileFilter (C:\Projects\EmpType\node_modules\multer\index.js:40:19)
    at Busboy.<anonymous> (C:\Projects\EmpType\node_modules\multer\lib\make-middleware.js:115:7)
    at Busboy.emit (node:events:520:28)
    at Busboy.emit (C:\Projects\EmpType\node_modules\busboy\lib\main.js:38:33)
    at PartStream.<anonymous> (C:\Projects\EmpType\node_modules\busboy\lib\types\multipart.js:213:13)
    at PartStream.emit (node:events:520:28)
    at HeaderParser.<anonymous> (C:\Projects\EmpType\node_modules\dicer\lib\Dicer.js:51:16)
    at HeaderParser.emit (node:events:520:28)
    at HeaderParser._finish (C:\Projects\EmpType\node_modules\dicer\lib\HeaderParser.js:68:8)
    at SBMH.<anonymous> (C:\Projects\EmpType\node_modules\dicer\lib\HeaderParser.js:40:12) 
    url - /api/v1/emps/ 
    method - POST 
    IP - ::ffff:127.0.0.1
   {"timestamp":"2022-04-14T13:51:49.697Z"}
info: Server started at http://localhost:3000/api/v1/ {"timestamp":"2022-04-14T13:59:20.789Z"}
info: Connected to the database. {"timestamp":"2022-04-14T13:59:22.788Z"}
error: 
    status - 500 
    message - MulterError: Unexpected field
    at wrappedFileFilter (C:\Projects\EmpType\node_modules\multer\index.js:40:19)
    at Busboy.<anonymous> (C:\Projects\EmpType\node_modules\multer\lib\make-middleware.js:115:7)
    at Busboy.emit (node:events:520:28)
    at Busboy.emit (C:\Projects\EmpType\node_modules\busboy\lib\main.js:38:33)
    at PartStream.<anonymous> (C:\Projects\EmpType\node_modules\busboy\lib\types\multipart.js:213:13)
    at PartStream.emit (node:events:520:28)
    at HeaderParser.<anonymous> (C:\Projects\EmpType\node_modules\dicer\lib\Dicer.js:51:16)
    at HeaderParser.emit (node:events:520:28)
    at HeaderParser._finish (C:\Projects\EmpType\node_modules\dicer\lib\HeaderParser.js:68:8)
    at SBMH.<anonymous> (C:\Projects\EmpType\node_modules\dicer\lib\HeaderParser.js:40:12) 
    url - /api/v1/emps/ 
    method - POST 
    IP - ::ffff:127.0.0.1
   {"timestamp":"2022-04-14T13:59:26.858Z"}
info: Server started at http://localhost:3000/api/v1/ {"timestamp":"2022-04-14T14:03:42.897Z"}
info: Connected to the database. {"timestamp":"2022-04-14T14:03:44.050Z"}
error: 
    status - 500 
    message - TypeError: Cannot read properties of undefined (reading 'dept_name')
    at UserDao.<anonymous> (C:\Projects\EmpType\src\Dao\Employee.Dao.ts:24:102)
    at Generator.next (<anonymous>)
    at C:\Projects\EmpType\src\Dao\Employee.Dao.ts:8:71
    at new Promise (<anonymous>)
    at __awaiter (C:\Projects\EmpType\src\Dao\Employee.Dao.ts:4:12)
    at UserDao.saveUser (C:\Projects\EmpType\src\Dao\Employee.Dao.ts:23:48)
    at EmployeeService.<anonymous> (C:\Projects\EmpType\src\services\EmployeeService.ts:24:36)
    at Generator.next (<anonymous>)
    at C:\Projects\EmpType\src\services\EmployeeService.ts:8:71
    at new Promise (<anonymous>) 
    url - /api/v1/emps/ 
    method - POST 
    IP - ::ffff:127.0.0.1
   {"timestamp":"2022-04-14T14:03:59.153Z"}
error: 
    status - 500 
    message - TypeError: Cannot read properties of undefined (reading 'path')
    at UserDao.<anonymous> (C:\Projects\EmpType\src\Dao\Employee.Dao.ts:40:31)
    at Generator.next (<anonymous>)
    at fulfilled (C:\Projects\EmpType\src\Dao\Employee.Dao.ts:5:58) 
    url - /api/v1/emps/ 
    method - POST 
    IP - ::ffff:127.0.0.1
   {"timestamp":"2022-04-14T14:04:13.597Z"}
info: Server started at http://localhost:3000/api/v1/ {"timestamp":"2022-04-14T14:04:55.289Z"}
info: Connected to the database. {"timestamp":"2022-04-14T14:04:56.648Z"}
