error: 
      status - 66
      message - Plan executor error during findAndModify :: caused by :: Performing an update on the path '_id' would modify the immutable field '_id' 
      url - /api/v1/emps/62488675a9c28f5fbb8642dd 
      method - PUT 
      IP - ::1
     {"timestamp":"2022-04-02T18:32:23.399Z"}
error: 
    status - 500 
    message - RangeError: Invalid status code: 66
    at new NodeError (node:internal/errors:371:5)
    at ServerResponse.writeHead (node:_http_server:274:11)
    at ServerResponse.writeHead (C:\Projects\EmpType\node_modules\on-headers\index.js:44:26)
    at ServerResponse._implicitHeader (node:_http_server:265:8)
    at write_ (node:_http_outgoing:766:9)
    at ServerResponse.end (node:_http_outgoing:855:5)
    at ServerResponse.send (C:\Projects\EmpType\node_modules\express\lib\response.js:221:10)
    at ServerResponse.json (C:\Projects\EmpType\node_modules\express\lib\response.js:267:15)
    at ErrorMiddleware.appErrorHandler (C:\Projects\EmpType\src\middlewares\ErrorMiddleware.ts:53:28)
    at Layer.handle_error (C:\Projects\EmpType\node_modules\express\lib\router\layer.js:71:5) 
    url - /api/v1/emps/62488675a9c28f5fbb8642dd 
    method - PUT 
    IP - ::1
   {"timestamp":"2022-04-02T18:32:23.403Z"}
info: Server started at http://localhost:3000/api/v1/ {"timestamp":"2022-04-02T18:45:51.775Z"}
info: Connected to the database. {"timestamp":"2022-04-02T18:45:51.805Z"}
error: 
    status - 500 
    message - undefined 
    url - /api/v1/emps/login 
    method - POST 
    IP - ::1
   {"timestamp":"2022-04-02T21:30:41.245Z"}
info: Login token  eyJhbGciOiJIUzI1NiIsInR5cCI6IkpXVCJ9.eyJpZCI6IjYyNDQ0ODU1YjNiNTVmMDBlN2Y4N2RlMyIsImVtYWlsIjoiQWRtaW5AZ21haWwuY29tIiwicm9sZSI6IkFkbWluIiwiaWF0IjoxNjQ4OTM1MDY5fQ.3LBq3mjl1bStS8yH003kwFY14OBarFiWV5rsXbIF0tA {"timestamp":"2022-04-02T21:31:09.242Z"}
