info: Connected to the database. {"timestamp":"2022-03-28T13:00:30.075Z"}
info: Server started at http://localhost:3000/api/v1/ {"timestamp":"2022-03-28T13:00:54.055Z"}
info: Connected to the database. {"timestamp":"2022-03-28T13:00:54.084Z"}
error: 
    status - 500 
    message - ValidationError: "email" is not allowed 
    url - /api/v1/users 
    method - POST 
    IP - ::ffff:127.0.0.1
   {"timestamp":"2022-03-28T13:02:11.978Z"}
info: Server started at http://localhost:3000/api/v1/ {"timestamp":"2022-03-28T13:02:46.825Z"}
info: Connected to the database. {"timestamp":"2022-03-28T13:02:46.852Z"}
info: Server started at http://localhost:3000/api/v1/ {"timestamp":"2022-03-28T13:05:35.702Z"}
info: Connected to the database. {"timestamp":"2022-03-28T13:05:35.727Z"}
info: Server started at http://localhost:3000/api/v1/ {"timestamp":"2022-03-28T13:21:16.036Z"}
info: Connected to the database. {"timestamp":"2022-03-28T13:21:16.059Z"}
info: Server started at http://localhost:3000/api/v1/ {"timestamp":"2022-03-28T13:23:26.480Z"}
info: Connected to the database. {"timestamp":"2022-03-28T13:23:26.510Z"}
info: Server started at http://localhost:3000/api/v1/ {"timestamp":"2022-03-28T13:24:15.767Z"}
info: Connected to the database. {"timestamp":"2022-03-28T13:24:15.786Z"}
info: Server started at http://localhost:3000/api/v1/ {"timestamp":"2022-03-28T13:27:42.195Z"}
info: Connected to the database. {"timestamp":"2022-03-28T13:27:42.221Z"}
info: Server started at http://localhost:3000/api/v1/ {"timestamp":"2022-03-28T13:31:56.679Z"}
info: Connected to the database. {"timestamp":"2022-03-28T13:31:56.699Z"}
info: Server started at http://localhost:3000/api/v1/ {"timestamp":"2022-03-28T13:32:55.528Z"}
info: Connected to the database. {"timestamp":"2022-03-28T13:32:55.576Z"}
info: Server started at http://localhost:3000/api/v1/ {"timestamp":"2022-03-28T13:39:05.617Z"}
info: Connected to the database. {"timestamp":"2022-03-28T13:39:05.646Z"}
info: Server started at http://localhost:3000/api/v1/ {"timestamp":"2022-03-28T14:29:27.054Z"}
info: Connected to the database. {"timestamp":"2022-03-28T14:29:27.072Z"}
info: Server started at http://localhost:3000/api/v1/ {"timestamp":"2022-03-28T14:33:05.949Z"}
info: Connected to the database. {"timestamp":"2022-03-28T14:33:05.965Z"}
error: 
    status - 500 
    message - RangeError: Invalid status code: undefined
    at new NodeError (node:internal/errors:371:5)
    at ServerResponse.writeHead (node:_http_server:274:11)
    at ServerResponse.writeHead (C:\Projects\EmpType\node_modules\on-headers\index.js:44:26)
    at ServerResponse._implicitHeader (node:_http_server:265:8)
    at write_ (node:_http_outgoing:766:9)
    at ServerResponse.end (node:_http_outgoing:855:5)
    at ServerResponse.send (C:\Projects\EmpType\node_modules\express\lib\response.js:221:10)
    at ServerResponse.json (C:\Projects\EmpType\node_modules\express\lib\response.js:267:15)
    at UserController.<anonymous> (C:\Projects\EmpType\src\controllers\user.controller.ts:71:29)
    at Generator.next (<anonymous>) 
    url - /api/v1/users 
    method - POST 
    IP - ::ffff:127.0.0.1
   {"timestamp":"2022-03-28T14:33:41.856Z"}
info: Server started at http://localhost:3000/api/v1/ {"timestamp":"2022-03-28T14:34:02.376Z"}
info: Connected to the database. {"timestamp":"2022-03-28T14:34:02.398Z"}
info: Server started at http://localhost:3000/api/v1/ {"timestamp":"2022-03-28T14:34:25.551Z"}
info: Connected to the database. {"timestamp":"2022-03-28T14:34:25.569Z"}
info: Server started at http://localhost:3000/api/v1/ {"timestamp":"2022-03-28T14:42:18.063Z"}
info: Connected to the database. {"timestamp":"2022-03-28T14:42:18.082Z"}
info: Server started at http://localhost:3000/api/v1/ {"timestamp":"2022-03-28T14:44:00.604Z"}
info: Connected to the database. {"timestamp":"2022-03-28T14:44:00.625Z"}
info: Connected to the database. {"timestamp":"2022-03-28T14:44:16.516Z"}
info: Connected to the database. {"timestamp":"2022-03-28T14:45:21.163Z"}
info: Server started at http://localhost:3000/api/v1/ {"timestamp":"2022-03-28T14:48:36.438Z"}
info: Connected to the database. {"timestamp":"2022-03-28T14:48:36.455Z"}
info: Server started at http://localhost:3000/api/v1/ {"timestamp":"2022-03-28T16:06:25.558Z"}
info: Connected to the database. {"timestamp":"2022-03-28T16:06:25.583Z"}
info: Server started at http://localhost:3000/api/v1/ {"timestamp":"2022-03-28T16:06:30.847Z"}
info: Connected to the database. {"timestamp":"2022-03-28T16:06:30.874Z"}
info: Server started at http://localhost:3000/api/v1/ {"timestamp":"2022-03-28T16:07:46.953Z"}
info: Connected to the database. {"timestamp":"2022-03-28T16:07:46.976Z"}
info: Server started at http://localhost:3000/api/v1/ {"timestamp":"2022-03-28T16:28:17.315Z"}
info: Connected to the database. {"timestamp":"2022-03-28T16:28:17.337Z"}
info: Server started at http://localhost:3000/api/v1/ {"timestamp":"2022-03-28T16:45:35.952Z"}
info: Connected to the database. {"timestamp":"2022-03-28T16:45:35.979Z"}
info: Server started at http://localhost:3000/api/v1/ {"timestamp":"2022-03-28T16:45:38.750Z"}
info: Connected to the database. {"timestamp":"2022-03-28T16:45:38.772Z"}
error: 
      status - 400
      message - Authorization token is required 
      url - /api/v1/users/:6241b2f71307d0fab5dc62b4 
      method - GET 
      IP - ::ffff:127.0.0.1
     {"timestamp":"2022-03-28T16:46:58.200Z"}
info: Server started at http://localhost:3000/api/v1/ {"timestamp":"2022-03-28T16:47:25.489Z"}
info: Connected to the database. {"timestamp":"2022-03-28T16:47:25.520Z"}
info: Server started at http://localhost:3000/api/v1/ {"timestamp":"2022-03-28T16:53:45.003Z"}
info: Connected to the database. {"timestamp":"2022-03-28T16:53:45.034Z"}
info: Server started at http://localhost:3000/api/v1/ {"timestamp":"2022-03-28T16:56:03.908Z"}
info: Connected to the database. {"timestamp":"2022-03-28T16:56:03.934Z"}
info: Server started at http://localhost:3000/api/v1/ {"timestamp":"2022-03-28T16:56:54.752Z"}
info: Connected to the database. {"timestamp":"2022-03-28T16:56:54.779Z"}
info: Server started at http://localhost:3000/api/v1/ {"timestamp":"2022-03-28T16:58:09.656Z"}
info: Connected to the database. {"timestamp":"2022-03-28T16:58:09.680Z"}
info: Server started at http://localhost:3000/api/v1/ {"timestamp":"2022-03-28T16:59:15.448Z"}
info: Connected to the database. {"timestamp":"2022-03-28T16:59:15.471Z"}
info: Server started at http://localhost:3000/api/v1/ {"timestamp":"2022-03-28T17:00:16.087Z"}
info: Connected to the database. {"timestamp":"2022-03-28T17:00:16.107Z"}
info: Server started at http://localhost:3000/api/v1/ {"timestamp":"2022-03-28T17:02:00.405Z"}
info: Connected to the database. {"timestamp":"2022-03-28T17:02:00.431Z"}
info: Server started at http://localhost:3000/api/v1/ {"timestamp":"2022-03-28T17:06:07.764Z"}
info: Connected to the database. {"timestamp":"2022-03-28T17:06:07.786Z"}
info: Server started at http://localhost:3000/api/v1/ {"timestamp":"2022-03-28T17:08:19.741Z"}
info: Connected to the database. {"timestamp":"2022-03-28T17:08:19.766Z"}
info: Server started at http://localhost:3000/api/v1/ {"timestamp":"2022-03-28T17:08:51.260Z"}
info: Connected to the database. {"timestamp":"2022-03-28T17:08:51.282Z"}
info: Server started at http://localhost:3000/api/v1/ {"timestamp":"2022-03-28T17:09:03.425Z"}
info: Connected to the database. {"timestamp":"2022-03-28T17:09:03.449Z"}
info: Server started at http://localhost:3000/api/v1/ {"timestamp":"2022-03-28T17:11:27.267Z"}
info: Connected to the database. {"timestamp":"2022-03-28T17:11:27.289Z"}
info: Server started at http://localhost:3000/api/v1/ {"timestamp":"2022-03-28T17:11:54.687Z"}
info: Connected to the database. {"timestamp":"2022-03-28T17:11:54.707Z"}
info: Server started at http://localhost:3000/api/v1/ {"timestamp":"2022-03-28T17:13:18.350Z"}
info: Connected to the database. {"timestamp":"2022-03-28T17:13:18.370Z"}
info: Server started at http://localhost:3000/api/v1/ {"timestamp":"2022-03-28T17:13:35.733Z"}
info: Connected to the database. {"timestamp":"2022-03-28T17:13:35.750Z"}
info: Server started at http://localhost:3000/api/v1/ {"timestamp":"2022-03-28T17:28:41.233Z"}
info: Connected to the database. {"timestamp":"2022-03-28T17:28:41.255Z"}
info: Server started at http://localhost:3000/api/v1/ {"timestamp":"2022-03-28T17:28:50.423Z"}
info: Connected to the database. {"timestamp":"2022-03-28T17:28:50.441Z"}
info: Server started at http://localhost:3000/api/v1/ {"timestamp":"2022-03-28T17:29:16.605Z"}
info: Connected to the database. {"timestamp":"2022-03-28T17:29:16.626Z"}
info: Server started at http://localhost:3000/api/v1/ {"timestamp":"2022-03-28T17:30:32.694Z"}
info: Connected to the database. {"timestamp":"2022-03-28T17:30:32.715Z"}
info: Server started at http://localhost:3000/api/v1/ {"timestamp":"2022-03-28T17:30:57.832Z"}
info: Connected to the database. {"timestamp":"2022-03-28T17:30:57.852Z"}
info: Server started at http://localhost:3000/api/v1/ {"timestamp":"2022-03-28T17:31:26.432Z"}
info: Connected to the database. {"timestamp":"2022-03-28T17:31:26.453Z"}
info: Server started at http://localhost:3000/api/v1/ {"timestamp":"2022-03-28T17:31:47.505Z"}
info: Connected to the database. {"timestamp":"2022-03-28T17:31:47.522Z"}
info: Server started at http://localhost:3000/api/v1/ {"timestamp":"2022-03-28T17:32:07.887Z"}
info: Connected to the database. {"timestamp":"2022-03-28T17:32:07.907Z"}
info: Server started at http://localhost:3000/api/v1/ {"timestamp":"2022-03-28T17:33:21.760Z"}
info: Connected to the database. {"timestamp":"2022-03-28T17:33:21.780Z"}
info: Server started at http://localhost:3000/api/v1/ {"timestamp":"2022-03-28T17:33:41.995Z"}
info: Connected to the database. {"timestamp":"2022-03-28T17:33:42.018Z"}
info: Server started at http://localhost:3000/api/v1/ {"timestamp":"2022-03-28T17:35:01.978Z"}
info: Connected to the database. {"timestamp":"2022-03-28T17:35:01.999Z"}
info: Server started at http://localhost:3000/api/v1/ {"timestamp":"2022-03-28T17:35:51.637Z"}
info: Connected to the database. {"timestamp":"2022-03-28T17:35:51.653Z"}
