info: Server started at http://localhost:3000/api/v1/ {"timestamp":"2022-04-16T11:32:16.224Z"}
info: Server started at http://localhost:3000/api/v1/ {"timestamp":"2022-04-16T11:33:46.043Z"}
info: Connected to the database. {"timestamp":"2022-04-16T11:33:47.950Z"}
error: 
    status - 500 
    message - MulterError: Unexpected field
    at wrappedFileFilter (C:\Projects\EmpType\node_modules\multer\index.js:40:19)
    at Busboy.<anonymous> (C:\Projects\EmpType\node_modules\multer\lib\make-middleware.js:115:7)
    at Busboy.emit (node:events:520:28)
    at Busboy.emit (C:\Projects\EmpType\node_modules\busboy\lib\main.js:38:33)
    at PartStream.<anonymous> (C:\Projects\EmpType\node_modules\busboy\lib\types\multipart.js:213:13)
    at PartStream.emit (node:events:520:28)
    at HeaderParser.<anonymous> (C:\Projects\EmpType\node_modules\dicer\lib\Dicer.js:51:16)
    at HeaderParser.emit (node:events:520:28)
    at HeaderParser._finish (C:\Projects\EmpType\node_modules\dicer\lib\HeaderParser.js:68:8)
    at SBMH.<anonymous> (C:\Projects\EmpType\node_modules\dicer\lib\HeaderParser.js:40:12) 
    url - /api/v1/emps/ 
    method - POST 
    IP - ::ffff:127.0.0.1
   {"timestamp":"2022-04-16T11:34:58.486Z"}
error: 
    status - 500 
    message - TypeError: Cannot read properties of undefined (reading 'dept_name')
    at UserDao.<anonymous> (C:\Projects\EmpType\src\Dao\Employee.Dao.ts:24:102)
    at Generator.next (<anonymous>)
    at C:\Projects\EmpType\src\Dao\Employee.Dao.ts:8:71
    at new Promise (<anonymous>)
    at __awaiter (C:\Projects\EmpType\src\Dao\Employee.Dao.ts:4:12)
    at UserDao.saveUser (C:\Projects\EmpType\src\Dao\Employee.Dao.ts:23:48)
    at EmployeeService.<anonymous> (C:\Projects\EmpType\src\services\EmployeeService.ts:24:36)
    at Generator.next (<anonymous>)
    at C:\Projects\EmpType\src\services\EmployeeService.ts:8:71
    at new Promise (<anonymous>) 
    url - /api/v1/emps/ 
    method - POST 
    IP - ::ffff:127.0.0.1
   {"timestamp":"2022-04-16T11:35:07.747Z"}
error: 
    status - 500 
    message - TypeError: Cannot read properties of null (reading 'dept_id')
    at UserDao.<anonymous> (C:\Projects\EmpType\src\Dao\Employee.Dao.ts:33:35)
    at Generator.next (<anonymous>)
    at fulfilled (C:\Projects\EmpType\src\Dao\Employee.Dao.ts:5:58) 
    url - /api/v1/emps/ 
    method - POST 
    IP - ::ffff:127.0.0.1
   {"timestamp":"2022-04-16T11:35:26.664Z"}
info: Server started at http://localhost:3000/api/v1/ {"timestamp":"2022-04-16T11:37:07.127Z"}
info: Connected to the database. {"timestamp":"2022-04-16T11:37:07.573Z"}
error: 
    status - 500 
    message - TypeError: Cannot read properties of undefined (reading 'path')
    at UserDao.<anonymous> (C:\Projects\EmpType\src\Dao\Employee.Dao.ts:40:31)
    at Generator.next (<anonymous>)
    at fulfilled (C:\Projects\EmpType\src\Dao\Employee.Dao.ts:5:58) 
    url - /api/v1/emps/ 
    method - POST 
    IP - ::ffff:127.0.0.1
   {"timestamp":"2022-04-16T11:37:10.692Z"}
info: Server started at http://localhost:3000/api/v1/ {"timestamp":"2022-04-16T11:45:25.904Z"}
info: Server started at http://localhost:3000/api/v1/ {"timestamp":"2022-04-16T11:46:15.697Z"}
info: Connected to the database. {"timestamp":"2022-04-16T11:46:19.318Z"}
error: 
    status - 500 
    message - TypeError: Cannot read properties of undefined (reading 'path')
    at UserDao.<anonymous> (C:\Projects\EmpType\src\Dao\Employee.Dao.ts:40:31)
    at Generator.next (<anonymous>)
    at fulfilled (C:\Projects\EmpType\src\Dao\Employee.Dao.ts:5:58) 
    url - /api/v1/emps/ 
    method - POST 
    IP - ::ffff:127.0.0.1
   {"timestamp":"2022-04-16T11:46:26.828Z"}
info: Server started at http://localhost:3000/api/v1/ {"timestamp":"2022-04-16T11:48:00.244Z"}
info: Connected to the database. {"timestamp":"2022-04-16T11:48:00.811Z"}
info: Server started at http://localhost:3000/api/v1/ {"timestamp":"2022-04-16T11:51:53.138Z"}
info: Connected to the database. {"timestamp":"2022-04-16T11:51:55.046Z"}
info: Server started at http://localhost:3000/api/v1/ {"timestamp":"2022-04-16T11:56:59.117Z"}
info: Connected to the database. {"timestamp":"2022-04-16T11:57:00.335Z"}
error: 
    status - 500 
    message - TypeError: Cannot read properties of undefined (reading 'dept_name')
    at UserDao.<anonymous> (C:\Projects\EmpType\src\Dao\Employee.Dao.ts:24:102)
    at Generator.next (<anonymous>)
    at C:\Projects\EmpType\src\Dao\Employee.Dao.ts:8:71
    at new Promise (<anonymous>)
    at __awaiter (C:\Projects\EmpType\src\Dao\Employee.Dao.ts:4:12)
    at UserDao.saveUser (C:\Projects\EmpType\src\Dao\Employee.Dao.ts:23:48)
    at EmployeeService.<anonymous> (C:\Projects\EmpType\src\services\EmployeeService.ts:24:36)
    at Generator.next (<anonymous>)
    at C:\Projects\EmpType\src\services\EmployeeService.ts:8:71
    at new Promise (<anonymous>) 
    url - /api/v1/emps/ 
    method - POST 
    IP - ::ffff:127.0.0.1
   {"timestamp":"2022-04-16T12:08:21.121Z"}
info: Server started at http://localhost:3000/api/v1/ {"timestamp":"2022-04-16T12:09:17.109Z"}
info: Connected to the database. {"timestamp":"2022-04-16T12:09:19.091Z"}
info: Server started at http://localhost:3000/api/v1/ {"timestamp":"2022-04-16T12:10:03.565Z"}
info: Connected to the database. {"timestamp":"2022-04-16T12:10:05.103Z"}
info: Server started at http://localhost:3000/api/v1/ {"timestamp":"2022-04-16T12:11:29.591Z"}
info: Connected to the database. {"timestamp":"2022-04-16T12:11:31.306Z"}
info: Server started at http://localhost:3000/api/v1/ {"timestamp":"2022-04-16T12:12:35.579Z"}
info: Connected to the database. {"timestamp":"2022-04-16T12:12:37.111Z"}
error: 
    status - 500 
    message - TypeError: Cannot read properties of undefined (reading 'dept_name')
    at UserDao.<anonymous> (C:\Projects\EmpType\src\Dao\Employee.Dao.ts:24:102)
    at Generator.next (<anonymous>)
    at C:\Projects\EmpType\src\Dao\Employee.Dao.ts:8:71
    at new Promise (<anonymous>)
    at __awaiter (C:\Projects\EmpType\src\Dao\Employee.Dao.ts:4:12)
    at UserDao.saveUser (C:\Projects\EmpType\src\Dao\Employee.Dao.ts:23:48)
    at EmployeeService.<anonymous> (C:\Projects\EmpType\src\services\EmployeeService.ts:24:36)
    at Generator.next (<anonymous>)
    at C:\Projects\EmpType\src\services\EmployeeService.ts:8:71
    at new Promise (<anonymous>) 
    url - /api/v1/emps/ 
    method - POST 
    IP - ::ffff:127.0.0.1
   {"timestamp":"2022-04-16T12:12:44.761Z"}
error: 
    status - 500 
    message - TypeError: Cannot read properties of undefined (reading 'dept_name')
    at UserDao.<anonymous> (C:\Projects\EmpType\src\Dao\Employee.Dao.ts:24:102)
    at Generator.next (<anonymous>)
    at C:\Projects\EmpType\src\Dao\Employee.Dao.ts:8:71
    at new Promise (<anonymous>)
    at __awaiter (C:\Projects\EmpType\src\Dao\Employee.Dao.ts:4:12)
    at UserDao.saveUser (C:\Projects\EmpType\src\Dao\Employee.Dao.ts:23:48)
    at EmployeeService.<anonymous> (C:\Projects\EmpType\src\services\EmployeeService.ts:24:36)
    at Generator.next (<anonymous>)
    at C:\Projects\EmpType\src\services\EmployeeService.ts:8:71
    at new Promise (<anonymous>) 
    url - /api/v1/emps/ 
    method - POST 
    IP - ::ffff:127.0.0.1
   {"timestamp":"2022-04-16T12:13:02.073Z"}
error: 
    status - 500 
    message - TypeError: Cannot read properties of undefined (reading 'dept_name')
    at UserDao.<anonymous> (C:\Projects\EmpType\src\Dao\Employee.Dao.ts:24:102)
    at Generator.next (<anonymous>)
    at C:\Projects\EmpType\src\Dao\Employee.Dao.ts:8:71
    at new Promise (<anonymous>)
    at __awaiter (C:\Projects\EmpType\src\Dao\Employee.Dao.ts:4:12)
    at UserDao.saveUser (C:\Projects\EmpType\src\Dao\Employee.Dao.ts:23:48)
    at EmployeeService.<anonymous> (C:\Projects\EmpType\src\services\EmployeeService.ts:24:36)
    at Generator.next (<anonymous>)
    at C:\Projects\EmpType\src\services\EmployeeService.ts:8:71
    at new Promise (<anonymous>) 
    url - /api/v1/emps/ 
    method - POST 
    IP - ::ffff:127.0.0.1
   {"timestamp":"2022-04-16T12:13:12.750Z"}
error: 
    status - 500 
    message - TypeError: Cannot read properties of undefined (reading 'dept_name')
    at UserDao.<anonymous> (C:\Projects\EmpType\src\Dao\Employee.Dao.ts:24:102)
    at Generator.next (<anonymous>)
    at C:\Projects\EmpType\src\Dao\Employee.Dao.ts:8:71
    at new Promise (<anonymous>)
    at __awaiter (C:\Projects\EmpType\src\Dao\Employee.Dao.ts:4:12)
    at UserDao.saveUser (C:\Projects\EmpType\src\Dao\Employee.Dao.ts:23:48)
    at EmployeeService.<anonymous> (C:\Projects\EmpType\src\services\EmployeeService.ts:24:36)
    at Generator.next (<anonymous>)
    at C:\Projects\EmpType\src\services\EmployeeService.ts:8:71
    at new Promise (<anonymous>) 
    url - /api/v1/emps/ 
    method - POST 
    IP - ::ffff:127.0.0.1
   {"timestamp":"2022-04-16T12:13:31.045Z"}
error: 
    status - 500 
    message - TypeError: Cannot read properties of undefined (reading 'dept_name')
    at UserDao.<anonymous> (C:\Projects\EmpType\src\Dao\Employee.Dao.ts:24:102)
    at Generator.next (<anonymous>)
    at C:\Projects\EmpType\src\Dao\Employee.Dao.ts:8:71
    at new Promise (<anonymous>)
    at __awaiter (C:\Projects\EmpType\src\Dao\Employee.Dao.ts:4:12)
    at UserDao.saveUser (C:\Projects\EmpType\src\Dao\Employee.Dao.ts:23:48)
    at EmployeeService.<anonymous> (C:\Projects\EmpType\src\services\EmployeeService.ts:24:36)
    at Generator.next (<anonymous>)
    at C:\Projects\EmpType\src\services\EmployeeService.ts:8:71
    at new Promise (<anonymous>) 
    url - /api/v1/emps/ 
    method - POST 
    IP - ::ffff:127.0.0.1
   {"timestamp":"2022-04-16T12:13:50.798Z"}
error: 
    status - 500 
    message - TypeError: Cannot read properties of undefined (reading 'role_name')
    at UserDao.<anonymous> (C:\Projects\EmpType\src\Dao\Employee.Dao.ts:25:90)
    at Generator.next (<anonymous>)
    at fulfilled (C:\Projects\EmpType\src\Dao\Employee.Dao.ts:5:58)
    at processTicksAndRejections (node:internal/process/task_queues:96:5) 
    url - /api/v1/emps/ 
    method - POST 
    IP - ::ffff:127.0.0.1
   {"timestamp":"2022-04-16T12:32:34.990Z"}
info: Server started at http://localhost:3000/api/v1/ {"timestamp":"2022-04-16T12:43:45.855Z"}
info: Connected to the database. {"timestamp":"2022-04-16T12:43:46.328Z"}
info: Server started at http://localhost:3000/api/v1/ {"timestamp":"2022-04-16T12:46:21.246Z"}
info: Connected to the database. {"timestamp":"2022-04-16T12:46:21.722Z"}
info: Server started at http://localhost:3000/api/v1/ {"timestamp":"2022-04-16T12:46:57.291Z"}
info: Connected to the database. {"timestamp":"2022-04-16T12:46:57.583Z"}
info: Server started at http://localhost:3000/api/v1/ {"timestamp":"2022-04-16T12:47:28.591Z"}
info: Connected to the database. {"timestamp":"2022-04-16T12:47:29.012Z"}
info: Server started at http://localhost:3000/api/v1/ {"timestamp":"2022-04-16T12:57:13.013Z"}
info: Connected to the database. {"timestamp":"2022-04-16T12:57:15.212Z"}
info: Server started at http://localhost:3000/api/v1/ {"timestamp":"2022-04-16T12:58:42.457Z"}
info: Connected to the database. {"timestamp":"2022-04-16T12:58:42.968Z"}
info: Server started at http://localhost:3000/api/v1/ {"timestamp":"2022-04-16T13:00:25.525Z"}
info: Connected to the database. {"timestamp":"2022-04-16T13:00:26.809Z"}
info: Server started at http://localhost:3000/api/v1/ {"timestamp":"2022-04-16T13:03:58.608Z"}
info: Connected to the database. {"timestamp":"2022-04-16T13:04:00.428Z"}
info: Server started at http://localhost:3000/api/v1/ {"timestamp":"2022-04-16T13:08:03.627Z"}
info: Connected to the database. {"timestamp":"2022-04-16T13:08:04.867Z"}
info: Server started at http://localhost:3000/api/v1/ {"timestamp":"2022-04-16T13:10:17.975Z"}
info: Connected to the database. {"timestamp":"2022-04-16T13:10:18.462Z"}
info: Server started at http://localhost:3000/api/v1/ {"timestamp":"2022-04-16T13:10:30.181Z"}
info: Connected to the database. {"timestamp":"2022-04-16T13:10:31.664Z"}
info: Server started at http://localhost:3000/api/v1/ {"timestamp":"2022-04-16T13:11:12.443Z"}
info: Connected to the database. {"timestamp":"2022-04-16T13:11:12.747Z"}
info: Server started at http://localhost:3000/api/v1/ {"timestamp":"2022-04-16T13:12:57.472Z"}
info: Connected to the database. {"timestamp":"2022-04-16T13:12:59.663Z"}
info: Server started at http://localhost:3000/api/v1/ {"timestamp":"2022-04-16T13:17:45.588Z"}
info: Connected to the database. {"timestamp":"2022-04-16T13:17:47.800Z"}
error: 
    status - 500 
    message - TypeError: Cannot read properties of undefined (reading 'path')
    at UserDao.<anonymous> (C:\Projects\EmpType\src\Dao\Employee.Dao.ts:40:31)
    at Generator.next (<anonymous>)
    at fulfilled (C:\Projects\EmpType\src\Dao\Employee.Dao.ts:5:58) 
    url - /api/v1/emps/ 
    method - POST 
    IP - ::ffff:127.0.0.1
   {"timestamp":"2022-04-16T13:18:00.317Z"}
info: Server started at http://localhost:3000/api/v1/ {"timestamp":"2022-04-16T13:20:01.186Z"}
info: Connected to the database. {"timestamp":"2022-04-16T13:20:02.637Z"}
error: 
    status - 500 
    message - TypeError: Cannot read properties of undefined (reading 'originalname')
    at UserDao.<anonymous> (C:\Projects\EmpType\src\Dao\Employee.Dao.ts:40:31)
    at Generator.next (<anonymous>)
    at fulfilled (C:\Projects\EmpType\src\Dao\Employee.Dao.ts:5:58) 
    url - /api/v1/emps/ 
    method - POST 
    IP - ::ffff:127.0.0.1
   {"timestamp":"2022-04-16T13:20:06.592Z"}
info: Server started at http://localhost:3000/api/v1/ {"timestamp":"2022-04-16T13:21:02.892Z"}
info: Connected to the database. {"timestamp":"2022-04-16T13:21:04.507Z"}
info: Server started at http://localhost:3000/api/v1/ {"timestamp":"2022-04-16T13:21:42.403Z"}
info: Connected to the database. {"timestamp":"2022-04-16T13:21:42.743Z"}
info: Server started at http://localhost:3000/api/v1/ {"timestamp":"2022-04-16T13:21:59.662Z"}
info: Connected to the database. {"timestamp":"2022-04-16T13:21:59.958Z"}
error: 
    status - 500 
    message - TypeError: Cannot read properties of undefined (reading 'originalname')
    at UserDao.<anonymous> (C:\Projects\EmpType\src\Dao\Employee.Dao.ts:41:26)
    at Generator.next (<anonymous>)
    at fulfilled (C:\Projects\EmpType\src\Dao\Employee.Dao.ts:5:58) 
    url - /api/v1/emps/ 
    method - POST 
    IP - ::ffff:127.0.0.1
   {"timestamp":"2022-04-16T13:22:07.804Z"}
info: Server started at http://localhost:3000/api/v1/ {"timestamp":"2022-04-16T13:24:43.490Z"}
info: Connected to the database. {"timestamp":"2022-04-16T13:24:43.930Z"}
error: 
    status - 500 
    message - TypeError: Cannot read properties of undefined (reading 'originalname')
    at UserDao.<anonymous> (C:\Projects\EmpType\src\Dao\Employee.Dao.ts:43:26)
    at Generator.next (<anonymous>)
    at fulfilled (C:\Projects\EmpType\src\Dao\Employee.Dao.ts:5:58) 
    url - /api/v1/emps/ 
    method - POST 
    IP - ::ffff:127.0.0.1
   {"timestamp":"2022-04-16T13:24:49.150Z"}
info: Server started at http://localhost:3000/api/v1/ {"timestamp":"2022-04-16T13:26:48.666Z"}
info: Connected to the database. {"timestamp":"2022-04-16T13:26:50.875Z"}
error: 
    status - 500 
    message - TypeError: Cannot read properties of undefined (reading 'originalname')
    at UserDao.<anonymous> (C:\Projects\EmpType\src\Dao\Employee.Dao.ts:43:26)
    at Generator.next (<anonymous>)
    at fulfilled (C:\Projects\EmpType\src\Dao\Employee.Dao.ts:5:58) 
    url - /api/v1/emps/ 
    method - POST 
    IP - ::ffff:127.0.0.1
   {"timestamp":"2022-04-16T13:26:58.902Z"}
info: Server started at http://localhost:3000/api/v1/ {"timestamp":"2022-04-16T13:27:58.148Z"}
info: Server started at http://localhost:3000/api/v1/ {"timestamp":"2022-04-16T13:28:24.083Z"}
info: Connected to the database. {"timestamp":"2022-04-16T13:28:25.371Z"}
info: Server started at http://localhost:3000/api/v1/ {"timestamp":"2022-04-16T13:34:46.449Z"}
info: Connected to the database. {"timestamp":"2022-04-16T13:34:47.358Z"}
info: Server started at http://localhost:3000/api/v1/ {"timestamp":"2022-04-16T13:36:01.912Z"}
info: Connected to the database. {"timestamp":"2022-04-16T13:36:03.374Z"}
info: Server started at http://localhost:3000/api/v1/ {"timestamp":"2022-04-16T13:36:59.447Z"}
info: Connected to the database. {"timestamp":"2022-04-16T13:36:59.734Z"}
info: Server started at http://localhost:3000/api/v1/ {"timestamp":"2022-04-16T13:37:51.140Z"}
info: Connected to the database. {"timestamp":"2022-04-16T13:37:53.102Z"}
info: Server started at http://localhost:3000/api/v1/ {"timestamp":"2022-04-16T13:38:18.835Z"}
info: Connected to the database. {"timestamp":"2022-04-16T13:38:19.302Z"}
info: Server started at http://localhost:3000/api/v1/ {"timestamp":"2022-04-16T13:39:17.917Z"}
info: Server started at http://localhost:3000/api/v1/ {"timestamp":"2022-04-16T13:39:39.504Z"}
info: Connected to the database. {"timestamp":"2022-04-16T13:39:40.874Z"}
info: Server started at http://localhost:3000/api/v1/ {"timestamp":"2022-04-16T13:42:38.303Z"}
info: Connected to the database. {"timestamp":"2022-04-16T13:42:40.486Z"}
info: Server started at http://localhost:3000/api/v1/ {"timestamp":"2022-04-16T13:43:50.120Z"}
info: Connected to the database. {"timestamp":"2022-04-16T13:43:52.376Z"}
info: Server started at http://localhost:3000/api/v1/ {"timestamp":"2022-04-16T14:19:18.487Z"}
info: Connected to the database. {"timestamp":"2022-04-16T14:19:18.948Z"}
info: "name" is required {"_original":{},"details":[{"context":{"key":"name","label":"name"},"message":"\"name\" is required","path":["name"],"type":"any.required"}],"timestamp":"2022-04-16T14:19:26.159Z"}
info: Server started at http://localhost:3000/api/v1/ {"timestamp":"2022-04-16T14:31:01.114Z"}
info: Connected to the database. {"timestamp":"2022-04-16T14:31:06.955Z"}
info: "name" is required {"_original":{},"details":[{"context":{"key":"name","label":"name"},"message":"\"name\" is required","path":["name"],"type":"any.required"}],"timestamp":"2022-04-16T14:31:18.037Z"}
info: Server started at http://localhost:3000/api/v1/ {"timestamp":"2022-04-16T14:31:57.929Z"}
info: Connected to the database. {"timestamp":"2022-04-16T14:31:58.246Z"}
info: "name" is required {"_original":{},"details":[{"context":{"key":"name","label":"name"},"message":"\"name\" is required","path":["name"],"type":"any.required"}],"timestamp":"2022-04-16T14:32:02.508Z"}
info: Server started at http://localhost:3000/api/v1/ {"timestamp":"2022-04-16T14:41:07.785Z"}
info: Connected to the database. {"timestamp":"2022-04-16T14:41:10.786Z"}
info: "name" is required {"_original":{},"details":[{"context":{"key":"name","label":"name"},"message":"\"name\" is required","path":["name"],"type":"any.required"}],"timestamp":"2022-04-16T14:41:11.784Z"}
info: Server started at http://localhost:3000/api/v1/ {"timestamp":"2022-04-16T14:53:00.325Z"}
info: Connected to the database. {"timestamp":"2022-04-16T14:53:01.743Z"}
info: Server started at http://localhost:3000/api/v1/ {"timestamp":"2022-04-16T14:54:47.916Z"}
info: Connected to the database. {"timestamp":"2022-04-16T14:54:48.295Z"}
info: "name" is not allowed to be empty {"_original":{"department":{"dept_name":"Engineer"},"email":"Emp7@Gmail.com","name":"","password":"Emp7","role":{"role_name":"Manager"}},"details":[{"context":{"key":"name","label":"name","value":""},"message":"\"name\" is not allowed to be empty","path":["name"],"type":"string.empty"}],"timestamp":"2022-04-16T14:54:58.121Z"}
error: 
    status - 500 
    message - TypeError: Cannot read properties of undefined (reading 'path')
    at UserDao.<anonymous> (C:\Projects\EmpType\src\Dao\Employee.Dao.ts:41:26)
    at Generator.next (<anonymous>)
    at fulfilled (C:\Projects\EmpType\src\Dao\Employee.Dao.ts:5:58) 
    url - /api/v1/emps/ 
    method - POST 
    IP - ::1
   {"timestamp":"2022-04-16T15:00:07.722Z"}
error: 
    status - 500 
    message - TypeError: Cannot read properties of undefined (reading 'path')
    at UserDao.<anonymous> (C:\Projects\EmpType\src\Dao\Employee.Dao.ts:41:26)
    at Generator.next (<anonymous>)
    at fulfilled (C:\Projects\EmpType\src\Dao\Employee.Dao.ts:5:58) 
    url - /api/v1/emps/ 
    method - POST 
    IP - ::1
   {"timestamp":"2022-04-16T15:35:41.745Z"}
error: 
    status - 500 
    message - TypeError: Cannot read properties of undefined (reading 'path')
    at UserDao.<anonymous> (C:\Projects\EmpType\src\Dao\Employee.Dao.ts:41:26)
    at Generator.next (<anonymous>)
    at fulfilled (C:\Projects\EmpType\src\Dao\Employee.Dao.ts:5:58) 
    url - /api/v1/emps/ 
    method - POST 
    IP - ::1
   {"timestamp":"2022-04-16T15:56:29.977Z"}
error: 
    status - 500 
    message - TypeError: Cannot read properties of undefined (reading 'path')
    at UserDao.<anonymous> (C:\Projects\EmpType\src\Dao\Employee.Dao.ts:41:26)
    at Generator.next (<anonymous>)
    at fulfilled (C:\Projects\EmpType\src\Dao\Employee.Dao.ts:5:58) 
    url - /api/v1/emps/ 
    method - POST 
    IP - ::1
   {"timestamp":"2022-04-16T16:00:04.214Z"}
error: 
    status - 500 
    message - TypeError: Cannot read properties of undefined (reading 'path')
    at UserDao.<anonymous> (C:\Projects\EmpType\src\Dao\Employee.Dao.ts:41:26)
    at Generator.next (<anonymous>)
    at fulfilled (C:\Projects\EmpType\src\Dao\Employee.Dao.ts:5:58) 
    url - /api/v1/emps/ 
    method - POST 
    IP - ::1
   {"timestamp":"2022-04-16T16:03:25.176Z"}
error: 
    status - 500 
    message - TypeError: Cannot read properties of undefined (reading 'path')
    at UserDao.<anonymous> (C:\Projects\EmpType\src\Dao\Employee.Dao.ts:41:26)
    at Generator.next (<anonymous>)
    at fulfilled (C:\Projects\EmpType\src\Dao\Employee.Dao.ts:5:58) 
    url - /api/v1/emps/ 
    method - POST 
    IP - ::1
   {"timestamp":"2022-04-16T16:13:45.142Z"}
