info: Connected to the database. {"timestamp":"2022-04-23T09:56:26.564Z"}
info: Connected to the database. {"timestamp":"2022-04-23T09:56:27.863Z"}
info: Connected to the database. {"timestamp":"2022-04-23T09:58:19.552Z"}
info: Connected to the database. {"timestamp":"2022-04-23T09:58:20.874Z"}
info: Connected to the database. {"timestamp":"2022-04-23T09:59:54.789Z"}
info: Connected to the database. {"timestamp":"2022-04-23T09:59:56.082Z"}
info: Connected to the database. {"timestamp":"2022-04-23T09:59:59.835Z"}
info: Connected to the database. {"timestamp":"2022-04-23T10:02:09.978Z"}
info: Connected to the database. {"timestamp":"2022-04-23T10:02:11.147Z"}
info: Connected to the database. {"timestamp":"2022-04-23T10:02:12.358Z"}
info: Connected to the database. {"timestamp":"2022-04-23T10:04:38.105Z"}
info: Connected to the database. {"timestamp":"2022-04-23T10:04:39.278Z"}
info: Connected to the database. {"timestamp":"2022-04-23T10:04:40.744Z"}
info: Connected to the database. {"timestamp":"2022-04-23T10:05:29.553Z"}
info: Connected to the database. {"timestamp":"2022-04-23T10:05:30.797Z"}
info: Connected to the database. {"timestamp":"2022-04-23T10:05:31.929Z"}
info: Server started at http://localhost:3000/api/v1/ {"timestamp":"2022-04-23T10:05:40.870Z"}
info: Connected to the database. {"timestamp":"2022-04-23T10:05:41.693Z"}
info: Server started at http://localhost:3000/api/v1/ {"timestamp":"2022-04-23T10:13:41.669Z"}
info: Connected to the database. {"timestamp":"2022-04-23T10:13:43.369Z"}
info: Connected to the database. {"timestamp":"2022-04-23T10:17:08.000Z"}
info: Connected to the database. {"timestamp":"2022-04-23T10:17:09.198Z"}
info: Connected to the database. {"timestamp":"2022-04-23T10:17:10.374Z"}
info: Connected to the database. {"timestamp":"2022-04-23T10:17:56.415Z"}
info: Connected to the database. {"timestamp":"2022-04-23T10:17:57.598Z"}
info: Connected to the database. {"timestamp":"2022-04-23T10:17:58.771Z"}
info: Connected to the database. {"timestamp":"2022-04-23T10:34:43.849Z"}
info: Connected to the database. {"timestamp":"2022-04-23T10:34:45.055Z"}
info: Connected to the database. {"timestamp":"2022-04-23T10:34:46.210Z"}
info: Connected to the database. {"timestamp":"2022-04-23T10:35:43.980Z"}
info: Connected to the database. {"timestamp":"2022-04-23T10:35:45.167Z"}
info: Connected to the database. {"timestamp":"2022-04-23T10:35:46.378Z"}
info: Connected to the database. {"timestamp":"2022-04-23T10:44:22.696Z"}
info: Connected to the database. {"timestamp":"2022-04-23T10:44:24.410Z"}
info: Connected to the database. {"timestamp":"2022-04-23T10:44:26.114Z"}
info: Server started at http://localhost:3000/api/v1/ {"timestamp":"2022-04-23T10:51:22.194Z"}
info: Connected to the database. {"timestamp":"2022-04-23T10:51:22.830Z"}
info: Connected to the database. {"timestamp":"2022-04-23T10:58:12.154Z"}
info: Connected to the database. {"timestamp":"2022-04-23T10:58:13.336Z"}
info: Connected to the database. {"timestamp":"2022-04-23T10:58:14.807Z"}
info: Server started at http://localhost:3000/api/v1/ {"timestamp":"2022-04-23T11:07:50.915Z"}
info: Connected to the database. {"timestamp":"2022-04-23T11:07:51.718Z"}
error: 
    status - 500 
    message - TypeError: Cannot read properties of null (reading 'dept_id')
    at EmployeeDao.<anonymous> (C:\Projects\EmpType\src\Dao\Employee.Dao.ts:108:56)
    at Generator.next (<anonymous>)
    at fulfilled (C:\Projects\EmpType\src\Dao\Employee.Dao.ts:5:58)
    at processTicksAndRejections (node:internal/process/task_queues:96:5) 
    url - /api/v1/emps/625e74626322696e845c5967 
    method - PUT 
    IP - ::ffff:127.0.0.1
   {"timestamp":"2022-04-23T11:10:11.949Z"}
error: 
    status - 500 
    message - BSONTypeError: Argument passed in must be a string of 12 bytes or a string of 24 hex characters
    at new BSONTypeError (C:\Projects\EmpType\node_modules\mongodb\node_modules\bson\src\error.ts:16:5)
    at new ObjectId (C:\Projects\EmpType\node_modules\mongodb\node_modules\bson\src\objectid.ts:86:15)
    at EmployeeDao.<anonymous> (C:\Projects\EmpType\src\Dao\Employee.Dao.ts:103:24)
    at Generator.next (<anonymous>)
    at fulfilled (C:\Projects\EmpType\src\Dao\Employee.Dao.ts:5:58)
    at processTicksAndRejections (node:internal/process/task_queues:96:5) 
    url - /api/v1/emps/625e74626322696e845c596o 
    method - PUT 
    IP - ::ffff:127.0.0.1
   {"timestamp":"2022-04-23T11:10:21.231Z"}
error: 
    status - 500 
    message - TypeError: Cannot read properties of null (reading 'dept_id')
    at EmployeeDao.<anonymous> (C:\Projects\EmpType\src\Dao\Employee.Dao.ts:108:56)
    at Generator.next (<anonymous>)
    at fulfilled (C:\Projects\EmpType\src\Dao\Employee.Dao.ts:5:58)
    at processTicksAndRejections (node:internal/process/task_queues:96:5) 
    url - /api/v1/emps/625e74626322696e845c5970 
    method - PUT 
    IP - ::ffff:127.0.0.1
   {"timestamp":"2022-04-23T11:10:32.870Z"}
info: Connected to the database. {"timestamp":"2022-04-23T11:14:28.914Z"}
info: Connected to the database. {"timestamp":"2022-04-23T11:14:30.302Z"}
info: Connected to the database. {"timestamp":"2022-04-23T11:14:31.744Z"}
info: Server started at http://localhost:3000/api/v1/ {"timestamp":"2022-04-23T11:22:46.737Z"}
info: Connected to the database. {"timestamp":"2022-04-23T11:22:47.458Z"}
error: 
    status - 500 
    message - BSONTypeError: Argument passed in must be a string of 12 bytes or a string of 24 hex characters
    at new BSONTypeError (C:\Projects\EmpType\node_modules\mongodb\node_modules\bson\src\error.ts:16:5)
    at new ObjectId (C:\Projects\EmpType\node_modules\mongodb\node_modules\bson\src\objectid.ts:86:15)
    at EmployeeDao.<anonymous> (C:\Projects\EmpType\src\Dao\Employee.Dao.ts:90:24)
    at Generator.next (<anonymous>)
    at C:\Projects\EmpType\src\Dao\Employee.Dao.ts:8:71
    at new Promise (<anonymous>)
    at __awaiter (C:\Projects\EmpType\src\Dao\Employee.Dao.ts:4:12)
    at EmployeeDao.Update (C:\Projects\EmpType\src\Dao\Employee.Dao.ts:87:59)
    at EmployeeService.<anonymous> (C:\Projects\EmpType\src\services\EmployeeService.ts:47:40)
    at Generator.next (<anonymous>) 
    url - /api/v1/emps/625e74626322696e845c596g 
    method - PUT 
    IP - ::ffff:127.0.0.1
   {"timestamp":"2022-04-23T11:23:49.603Z"}
info: Connected to the database. {"timestamp":"2022-04-23T11:25:22.284Z"}
info: Connected to the database. {"timestamp":"2022-04-23T11:25:24.413Z"}
info: Connected to the database. {"timestamp":"2022-04-23T11:25:25.699Z"}
info: Connected to the database. {"timestamp":"2022-04-23T11:26:39.818Z"}
info: Connected to the database. {"timestamp":"2022-04-23T11:26:41.648Z"}
info: Connected to the database. {"timestamp":"2022-04-23T11:26:42.623Z"}
info: Connected to the database. {"timestamp":"2022-04-23T11:53:25.683Z"}
info: Connected to the database. {"timestamp":"2022-04-23T11:53:27.513Z"}
info: Connected to the database. {"timestamp":"2022-04-23T11:53:28.813Z"}
