info: Server started at http://localhost:3000/api/v1/ {"timestamp":"2022-03-31T05:25:45.859Z"}
info: Connected to the database. {"timestamp":"2022-03-31T05:25:45.877Z"}
info: Server started at http://localhost:3000/api/v1/ {"timestamp":"2022-03-31T05:26:39.963Z"}
info: Connected to the database. {"timestamp":"2022-03-31T05:26:39.989Z"}
error: 
    status - 500 
    message - BSONTypeError: Argument passed in must be a string of 12 bytes or a string of 24 hex characters
    at new BSONTypeError (C:\Projects\EmpType\node_modules\mongodb\node_modules\bson\src\error.ts:16:5)
    at new ObjectId (C:\Projects\EmpType\node_modules\mongodb\node_modules\bson\src\objectid.ts:86:15)
    at UserDao.<anonymous> (C:\Projects\EmpType\src\Dao\user.dao.ts:44:20)
    at Generator.next (<anonymous>)
    at C:\Projects\EmpType\src\Dao\user.dao.ts:8:71
    at new Promise (<anonymous>)
    at __awaiter (C:\Projects\EmpType\src\Dao\user.dao.ts:4:12)
    at UserDao.Update (C:\Projects\EmpType\src\Dao\user.dao.ts:42:55)
    at UserService.<anonymous> (C:\Projects\EmpType\src\services\user.service.ts:54:31)
    at Generator.next (<anonymous>) 
    url - /api/v1/users/id 
    method - PUT 
    IP - ::ffff:127.0.0.1
   {"timestamp":"2022-03-31T05:28:14.538Z"}
