info: Server started at http://localhost:3000/api/v1/ {"timestamp":"2022-04-19T07:53:36.398Z"}
info: Server started at http://localhost:3000/api/v1/ {"timestamp":"2022-04-19T07:54:07.440Z"}
info: Server started at http://localhost:3000/api/v1/ {"timestamp":"2022-04-19T07:54:47.980Z"}
info: Server started at http://localhost:3000/api/v1/ {"timestamp":"2022-04-19T07:55:29.009Z"}
info: Connected to the database. {"timestamp":"2022-04-19T07:55:30.265Z"}
info: Server started at http://localhost:3000/api/v1/ {"timestamp":"2022-04-19T08:00:25.006Z"}
info: Connected to the database. {"timestamp":"2022-04-19T08:00:26.402Z"}
info: Server started at http://localhost:3000/api/v1/ {"timestamp":"2022-04-19T08:25:12.691Z"}
info: Connected to the database. {"timestamp":"2022-04-19T08:25:14.108Z"}
info: Server started at http://localhost:3000/api/v1/ {"timestamp":"2022-04-19T08:25:54.139Z"}
info: Connected to the database. {"timestamp":"2022-04-19T08:25:55.411Z"}
error: 
    status - 500 
    message - undefined 
    url - /api/v1/emps/login 
    method - POST 
    IP - ::1
   {"timestamp":"2022-04-19T08:35:02.924Z"}
info: Login token  eyJhbGciOiJIUzI1NiIsInR5cCI6IkpXVCJ9.eyJpZCI6IjYyNWU3NDYyNjMyMjY5NmU4NDVjNTk2ZSIsImVtYWlsIjoiRW1wN0BnbWFpbC5jb20iLCJyb2xlIjoiTWFuYWdlciIsImlhdCI6MTY1MDM1NzM0OX0.aQyhtVO_jkWT06sDGwof_j-RimQlH91cRJl8Ml0xuOY {"timestamp":"2022-04-19T08:35:49.690Z"}
info: Login token  eyJhbGciOiJIUzI1NiIsInR5cCI6IkpXVCJ9.eyJpZCI6IjYyNTU4MTdkZDAxZTI1MGIwOTI1MjJkYiIsImVtYWlsIjoiQWRtaW5AZ21haWwuY29tIiwicm9sZSI6IkFkbWluIiwiaWF0IjoxNjUwMzU3ODE3fQ.9DkhhYt7-xmfODuDW3sq3g-CnBfID-yeLkHNYozWEGQ {"timestamp":"2022-04-19T08:43:37.596Z"}
