info: Server started at http://localhost:3000/api/v1/ {"timestamp":"2022-03-16T09:56:44.594Z"}
info: Server started at http://localhost:3000/api/v1/ {"timestamp":"2022-03-16T10:00:30.240Z"}
info: Connected to the database. {"timestamp":"2022-03-16T10:00:30.269Z"}
info: Server started at http://localhost:3000/api/v1/ {"timestamp":"2022-03-16T10:01:13.950Z"}
info: Connected to the database. {"timestamp":"2022-03-16T10:01:13.973Z"}
error: 
    status - 500 
    message - TypeError: dbconnect is not a function
    at _callee2$ (C:\Projects\EmpApi\src\services\/user.service.js:15:19)
    at tryCatch (C:\Projects\EmpApi\node_modules\regenerator-runtime\runtime.js:63:40)
    at Generator.invoke [as _invoke] (C:\Projects\EmpApi\node_modules\regenerator-runtime\runtime.js:294:22)
    at Generator.next (C:\Projects\EmpApi\node_modules\regenerator-runtime\runtime.js:119:21)
    at asyncGeneratorStep (C:\Projects\EmpApi\node_modules\@babel\runtime\helpers\asyncToGenerator.js:3:24)
    at _next (C:\Projects\EmpApi\node_modules\@babel\runtime\helpers\asyncToGenerator.js:25:9)
    at C:\Projects\EmpApi\node_modules\@babel\runtime\helpers\asyncToGenerator.js:32:7
    at new Promise (<anonymous>)
    at Object.<anonymous> (C:\Projects\EmpApi\node_modules\@babel\runtime\helpers\asyncToGenerator.js:21:12)
    at Object.newUser (C:\Projects\EmpApi\src\services\/user.service.js:12:21)
    at _callee3$ (C:\Projects\EmpApi\src\controllers\/user.controller.js:50:36)
    at tryCatch (C:\Projects\EmpApi\node_modules\regenerator-runtime\runtime.js:63:40)
    at Generator.invoke [as _invoke] (C:\Projects\EmpApi\node_modules\regenerator-runtime\runtime.js:294:22)
    at Generator.next (C:\Projects\EmpApi\node_modules\regenerator-runtime\runtime.js:119:21)
    at asyncGeneratorStep (C:\Projects\EmpApi\node_modules\@babel\runtime\helpers\asyncToGenerator.js:3:24)
    at _next (C:\Projects\EmpApi\node_modules\@babel\runtime\helpers\asyncToGenerator.js:25:9) 
    url - /api/v1/users 
    method - POST 
    IP - ::ffff:127.0.0.1
   {"timestamp":"2022-03-16T10:01:54.951Z"}
info: Server started at http://localhost:3000/api/v1/ {"timestamp":"2022-03-16T10:08:10.803Z"}
info: Connected to the database. {"timestamp":"2022-03-16T10:08:10.823Z"}
error: 
    status - 500 
    message - TypeError: dbconnect is not a function
    at _callee2$ (C:\Projects\EmpApi\src\services\/user.service.js:15:19)
    at tryCatch (C:\Projects\EmpApi\node_modules\regenerator-runtime\runtime.js:63:40)
    at Generator.invoke [as _invoke] (C:\Projects\EmpApi\node_modules\regenerator-runtime\runtime.js:294:22)
    at Generator.next (C:\Projects\EmpApi\node_modules\regenerator-runtime\runtime.js:119:21)
    at asyncGeneratorStep (C:\Projects\EmpApi\node_modules\@babel\runtime\helpers\asyncToGenerator.js:3:24)
    at _next (C:\Projects\EmpApi\node_modules\@babel\runtime\helpers\asyncToGenerator.js:25:9)
    at C:\Projects\EmpApi\node_modules\@babel\runtime\helpers\asyncToGenerator.js:32:7
    at new Promise (<anonymous>)
    at Object.<anonymous> (C:\Projects\EmpApi\node_modules\@babel\runtime\helpers\asyncToGenerator.js:21:12)
    at Object.newUser (C:\Projects\EmpApi\src\services\/user.service.js:12:21)
    at _callee3$ (C:\Projects\EmpApi\src\controllers\/user.controller.js:50:36)
    at tryCatch (C:\Projects\EmpApi\node_modules\regenerator-runtime\runtime.js:63:40)
    at Generator.invoke [as _invoke] (C:\Projects\EmpApi\node_modules\regenerator-runtime\runtime.js:294:22)
    at Generator.next (C:\Projects\EmpApi\node_modules\regenerator-runtime\runtime.js:119:21)
    at asyncGeneratorStep (C:\Projects\EmpApi\node_modules\@babel\runtime\helpers\asyncToGenerator.js:3:24)
    at _next (C:\Projects\EmpApi\node_modules\@babel\runtime\helpers\asyncToGenerator.js:25:9) 
    url - /api/v1/users 
    method - POST 
    IP - ::ffff:127.0.0.1
   {"timestamp":"2022-03-16T10:08:18.091Z"}
info: Server started at http://localhost:3000/api/v1/ {"timestamp":"2022-03-16T10:09:23.570Z"}
info: Connected to the database. {"timestamp":"2022-03-16T10:09:23.589Z"}
error: 
    status - 500 
    message - ReferenceError: insertOne is not defined
    at _callee2$ (C:\Projects\EmpApi\src\services\/user.service.js:12:24)
    at tryCatch (C:\Projects\EmpApi\node_modules\regenerator-runtime\runtime.js:63:40)
    at Generator.invoke [as _invoke] (C:\Projects\EmpApi\node_modules\regenerator-runtime\runtime.js:294:22)
    at Generator.next (C:\Projects\EmpApi\node_modules\regenerator-runtime\runtime.js:119:21)
    at asyncGeneratorStep (C:\Projects\EmpApi\node_modules\@babel\runtime\helpers\asyncToGenerator.js:3:24)
    at _next (C:\Projects\EmpApi\node_modules\@babel\runtime\helpers\asyncToGenerator.js:25:9)
    at C:\Projects\EmpApi\node_modules\@babel\runtime\helpers\asyncToGenerator.js:32:7
    at new Promise (<anonymous>)
    at Object.<anonymous> (C:\Projects\EmpApi\node_modules\@babel\runtime\helpers\asyncToGenerator.js:21:12)
    at Object.newUser (C:\Projects\EmpApi\src\services\/user.service.js:12:21)
    at _callee3$ (C:\Projects\EmpApi\src\controllers\/user.controller.js:50:36)
    at tryCatch (C:\Projects\EmpApi\node_modules\regenerator-runtime\runtime.js:63:40)
    at Generator.invoke [as _invoke] (C:\Projects\EmpApi\node_modules\regenerator-runtime\runtime.js:294:22)
    at Generator.next (C:\Projects\EmpApi\node_modules\regenerator-runtime\runtime.js:119:21)
    at asyncGeneratorStep (C:\Projects\EmpApi\node_modules\@babel\runtime\helpers\asyncToGenerator.js:3:24)
    at _next (C:\Projects\EmpApi\node_modules\@babel\runtime\helpers\asyncToGenerator.js:25:9) 
    url - /api/v1/users 
    method - POST 
    IP - ::ffff:127.0.0.1
   {"timestamp":"2022-03-16T10:09:28.715Z"}
info: Server started at http://localhost:3000/api/v1/ {"timestamp":"2022-03-16T10:12:17.478Z"}
info: Connected to the database. {"timestamp":"2022-03-16T10:12:17.502Z"}
info: Server started at http://localhost:3000/api/v1/ {"timestamp":"2022-03-16T10:12:38.257Z"}
info: Connected to the database. {"timestamp":"2022-03-16T10:12:38.276Z"}
info: Connected to the database. {"timestamp":"2022-03-16T10:12:39.347Z"}
info: Server started at http://localhost:3000/api/v1/ {"timestamp":"2022-03-16T10:14:33.715Z"}
info: Connected to the database. {"timestamp":"2022-03-16T10:14:33.731Z"}
info: Connected to the database. {"timestamp":"2022-03-16T10:14:39.471Z"}
info: Server started at http://localhost:3000/api/v1/ {"timestamp":"2022-03-16T10:15:32.808Z"}
info: Connected to the database. {"timestamp":"2022-03-16T10:15:32.834Z"}
info: Connected to the database. {"timestamp":"2022-03-16T10:15:40.857Z"}
info: Server started at http://localhost:3000/api/v1/ {"timestamp":"2022-03-16T10:16:05.723Z"}
info: Connected to the database. {"timestamp":"2022-03-16T10:16:05.752Z"}
info: Connected to the database. {"timestamp":"2022-03-16T10:16:08.537Z"}
info: Server started at http://localhost:3000/api/v1/ {"timestamp":"2022-03-16T10:22:38.604Z"}
info: Connected to the database. {"timestamp":"2022-03-16T10:22:38.621Z"}
info: Server started at http://localhost:3000/api/v1/ {"timestamp":"2022-03-16T10:25:06.537Z"}
info: Connected to the database. {"timestamp":"2022-03-16T10:25:06.558Z"}
info: Server started at http://localhost:3000/api/v1/ {"timestamp":"2022-03-16T10:25:10.602Z"}
info: Connected to the database. {"timestamp":"2022-03-16T10:25:10.625Z"}
info: Connected to the database. {"timestamp":"2022-03-16T10:25:21.044Z"}
error: 
      status - 400
      message - Authorization token is required 
      url - /api/v1/users/6231b8e84b0d893dbdd041db 
      method - GET 
      IP - ::ffff:127.0.0.1
     {"timestamp":"2022-03-16T10:25:38.331Z"}
info: Server started at http://localhost:3000/api/v1/ {"timestamp":"2022-03-16T10:26:03.584Z"}
info: Connected to the database. {"timestamp":"2022-03-16T10:26:03.605Z"}
info: Connected to the database. {"timestamp":"2022-03-16T10:26:05.217Z"}
error: 
    status - 500 
    message - MongoInvalidArgumentError: Query filter must be a plain object or ObjectId
    at new FindOperation (C:\Projects\EmpApi\node_modules\mongodb\src\operations\find.ts:90:13)
    at FindCursor._initialize (C:\Projects\EmpApi\node_modules\mongodb\src\cursor\find_cursor.ts:72:27)
    at next (C:\Projects\EmpApi\node_modules\mongodb\src\cursor\abstract_cursor.ts:667:12)
    at C:\Projects\EmpApi\node_modules\mongodb\src\cursor\abstract_cursor.ts:309:7
    at maybePromise (C:\Projects\EmpApi\node_modules\mongodb\src\utils.ts:609:3)
    at FindCursor.next (C:\Projects\EmpApi\node_modules\mongodb\src\cursor\abstract_cursor.ts:304:24)
    at Collection.findOne (C:\Projects\EmpApi\node_modules\mongodb\src\collection.ts:740:72)
    at _callee5$ (C:\Projects\EmpApi\src\services\/user.service.js:56:22)
    at tryCatch (C:\Projects\EmpApi\node_modules\regenerator-runtime\runtime.js:63:40)
    at Generator.invoke [as _invoke] (C:\Projects\EmpApi\node_modules\regenerator-runtime\runtime.js:294:22)
    at Generator.next (C:\Projects\EmpApi\node_modules\regenerator-runtime\runtime.js:119:21)
    at asyncGeneratorStep (C:\Projects\EmpApi\node_modules\@babel\runtime\helpers\asyncToGenerator.js:3:24)
    at _next (C:\Projects\EmpApi\node_modules\@babel\runtime\helpers\asyncToGenerator.js:25:9)
    at processTicksAndRejections (node:internal/process/task_queues:96:5) 
    url - /api/v1/users/6231b8e84b0d893dbdd041db 
    method - GET 
    IP - ::ffff:127.0.0.1
   {"timestamp":"2022-03-16T10:26:05.284Z"}
info: Server started at http://localhost:3000/api/v1/ {"timestamp":"2022-03-16T10:26:34.891Z"}
info: Connected to the database. {"timestamp":"2022-03-16T10:26:34.911Z"}
info: Connected to the database. {"timestamp":"2022-03-16T10:26:45.473Z"}
error: 
    status - 500 
    message - BSONError: cyclic dependency detected
    at new BSONError (C:\Projects\EmpApi\node_modules\mongodb\node_modules\bson\src\error.ts:4:5)
    at serializeObject (C:\Projects\EmpApi\node_modules\mongodb\node_modules\bson\src\parser\serializer.ts:367:34)
    at serializeInto (C:\Projects\EmpApi\node_modules\mongodb\node_modules\bson\src\parser\serializer.ts:1006:17)
    at serializeObject (C:\Projects\EmpApi\node_modules\mongodb\node_modules\bson\src\parser\serializer.ts:381:20)
    at serializeInto (C:\Projects\EmpApi\node_modules\mongodb\node_modules\bson\src\parser\serializer.ts:1006:17)
    at serializeObject (C:\Projects\EmpApi\node_modules\mongodb\node_modules\bson\src\parser\serializer.ts:381:20)
    at serializeInto (C:\Projects\EmpApi\node_modules\mongodb\node_modules\bson\src\parser\serializer.ts:1006:17)
    at serializeObject (C:\Projects\EmpApi\node_modules\mongodb\node_modules\bson\src\parser\serializer.ts:381:20)
    at Object.serializeInto (C:\Projects\EmpApi\node_modules\mongodb\node_modules\bson\src\parser\serializer.ts:1006:17)
    at Object.serialize (C:\Projects\EmpApi\node_modules\mongodb\node_modules\bson\src\bson.ts:153:30)
    at Msg.serializeBson (C:\Projects\EmpApi\node_modules\mongodb\src\cmap\commands.ts:750:17)
    at Msg.makeDocumentSegment (C:\Projects\EmpApi\node_modules\mongodb\src\cmap\commands.ts:742:33)
    at Msg.toBin (C:\Projects\EmpApi\node_modules\mongodb\src\cmap\commands.ts:728:25)
    at MessageStream.writeCommand (C:\Projects\EmpApi\node_modules\mongodb\src\cmap\message_stream.ts:84:28)
    at write (C:\Projects\EmpApi\node_modules\mongodb\src\cmap\connection.ts:863:26)
    at Connection.command (C:\Projects\EmpApi\node_modules\mongodb\src\cmap\connection.ts:450:7) 
    url - /api/v1/users/6231b8e84b0d893dbdd041db 
    method - GET 
    IP - ::ffff:127.0.0.1
   {"timestamp":"2022-03-16T10:26:45.552Z"}
info: Server started at http://localhost:3000/api/v1/ {"timestamp":"2022-03-16T10:28:25.309Z"}
info: Connected to the database. {"timestamp":"2022-03-16T10:28:25.329Z"}
info: Connected to the database. {"timestamp":"2022-03-16T10:28:28.200Z"}
info: Server started at http://localhost:3000/api/v1/ {"timestamp":"2022-03-16T10:29:37.829Z"}
info: Connected to the database. {"timestamp":"2022-03-16T10:29:37.853Z"}
info: Connected to the database. {"timestamp":"2022-03-16T10:29:46.244Z"}
info: Server started at http://localhost:3000/api/v1/ {"timestamp":"2022-03-16T10:31:47.468Z"}
info: Connected to the database. {"timestamp":"2022-03-16T10:31:47.487Z"}
info: Connected to the database. {"timestamp":"2022-03-16T10:31:51.638Z"}
info: Connected to the database. {"timestamp":"2022-03-16T10:32:01.567Z"}
info: Server started at http://localhost:3000/api/v1/ {"timestamp":"2022-03-16T10:33:38.266Z"}
info: Connected to the database. {"timestamp":"2022-03-16T10:33:38.286Z"}
info: Connected to the database. {"timestamp":"2022-03-16T10:34:04.689Z"}
info: Server started at http://localhost:3000/api/v1/ {"timestamp":"2022-03-16T10:36:24.645Z"}
info: Connected to the database. {"timestamp":"2022-03-16T10:36:24.669Z"}
info: Connected to the database. {"timestamp":"2022-03-16T10:36:34.388Z"}
info: Server started at http://localhost:3000/api/v1/ {"timestamp":"2022-03-16T10:37:08.704Z"}
info: Connected to the database. {"timestamp":"2022-03-16T10:37:08.734Z"}
info: Server started at http://localhost:3000/api/v1/ {"timestamp":"2022-03-16T11:19:47.494Z"}
info: Connected to the database. {"timestamp":"2022-03-16T11:19:47.514Z"}
info: Connected to the database. {"timestamp":"2022-03-16T11:20:18.114Z"}
info: Server started at http://localhost:3000/api/v1/ {"timestamp":"2022-03-16T11:21:30.807Z"}
info: Connected to the database. {"timestamp":"2022-03-16T11:21:30.825Z"}
info: Connected to the database. {"timestamp":"2022-03-16T11:21:34.081Z"}
info: Server started at http://localhost:3000/api/v1/ {"timestamp":"2022-03-16T11:23:05.348Z"}
info: Connected to the database. {"timestamp":"2022-03-16T11:23:05.371Z"}
info: Connected to the database. {"timestamp":"2022-03-16T11:23:22.466Z"}
info: Server started at http://localhost:3000/api/v1/ {"timestamp":"2022-03-16T11:29:33.993Z"}
info: Connected to the database. {"timestamp":"2022-03-16T11:29:34.014Z"}
info: Server started at http://localhost:3000/api/v1/ {"timestamp":"2022-03-16T11:34:04.764Z"}
info: Connected to the database. {"timestamp":"2022-03-16T11:34:04.786Z"}
error: 
    status - 500 
    message - SyntaxError: Unexpected string in JSON at position 77
    at JSON.parse (<anonymous>)
    at parse (C:\Projects\EmpApi\node_modules\body-parser\lib\types\json.js:89:19)
    at C:\Projects\EmpApi\node_modules\body-parser\lib\read.js:121:18
    at invokeCallback (C:\Projects\EmpApi\node_modules\raw-body\index.js:224:16)
    at done (C:\Projects\EmpApi\node_modules\raw-body\index.js:213:7)
    at IncomingMessage.onEnd (C:\Projects\EmpApi\node_modules\raw-body\index.js:273:7)
    at IncomingMessage.emit (node:events:532:35)
    at IncomingMessage.emit (node:domain:475:12)
    at endReadableNT (node:internal/streams/readable:1346:12)
    at processTicksAndRejections (node:internal/process/task_queues:83:21) 
    url - /api/v1/users/ 
    method - GET 
    IP - ::ffff:127.0.0.1
   {"timestamp":"2022-03-16T11:34:10.017Z"}
info: Connected to the database. {"timestamp":"2022-03-16T11:34:17.576Z"}
info: Connected to the database. {"timestamp":"2022-03-16T11:34:24.817Z"}
info: Server started at http://localhost:3000/api/v1/ {"timestamp":"2022-03-17T09:55:58.697Z"}
info: Connected to the database. {"timestamp":"2022-03-17T09:55:58.717Z"}
info: Connected to the database. {"timestamp":"2022-03-17T09:57:28.077Z"}
info: Connected to the database. {"timestamp":"2022-03-17T10:00:00.338Z"}
error: 
    status - 500 
    message - ReferenceError: logger is not defined
    at _callee2$ (C:\Projects\EmpApi\src\services\/user.service.js:28:7)
    at tryCatch (C:\Projects\EmpApi\node_modules\regenerator-runtime\runtime.js:63:40)
    at Generator.invoke [as _invoke] (C:\Projects\EmpApi\node_modules\regenerator-runtime\runtime.js:294:22)
    at Generator.next (C:\Projects\EmpApi\node_modules\regenerator-runtime\runtime.js:119:21)
    at asyncGeneratorStep (C:\Projects\EmpApi\node_modules\@babel\runtime\helpers\asyncToGenerator.js:3:24)
    at _next (C:\Projects\EmpApi\node_modules\@babel\runtime\helpers\asyncToGenerator.js:25:9) 
    url - /api/v1/users/login 
    method - POST 
    IP - ::ffff:127.0.0.1
   {"timestamp":"2022-03-17T10:00:00.438Z"}
info: Server started at http://localhost:3000/api/v1/ {"timestamp":"2022-03-17T10:01:00.511Z"}
info: Connected to the database. {"timestamp":"2022-03-17T10:01:00.529Z"}
info: Connected to the database. {"timestamp":"2022-03-17T10:01:12.874Z"}
info: Login token  eyJhbGciOiJIUzI1NiIsInR5cCI6IkpXVCJ9.eyJpZCI6IjYyMzMwNjA4NzIyMWFlNmJiNTU1NmQ0NSIsImVtYWlsIjoiQWRtaW5AZ21haWwuY29tIiwicm9sZSI6ImFkbWluIiwiaWF0IjoxNjQ3NTExMjcyfQ.hVEVyMGgRWFLiIMSvkF0NQx8hykn_1_OpPgc7hyarqc {"timestamp":"2022-03-17T10:01:12.971Z"}
info: Connected to the database. {"timestamp":"2022-03-17T10:02:43.832Z"}
info: Connected to the database. {"timestamp":"2022-03-17T10:03:14.995Z"}
info: Login token  eyJhbGciOiJIUzI1NiIsInR5cCI6IkpXVCJ9.eyJpZCI6IjYyMzMwNzQzY2MyYTgxY2FhYTMyY2E1MCIsImVtYWlsIjoiRW1wMUBnbWFpbC5jb20iLCJyb2xlIjoidXNlciIsImlhdCI6MTY0NzUxMTM5NX0.sLuSiPEP03dsZ706PfNeodKs8-72G9BUhZvCwWBo4AM {"timestamp":"2022-03-17T10:03:15.155Z"}
info: Connected to the database. {"timestamp":"2022-03-17T10:42:43.586Z"}
info: Login token  eyJhbGciOiJIUzI1NiIsInR5cCI6IkpXVCJ9.eyJpZCI6IjYyMzMwNzQzY2MyYTgxY2FhYTMyY2E1MCIsImVtYWlsIjoiRW1wMUBnbWFpbC5jb20iLCJyb2xlIjoidXNlciIsImlhdCI6MTY0NzUxMzc2M30.jQVZqzrRpUrY5K-cOaVkOxjU9i2zW2fSvPCst4yNmYM {"timestamp":"2022-03-17T10:42:43.833Z"}
info: Connected to the database. {"timestamp":"2022-03-17T10:43:48.916Z"}
info: Login token  eyJhbGciOiJIUzI1NiIsInR5cCI6IkpXVCJ9.eyJpZCI6IjYyMzMwNzQzY2MyYTgxY2FhYTMyY2E1MCIsImVtYWlsIjoiRW1wMUBnbWFpbC5jb20iLCJyb2xlIjoidXNlciIsImlhdCI6MTY0NzUxMzgyOX0.vs7ldC-POZFxUkPkDEwMV_etiSssifJJqxFPWUVFEsE {"timestamp":"2022-03-17T10:43:49.172Z"}
info: Server started at http://localhost:3000/api/v1/ {"timestamp":"2022-03-17T10:47:08.684Z"}
info: Connected to the database. {"timestamp":"2022-03-17T10:47:08.702Z"}
error: 
      status - 400
      message - Authorization token is required 
      url - /api/v1/users 
      method - POST 
      IP - ::ffff:127.0.0.1
     {"timestamp":"2022-03-17T10:47:46.092Z"}
info: Connected to the database. {"timestamp":"2022-03-17T10:53:30.004Z"}
info: Login token  eyJhbGciOiJIUzI1NiIsInR5cCI6IkpXVCJ9.eyJpZCI6IjYyMzMwNjA4NzIyMWFlNmJiNTU1NmQ0NSIsImVtYWlsIjoiQWRtaW5AZ21haWwuY29tIiwicm9sZSI6ImFkbWluIiwiaWF0IjoxNjQ3NTE0NDEwfQ.WQKTxxStfvhIEpTtdoPwwpSPh8_KdaCtB_n4JF-8RTA {"timestamp":"2022-03-17T10:53:30.096Z"}
info: Connected to the database. {"timestamp":"2022-03-17T10:54:45.161Z"}
info: Connected to the database. {"timestamp":"2022-03-17T10:55:06.071Z"}
info: Server started at http://localhost:3000/api/v1/ {"timestamp":"2022-03-21T10:34:07.005Z"}
info: Connected to the database. {"timestamp":"2022-03-21T10:34:07.026Z"}
info: Connected to the database. {"timestamp":"2022-03-21T10:38:14.845Z"}
info: Login token  eyJhbGciOiJIUzI1NiIsInR5cCI6IkpXVCJ9.eyJpZCI6IjYyMzMwNzQzY2MyYTgxY2FhYTMyY2E1MCIsImVtYWlsIjoiRW1wMUBnbWFpbC5jb20iLCJyb2xlIjoidXNlciIsImlhdCI6MTY0Nzg1OTA5NX0.JGcwYOQs38uUslVr9PoR04ujDnn61mWTSJW378yIKjQ {"timestamp":"2022-03-21T10:38:15.141Z"}
info: Connected to the database. {"timestamp":"2022-03-21T12:06:22.678Z"}
info: Login token  eyJhbGciOiJIUzI1NiIsInR5cCI6IkpXVCJ9.eyJpZCI6IjYyMzMwNzQzY2MyYTgxY2FhYTMyY2E1MCIsImVtYWlsIjoiRW1wMUBnbWFpbC5jb20iLCJyb2xlIjoidXNlciIsImlhdCI6MTY0Nzg2NDM4Mn0.qSEK-xNj3wL75XL661s9PPuVQ48Te8JlFFjrcwjVYTw {"timestamp":"2022-03-21T12:06:22.923Z"}
info: Server started at http://localhost:3000/api/v1/ {"timestamp":"2022-03-23T05:44:12.880Z"}
info: Connected to the database. {"timestamp":"2022-03-23T05:44:12.904Z"}
info: Connected to the database. {"timestamp":"2022-03-23T08:13:29.088Z"}
info: Login token  eyJhbGciOiJIUzI1NiIsInR5cCI6IkpXVCJ9.eyJpZCI6IjYyMzMwNzQzY2MyYTgxY2FhYTMyY2E1MCIsImVtYWlsIjoiRW1wMUBnbWFpbC5jb20iLCJyb2xlIjoidXNlciIsImlhdCI6MTY0ODAyMzIwOX0.NR144kVfra99ScTRwJNNAEdp4ctBR4stYvtPqEwmxnQ {"timestamp":"2022-03-23T08:13:29.406Z"}
info: Connected to the database. {"timestamp":"2022-03-23T08:16:18.506Z"}
info: Login token  eyJhbGciOiJIUzI1NiIsInR5cCI6IkpXVCJ9.eyJpZCI6IjYyMzMwNzQzY2MyYTgxY2FhYTMyY2E1MCIsImVtYWlsIjoiRW1wMUBnbWFpbC5jb20iLCJyb2xlIjoidXNlciIsImlhdCI6MTY0ODAyMzM3OH0.mZ2I8SSw6Kfm-iS98wbUaQz8GtmDmOEt0rZ1m5-yUJY {"timestamp":"2022-03-23T08:16:18.730Z"}
info: Connected to the database. {"timestamp":"2022-03-23T08:17:50.698Z"}
info: Login token  eyJhbGciOiJIUzI1NiIsInR5cCI6IkpXVCJ9.eyJpZCI6IjYyMzMwNzQzY2MyYTgxY2FhYTMyY2E1MCIsImVtYWlsIjoiRW1wMUBnbWFpbC5jb20iLCJyb2xlIjoidXNlciIsImlhdCI6MTY0ODAyMzQ3MH0.i1_DBPaJfYkYStx9VkSygQOhqFbUwhrQe80vO-X2zvM {"timestamp":"2022-03-23T08:17:50.934Z"}
info: Connected to the database. {"timestamp":"2022-03-23T08:33:26.640Z"}
info: Login token  eyJhbGciOiJIUzI1NiIsInR5cCI6IkpXVCJ9.eyJpZCI6IjYyMzMwNzQzY2MyYTgxY2FhYTMyY2E1MCIsImVtYWlsIjoiRW1wMUBnbWFpbC5jb20iLCJyb2xlIjoidXNlciIsImlhdCI6MTY0ODAyNDQwNn0.tzDLMRHfwCVC0y5y62voyoTwqkk74gZ7UdWsfptIRKs {"timestamp":"2022-03-23T08:33:26.897Z"}
info: Connected to the database. {"timestamp":"2022-03-23T09:04:48.209Z"}
info: Login token  eyJhbGciOiJIUzI1NiIsInR5cCI6IkpXVCJ9.eyJpZCI6IjYyMzMwNzQzY2MyYTgxY2FhYTMyY2E1MCIsImVtYWlsIjoiRW1wMUBnbWFpbC5jb20iLCJyb2xlIjoidXNlciIsImlhdCI6MTY0ODAyNjI4OH0._5CGhRY3Z7sI9blATjXLLN8W7MDDWp5s2_TuOWikQ0w {"timestamp":"2022-03-23T09:04:48.467Z"}
info: Server started at http://localhost:3000/api/v1/ {"timestamp":"2022-03-23T10:54:42.239Z"}
info: Connected to the database. {"timestamp":"2022-03-23T10:54:42.254Z"}
info: Connected to the database. {"timestamp":"2022-03-23T11:03:43.797Z"}
error: 
    status - 500 
    message - undefined 
    url - /api/v1/users/login 
    method - POST 
    IP - ::1
   {"timestamp":"2022-03-23T11:03:43.971Z"}
info: Connected to the database. {"timestamp":"2022-03-23T11:03:58.098Z"}
info: Login token  eyJhbGciOiJIUzI1NiIsInR5cCI6IkpXVCJ9.eyJpZCI6IjYyMzMwNzQzY2MyYTgxY2FhYTMyY2E1MCIsImVtYWlsIjoiRW1wMUBnbWFpbC5jb20iLCJyb2xlIjoidXNlciIsImlhdCI6MTY0ODAzMzQzOH0.J4ZhF_3MVGexytFWufAKbgwUgOOeE2V6w7-Km0NHVDY {"timestamp":"2022-03-23T11:03:58.239Z"}
info: Connected to the database. {"timestamp":"2022-03-23T11:12:33.613Z"}
info: Login token  eyJhbGciOiJIUzI1NiIsInR5cCI6IkpXVCJ9.eyJpZCI6IjYyMzMwNzQzY2MyYTgxY2FhYTMyY2E1MCIsImVtYWlsIjoiRW1wMUBnbWFpbC5jb20iLCJyb2xlIjoidXNlciIsImlhdCI6MTY0ODAzMzk1M30.xOwIn1SMgDkqUn2JGmRKWiaKtK871BDfZpCLZSaayIc {"timestamp":"2022-03-23T11:12:33.761Z"}
info: Connected to the database. {"timestamp":"2022-03-23T11:16:15.142Z"}
info: Login token  eyJhbGciOiJIUzI1NiIsInR5cCI6IkpXVCJ9.eyJpZCI6IjYyMzMwNzQzY2MyYTgxY2FhYTMyY2E1MCIsImVtYWlsIjoiRW1wMUBnbWFpbC5jb20iLCJyb2xlIjoidXNlciIsImlhdCI6MTY0ODAzNDE3NX0.8dOAq1u2c0wIW7je5fnZaG79zlGuRxdN4N7674Ie4IE {"timestamp":"2022-03-23T11:16:15.282Z"}
info: Server started at http://localhost:3000/api/v1/ {"timestamp":"2022-03-23T13:41:05.118Z"}
info: Connected to the database. {"timestamp":"2022-03-23T13:41:05.142Z"}
info: Connected to the database. {"timestamp":"2022-03-23T13:41:29.046Z"}
info: Login token  eyJhbGciOiJIUzI1NiIsInR5cCI6IkpXVCJ9.eyJpZCI6IjYyMzMwNzQzY2MyYTgxY2FhYTMyY2E1MCIsImVtYWlsIjoiRW1wMUBnbWFpbC5jb20iLCJyb2xlIjoidXNlciIsImlhdCI6MTY0ODA0Mjg4OX0.OKILfQNivqS7KFrFIfwLS9ho9d1kmzJhAL2GFuabEVc {"timestamp":"2022-03-23T13:41:29.352Z"}
