error: 
    status - 500 
    message - TypeError: dbconnect is not a function
    at _callee2$ (C:\Projects\EmpApi\src\services\/user.service.js:15:19)
    at tryCatch (C:\Projects\EmpApi\node_modules\regenerator-runtime\runtime.js:63:40)
    at Generator.invoke [as _invoke] (C:\Projects\EmpApi\node_modules\regenerator-runtime\runtime.js:294:22)
    at Generator.next (C:\Projects\EmpApi\node_modules\regenerator-runtime\runtime.js:119:21)
    at asyncGeneratorStep (C:\Projects\EmpApi\node_modules\@babel\runtime\helpers\asyncToGenerator.js:3:24)
    at _next (C:\Projects\EmpApi\node_modules\@babel\runtime\helpers\asyncToGenerator.js:25:9)
    at C:\Projects\EmpApi\node_modules\@babel\runtime\helpers\asyncToGenerator.js:32:7
    at new Promise (<anonymous>)
    at Object.<anonymous> (C:\Projects\EmpApi\node_modules\@babel\runtime\helpers\asyncToGenerator.js:21:12)
    at Object.newUser (C:\Projects\EmpApi\src\services\/user.service.js:12:21)
    at _callee3$ (C:\Projects\EmpApi\src\controllers\/user.controller.js:50:36)
    at tryCatch (C:\Projects\EmpApi\node_modules\regenerator-runtime\runtime.js:63:40)
    at Generator.invoke [as _invoke] (C:\Projects\EmpApi\node_modules\regenerator-runtime\runtime.js:294:22)
    at Generator.next (C:\Projects\EmpApi\node_modules\regenerator-runtime\runtime.js:119:21)
    at asyncGeneratorStep (C:\Projects\EmpApi\node_modules\@babel\runtime\helpers\asyncToGenerator.js:3:24)
    at _next (C:\Projects\EmpApi\node_modules\@babel\runtime\helpers\asyncToGenerator.js:25:9) 
    url - /api/v1/users 
    method - POST 
    IP - ::ffff:127.0.0.1
   {"timestamp":"2022-03-16T10:01:54.951Z"}
error: 
    status - 500 
    message - TypeError: dbconnect is not a function
    at _callee2$ (C:\Projects\EmpApi\src\services\/user.service.js:15:19)
    at tryCatch (C:\Projects\EmpApi\node_modules\regenerator-runtime\runtime.js:63:40)
    at Generator.invoke [as _invoke] (C:\Projects\EmpApi\node_modules\regenerator-runtime\runtime.js:294:22)
    at Generator.next (C:\Projects\EmpApi\node_modules\regenerator-runtime\runtime.js:119:21)
    at asyncGeneratorStep (C:\Projects\EmpApi\node_modules\@babel\runtime\helpers\asyncToGenerator.js:3:24)
    at _next (C:\Projects\EmpApi\node_modules\@babel\runtime\helpers\asyncToGenerator.js:25:9)
    at C:\Projects\EmpApi\node_modules\@babel\runtime\helpers\asyncToGenerator.js:32:7
    at new Promise (<anonymous>)
    at Object.<anonymous> (C:\Projects\EmpApi\node_modules\@babel\runtime\helpers\asyncToGenerator.js:21:12)
    at Object.newUser (C:\Projects\EmpApi\src\services\/user.service.js:12:21)
    at _callee3$ (C:\Projects\EmpApi\src\controllers\/user.controller.js:50:36)
    at tryCatch (C:\Projects\EmpApi\node_modules\regenerator-runtime\runtime.js:63:40)
    at Generator.invoke [as _invoke] (C:\Projects\EmpApi\node_modules\regenerator-runtime\runtime.js:294:22)
    at Generator.next (C:\Projects\EmpApi\node_modules\regenerator-runtime\runtime.js:119:21)
    at asyncGeneratorStep (C:\Projects\EmpApi\node_modules\@babel\runtime\helpers\asyncToGenerator.js:3:24)
    at _next (C:\Projects\EmpApi\node_modules\@babel\runtime\helpers\asyncToGenerator.js:25:9) 
    url - /api/v1/users 
    method - POST 
    IP - ::ffff:127.0.0.1
   {"timestamp":"2022-03-16T10:08:18.091Z"}
error: 
    status - 500 
    message - ReferenceError: insertOne is not defined
    at _callee2$ (C:\Projects\EmpApi\src\services\/user.service.js:12:24)
    at tryCatch (C:\Projects\EmpApi\node_modules\regenerator-runtime\runtime.js:63:40)
    at Generator.invoke [as _invoke] (C:\Projects\EmpApi\node_modules\regenerator-runtime\runtime.js:294:22)
    at Generator.next (C:\Projects\EmpApi\node_modules\regenerator-runtime\runtime.js:119:21)
    at asyncGeneratorStep (C:\Projects\EmpApi\node_modules\@babel\runtime\helpers\asyncToGenerator.js:3:24)
    at _next (C:\Projects\EmpApi\node_modules\@babel\runtime\helpers\asyncToGenerator.js:25:9)
    at C:\Projects\EmpApi\node_modules\@babel\runtime\helpers\asyncToGenerator.js:32:7
    at new Promise (<anonymous>)
    at Object.<anonymous> (C:\Projects\EmpApi\node_modules\@babel\runtime\helpers\asyncToGenerator.js:21:12)
    at Object.newUser (C:\Projects\EmpApi\src\services\/user.service.js:12:21)
    at _callee3$ (C:\Projects\EmpApi\src\controllers\/user.controller.js:50:36)
    at tryCatch (C:\Projects\EmpApi\node_modules\regenerator-runtime\runtime.js:63:40)
    at Generator.invoke [as _invoke] (C:\Projects\EmpApi\node_modules\regenerator-runtime\runtime.js:294:22)
    at Generator.next (C:\Projects\EmpApi\node_modules\regenerator-runtime\runtime.js:119:21)
    at asyncGeneratorStep (C:\Projects\EmpApi\node_modules\@babel\runtime\helpers\asyncToGenerator.js:3:24)
    at _next (C:\Projects\EmpApi\node_modules\@babel\runtime\helpers\asyncToGenerator.js:25:9) 
    url - /api/v1/users 
    method - POST 
    IP - ::ffff:127.0.0.1
   {"timestamp":"2022-03-16T10:09:28.715Z"}
error: 
      status - 400
      message - Authorization token is required 
      url - /api/v1/users/6231b8e84b0d893dbdd041db 
      method - GET 
      IP - ::ffff:127.0.0.1
     {"timestamp":"2022-03-16T10:25:38.331Z"}
error: 
    status - 500 
    message - MongoInvalidArgumentError: Query filter must be a plain object or ObjectId
    at new FindOperation (C:\Projects\EmpApi\node_modules\mongodb\src\operations\find.ts:90:13)
    at FindCursor._initialize (C:\Projects\EmpApi\node_modules\mongodb\src\cursor\find_cursor.ts:72:27)
    at next (C:\Projects\EmpApi\node_modules\mongodb\src\cursor\abstract_cursor.ts:667:12)
    at C:\Projects\EmpApi\node_modules\mongodb\src\cursor\abstract_cursor.ts:309:7
    at maybePromise (C:\Projects\EmpApi\node_modules\mongodb\src\utils.ts:609:3)
    at FindCursor.next (C:\Projects\EmpApi\node_modules\mongodb\src\cursor\abstract_cursor.ts:304:24)
    at Collection.findOne (C:\Projects\EmpApi\node_modules\mongodb\src\collection.ts:740:72)
    at _callee5$ (C:\Projects\EmpApi\src\services\/user.service.js:56:22)
    at tryCatch (C:\Projects\EmpApi\node_modules\regenerator-runtime\runtime.js:63:40)
    at Generator.invoke [as _invoke] (C:\Projects\EmpApi\node_modules\regenerator-runtime\runtime.js:294:22)
    at Generator.next (C:\Projects\EmpApi\node_modules\regenerator-runtime\runtime.js:119:21)
    at asyncGeneratorStep (C:\Projects\EmpApi\node_modules\@babel\runtime\helpers\asyncToGenerator.js:3:24)
    at _next (C:\Projects\EmpApi\node_modules\@babel\runtime\helpers\asyncToGenerator.js:25:9)
    at processTicksAndRejections (node:internal/process/task_queues:96:5) 
    url - /api/v1/users/6231b8e84b0d893dbdd041db 
    method - GET 
    IP - ::ffff:127.0.0.1
   {"timestamp":"2022-03-16T10:26:05.284Z"}
error: 
    status - 500 
    message - BSONError: cyclic dependency detected
    at new BSONError (C:\Projects\EmpApi\node_modules\mongodb\node_modules\bson\src\error.ts:4:5)
    at serializeObject (C:\Projects\EmpApi\node_modules\mongodb\node_modules\bson\src\parser\serializer.ts:367:34)
    at serializeInto (C:\Projects\EmpApi\node_modules\mongodb\node_modules\bson\src\parser\serializer.ts:1006:17)
    at serializeObject (C:\Projects\EmpApi\node_modules\mongodb\node_modules\bson\src\parser\serializer.ts:381:20)
    at serializeInto (C:\Projects\EmpApi\node_modules\mongodb\node_modules\bson\src\parser\serializer.ts:1006:17)
    at serializeObject (C:\Projects\EmpApi\node_modules\mongodb\node_modules\bson\src\parser\serializer.ts:381:20)
    at serializeInto (C:\Projects\EmpApi\node_modules\mongodb\node_modules\bson\src\parser\serializer.ts:1006:17)
    at serializeObject (C:\Projects\EmpApi\node_modules\mongodb\node_modules\bson\src\parser\serializer.ts:381:20)
    at Object.serializeInto (C:\Projects\EmpApi\node_modules\mongodb\node_modules\bson\src\parser\serializer.ts:1006:17)
    at Object.serialize (C:\Projects\EmpApi\node_modules\mongodb\node_modules\bson\src\bson.ts:153:30)
    at Msg.serializeBson (C:\Projects\EmpApi\node_modules\mongodb\src\cmap\commands.ts:750:17)
    at Msg.makeDocumentSegment (C:\Projects\EmpApi\node_modules\mongodb\src\cmap\commands.ts:742:33)
    at Msg.toBin (C:\Projects\EmpApi\node_modules\mongodb\src\cmap\commands.ts:728:25)
    at MessageStream.writeCommand (C:\Projects\EmpApi\node_modules\mongodb\src\cmap\message_stream.ts:84:28)
    at write (C:\Projects\EmpApi\node_modules\mongodb\src\cmap\connection.ts:863:26)
    at Connection.command (C:\Projects\EmpApi\node_modules\mongodb\src\cmap\connection.ts:450:7) 
    url - /api/v1/users/6231b8e84b0d893dbdd041db 
    method - GET 
    IP - ::ffff:127.0.0.1
   {"timestamp":"2022-03-16T10:26:45.552Z"}
error: 
    status - 500 
    message - SyntaxError: Unexpected string in JSON at position 77
    at JSON.parse (<anonymous>)
    at parse (C:\Projects\EmpApi\node_modules\body-parser\lib\types\json.js:89:19)
    at C:\Projects\EmpApi\node_modules\body-parser\lib\read.js:121:18
    at invokeCallback (C:\Projects\EmpApi\node_modules\raw-body\index.js:224:16)
    at done (C:\Projects\EmpApi\node_modules\raw-body\index.js:213:7)
    at IncomingMessage.onEnd (C:\Projects\EmpApi\node_modules\raw-body\index.js:273:7)
    at IncomingMessage.emit (node:events:532:35)
    at IncomingMessage.emit (node:domain:475:12)
    at endReadableNT (node:internal/streams/readable:1346:12)
    at processTicksAndRejections (node:internal/process/task_queues:83:21) 
    url - /api/v1/users/ 
    method - GET 
    IP - ::ffff:127.0.0.1
   {"timestamp":"2022-03-16T11:34:10.017Z"}
error: 
    status - 500 
    message - ReferenceError: logger is not defined
    at _callee2$ (C:\Projects\EmpApi\src\services\/user.service.js:28:7)
    at tryCatch (C:\Projects\EmpApi\node_modules\regenerator-runtime\runtime.js:63:40)
    at Generator.invoke [as _invoke] (C:\Projects\EmpApi\node_modules\regenerator-runtime\runtime.js:294:22)
    at Generator.next (C:\Projects\EmpApi\node_modules\regenerator-runtime\runtime.js:119:21)
    at asyncGeneratorStep (C:\Projects\EmpApi\node_modules\@babel\runtime\helpers\asyncToGenerator.js:3:24)
    at _next (C:\Projects\EmpApi\node_modules\@babel\runtime\helpers\asyncToGenerator.js:25:9) 
    url - /api/v1/users/login 
    method - POST 
    IP - ::ffff:127.0.0.1
   {"timestamp":"2022-03-17T10:00:00.438Z"}
error: 
      status - 400
      message - Authorization token is required 
      url - /api/v1/users 
      method - POST 
      IP - ::ffff:127.0.0.1
     {"timestamp":"2022-03-17T10:47:46.092Z"}
error: 
    status - 500 
    message - undefined 
    url - /api/v1/users/login 
    method - POST 
    IP - ::1
   {"timestamp":"2022-03-23T11:03:43.971Z"}
